[ 2017-12-05T14:32:46+08:00 ] 127.0.0.1 /
INFO: [ app_init ] --START--
INFO: Run Behavior\BuildLiteBehavior [ RunTime:0.000009s ]
INFO: [ app_init ] --END-- [ RunTime:0.000474s ]
INFO: [ app_begin ] --START--
INFO: Run Behavior\ReadHtmlCacheBehavior [ RunTime:0.000469s ]
INFO: [ app_begin ] --END-- [ RunTime:0.000493s ]
SQL: SHOW COLUMNS FROM `t_sale_operation_account` [ RunTime:0.0067s ]

[ 2017-12-05T14:32:46+08:00 ] 127.0.0.1 /user/login
INFO: [ app_init ] --START--
INFO: Run Behavior\BuildLiteBehavior [ RunTime:0.000005s ]
INFO: [ app_init ] --END-- [ RunTime:0.000178s ]
INFO: [ app_begin ] --START--
INFO: Run Behavior\ReadHtmlCacheBehavior [ RunTime:0.000190s ]
INFO: [ app_begin ] --END-- [ RunTime:0.000203s ]
SQL: SHOW COLUMNS FROM `t_sale_operation_account` [ RunTime:0.0082s ]
NOTIC: [8] Undefined offset: 3 /data/webdata/sale_operation_admin/Application/PeopleSoft/Library/BaseController.class.php 第 112 行.
INFO: [ view_parse ] --START--
INFO: [ template_filter ] --START--
INFO: Run Behavior\ContentReplaceBehavior [ RunTime:0.000028s ]
INFO: [ template_filter ] --END-- [ RunTime:0.000050s ]
INFO: Run Behavior\ParseTemplateBehavior [ RunTime:0.005656s ]
INFO: [ view_parse ] --END-- [ RunTime:0.005677s ]
INFO: [ view_filter ] --START--
INFO: Run Behavior\WriteHtmlCacheBehavior [ RunTime:0.000345s ]
INFO: [ view_filter ] --END-- [ RunTime:0.000360s ]
INFO: [ app_end ] --START--
INFO: Run Behavior\ShowPageTraceBehavior [ RunTime:0.000637s ]
INFO: [ app_end ] --END-- [ RunTime:0.000652s ]

[ 2017-12-05T14:32:47+08:00 ] 127.0.0.1 /user/login
INFO: [ app_init ] --START--
INFO: Run Behavior\BuildLiteBehavior [ RunTime:0.000007s ]
INFO: [ app_init ] --END-- [ RunTime:0.000154s ]
INFO: [ app_begin ] --START--
INFO: Run Behavior\ReadHtmlCacheBehavior [ RunTime:0.000259s ]
INFO: [ app_begin ] --END-- [ RunTime:0.000291s ]
SQL: SHOW COLUMNS FROM `t_sale_operation_account` [ RunTime:0.0064s ]
NOTIC: [8] Undefined offset: 3 /data/webdata/sale_operation_admin/Application/PeopleSoft/Library/BaseController.class.php 第 112 行.
INFO: [ view_parse ] --START--
INFO: [ template_filter ] --START--
INFO: Run Behavior\ContentReplaceBehavior [ RunTime:0.000038s ]
INFO: [ template_filter ] --END-- [ RunTime:0.000074s ]
INFO: Run Behavior\ParseTemplateBehavior [ RunTime:0.003108s ]
INFO: [ view_parse ] --END-- [ RunTime:0.003123s ]
INFO: [ view_filter ] --START--
INFO: Run Behavior\WriteHtmlCacheBehavior [ RunTime:0.000115s ]
INFO: [ view_filter ] --END-- [ RunTime:0.000123s ]
INFO: [ app_end ] --START--
INFO: Run Behavior\ShowPageTraceBehavior [ RunTime:0.000225s ]
INFO: [ app_end ] --END-- [ RunTime:0.000234s ]

[ 2017-12-05T14:32:50+08:00 ] 127.0.0.1 /user/login
INFO: [ app_init ] --START--
INFO: Run Behavior\BuildLiteBehavior [ RunTime:0.000005s ]
INFO: [ app_init ] --END-- [ RunTime:0.000130s ]
INFO: [ app_begin ] --START--
INFO: Run Behavior\ReadHtmlCacheBehavior [ RunTime:0.000217s ]
INFO: [ app_begin ] --END-- [ RunTime:0.000229s ]
SQL: SHOW COLUMNS FROM `t_sale_operation_account` [ RunTime:0.0077s ]
NOTIC: [8] Undefined offset: 3 /data/webdata/sale_operation_admin/Application/PeopleSoft/Library/BaseController.class.php 第 112 行.
SQL: SHOW COLUMNS FROM `t_sale_operation_account` [ RunTime:0.0075s ]
SQL: SELECT * FROM `t_sale_operation_account` WHERE ( Faccount = 'admin' ) LIMIT 1   [ RunTime:0.0064s ]
SQL: SHOW COLUMNS FROM `t_sale_operation_log` [ RunTime:0.0164s ]
SQL: INSERT INTO `t_sale_operation_log` (`uid`,`account`,`content`,`type`,`create_at`) VALUES ('1','admin','{\"userAgent\":\"Mozilla\\/5.0 (Macintosh; Intel Mac OS X 10_12_6) AppleWebKit\\/537.36 (KHTML, like Gecko) Chrome\\/62.0.3202.94 Safari\\/537.36\",\"userIP\":\"127.0.0.1\"}','1','1512455570') [ RunTime:0.0079s ]
SQL: UPDATE `t_sale_operation_account` SET `FlastLoginTime`='1512455570',`FloginCount`='107',`FlastLoginIp`='127.0.0.1' WHERE ( Faccount = 'admin' ) [ RunTime:0.0075s ]

[ 2017-12-05T14:32:51+08:00 ] 127.0.0.1 /index
INFO: [ app_init ] --START--
INFO: Run Behavior\BuildLiteBehavior [ RunTime:0.000006s ]
INFO: [ app_init ] --END-- [ RunTime:0.000132s ]
INFO: [ app_begin ] --START--
INFO: Run Behavior\ReadHtmlCacheBehavior [ RunTime:0.000169s ]
INFO: [ app_begin ] --END-- [ RunTime:0.000181s ]
SQL: SHOW COLUMNS FROM `t_sale_operation_account` [ RunTime:0.0055s ]
SQL: SHOW COLUMNS FROM `t_sale_operation_menu` [ RunTime:0.0083s ]
SQL: SELECT `id`,`name`,`class`,`level`,`controller` FROM `t_sale_operation_menu` WHERE ( status = 1 and pid = 0 ) ORDER BY id desc  [ RunTime:0.0060s ]
SQL: SELECT * FROM `t_sale_operation_menu` WHERE ( pid = 51 and status = 1 )  [ RunTime:0.0059s ]
SQL: SELECT * FROM `t_sale_operation_menu` WHERE ( pid = 32 and status = 1 )  [ RunTime:0.0071s ]
SQL: SELECT * FROM `t_sale_operation_menu` WHERE ( pid = 11 and status = 1 )  [ RunTime:0.0073s ]
SQL: SELECT * FROM `t_sale_operation_menu` WHERE ( pid = 2 and status = 1 )  [ RunTime:0.0075s ]
SQL: SHOW COLUMNS FROM `t_sale_operation_auth_group_access` [ RunTime:0.0053s ]
SQL: SELECT `uid`,`group_id`,`title`,`rules` FROM t_sale_operation_auth_group_access a INNER JOIN t_sale_operation_auth_group g on a.group_id=g.id  WHERE ( a.uid='1' and g.status='1' )  [ RunTime:0.0136s ]
SQL: SHOW COLUMNS FROM `t_sale_operation_auth_rule` [ RunTime:0.0067s ]
SQL: SELECT `condition`,`name` FROM `t_sale_operation_auth_rule` WHERE `id` IN ('7','34','3','73','82','4','19','5','18','81','72','79','80','83','84','85','86','87','35','1','12','52','64','65','2','54','55','59','60','8','9','56','57','58','70','10','51','61','62','67','66','69','74','75','78','76','77') AND `status` = 1  [ RunTime:0.0073s ]
NOTIC: [8] Undefined offset: 3 /data/webdata/sale_operation_admin/Application/PeopleSoft/Library/BaseController.class.php 第 112 行.
NOTIC: [8] Undefined offset: 3 /data/webdata/sale_operation_admin/Application/PeopleSoft/Library/BaseController.class.php 第 112 行.
SQL: SHOW COLUMNS FROM `t_sale_accoutinfo` [ RunTime:0.0107s ]
SQL: SHOW COLUMNS FROM `t_sale_accoutinfo` [ RunTime:0.0072s ]
SQL: SELECT COUNT(*) AS tp_count FROM `t_sale_accoutinfo` LIMIT 1   [ RunTime:0.0068s ]
SQL: SHOW COLUMNS FROM `t_sale_orderinfo` [ RunTime:0.0056s ]
SQL: SELECT COUNT(*) AS tp_count FROM `t_sale_orderinfo` LIMIT 1   [ RunTime:0.0081s ]
SQL: SHOW COLUMNS FROM `t_sale_supplies` [ RunTime:0.0058s ]
SQL: SELECT COUNT(*) AS tp_count FROM `t_sale_supplies` LIMIT 1   [ RunTime:0.0065s ]
SQL: SELECT COUNT(*) AS tp_count FROM `t_sale_orderinfo` WHERE ( order_status = 4 ) LIMIT 1   [ RunTime:0.0064s ]
INFO: [ view_parse ] --START--
INFO: [ template_filter ] --START--
INFO: Run Behavior\ContentReplaceBehavior [ RunTime:0.000033s ]
INFO: [ template_filter ] --END-- [ RunTime:0.000052s ]
NOTIC: [8] Undefined variable: controllerName /data/webdata/sale_operation_admin/Application/Runtime/Cache/PeopleSoft/220f8b7fcd99d94a83c3aa30e9f4f42c.php 第 45 行.
NOTIC: [8] Undefined variable: controllerName /data/webdata/sale_operation_admin/Application/Runtime/Cache/PeopleSoft/220f8b7fcd99d94a83c3aa30e9f4f42c.php 第 45 行.
NOTIC: [8] Undefined variable: controllerName /data/webdata/sale_operation_admin/Application/Runtime/Cache/PeopleSoft/220f8b7fcd99d94a83c3aa30e9f4f42c.php 第 45 行.
INFO: Run Behavior\ParseTemplateBehavior [ RunTime:0.009136s ]
INFO: [ view_parse ] --END-- [ RunTime:0.009149s ]
INFO: [ view_filter ] --START--
INFO: Run Behavior\WriteHtmlCacheBehavior [ RunTime:0.000071s ]
INFO: [ view_filter ] --END-- [ RunTime:0.000080s ]
INFO: [ app_end ] --START--
INFO: Run Behavior\ShowPageTraceBehavior [ RunTime:0.000286s ]
INFO: [ app_end ] --END-- [ RunTime:0.000297s ]

[ 2017-12-05T14:32:55+08:00 ] 127.0.0.1 /index
INFO: [ app_init ] --START--
INFO: Run Behavior\BuildLiteBehavior [ RunTime:0.000007s ]
INFO: [ app_init ] --END-- [ RunTime:0.000159s ]
INFO: [ app_begin ] --START--
INFO: Run Behavior\ReadHtmlCacheBehavior [ RunTime:0.000183s ]
INFO: [ app_begin ] --END-- [ RunTime:0.000198s ]
SQL: SHOW COLUMNS FROM `t_sale_operation_account` [ RunTime:0.0076s ]
SQL: SHOW COLUMNS FROM `t_sale_operation_menu` [ RunTime:0.0068s ]
SQL: SELECT `id`,`name`,`class`,`level`,`controller` FROM `t_sale_operation_menu` WHERE ( status = 1 and pid = 0 ) ORDER BY id desc  [ RunTime:0.0107s ]
SQL: SELECT * FROM `t_sale_operation_menu` WHERE ( pid = 51 and status = 1 )  [ RunTime:0.0062s ]
SQL: SELECT * FROM `t_sale_operation_menu` WHERE ( pid = 32 and status = 1 )  [ RunTime:0.0083s ]
SQL: SELECT * FROM `t_sale_operation_menu` WHERE ( pid = 11 and status = 1 )  [ RunTime:0.0066s ]
SQL: SELECT * FROM `t_sale_operation_menu` WHERE ( pid = 2 and status = 1 )  [ RunTime:0.0069s ]
SQL: SHOW COLUMNS FROM `t_sale_operation_auth_group_access` [ RunTime:0.0062s ]
SQL: SELECT `uid`,`group_id`,`title`,`rules` FROM t_sale_operation_auth_group_access a INNER JOIN t_sale_operation_auth_group g on a.group_id=g.id  WHERE ( a.uid='1' and g.status='1' )  [ RunTime:0.0063s ]
SQL: SHOW COLUMNS FROM `t_sale_operation_auth_rule` [ RunTime:0.0072s ]
SQL: SELECT `condition`,`name` FROM `t_sale_operation_auth_rule` WHERE `id` IN ('7','34','3','73','82','4','19','5','18','81','72','79','80','83','84','85','86','87','35','1','12','52','64','65','2','54','55','59','60','8','9','56','57','58','70','10','51','61','62','67','66','69','74','75','78','76','77') AND `status` = 1  [ RunTime:0.0078s ]
NOTIC: [8] Undefined offset: 3 /data/webdata/sale_operation_admin/Application/PeopleSoft/Library/BaseController.class.php 第 112 行.
NOTIC: [8] Undefined offset: 3 /data/webdata/sale_operation_admin/Application/PeopleSoft/Library/BaseController.class.php 第 112 行.
SQL: SHOW COLUMNS FROM `t_sale_accoutinfo` [ RunTime:0.0071s ]
SQL: SHOW COLUMNS FROM `t_sale_accoutinfo` [ RunTime:0.0070s ]
SQL: SELECT COUNT(*) AS tp_count FROM `t_sale_accoutinfo` LIMIT 1   [ RunTime:0.0063s ]
SQL: SHOW COLUMNS FROM `t_sale_orderinfo` [ RunTime:0.0074s ]
SQL: SELECT COUNT(*) AS tp_count FROM `t_sale_orderinfo` LIMIT 1   [ RunTime:0.0050s ]
SQL: SHOW COLUMNS FROM `t_sale_supplies` [ RunTime:0.0151s ]
SQL: SELECT COUNT(*) AS tp_count FROM `t_sale_supplies` LIMIT 1   [ RunTime:0.0099s ]
SQL: SELECT COUNT(*) AS tp_count FROM `t_sale_orderinfo` WHERE ( order_status = 4 ) LIMIT 1   [ RunTime:0.0063s ]
INFO: [ view_parse ] --START--
INFO: [ template_filter ] --START--
INFO: Run Behavior\ContentReplaceBehavior [ RunTime:0.000038s ]
INFO: [ template_filter ] --END-- [ RunTime:0.000061s ]
NOTIC: [8] Undefined variable: controllerName /data/webdata/sale_operation_admin/Application/Runtime/Cache/PeopleSoft/220f8b7fcd99d94a83c3aa30e9f4f42c.php 第 45 行.
NOTIC: [8] Undefined variable: controllerName /data/webdata/sale_operation_admin/Application/Runtime/Cache/PeopleSoft/220f8b7fcd99d94a83c3aa30e9f4f42c.php 第 45 行.
NOTIC: [8] Undefined variable: controllerName /data/webdata/sale_operation_admin/Application/Runtime/Cache/PeopleSoft/220f8b7fcd99d94a83c3aa30e9f4f42c.php 第 45 行.
INFO: Run Behavior\ParseTemplateBehavior [ RunTime:0.004864s ]
INFO: [ view_parse ] --END-- [ RunTime:0.004879s ]
INFO: [ view_filter ] --START--
INFO: Run Behavior\WriteHtmlCacheBehavior [ RunTime:0.000108s ]
INFO: [ view_filter ] --END-- [ RunTime:0.000117s ]
INFO: [ app_end ] --START--
INFO: Run Behavior\ShowPageTraceBehavior [ RunTime:0.000331s ]
INFO: [ app_end ] --END-- [ RunTime:0.000344s ]

