[ 2017-11-08T13:52:40+08:00 ] 127.0.0.1 /Public/css/bootstrap.min.css.map
INFO: [ app_init ] --START--
INFO: Run Behavior\BuildLiteBehavior [ RunTime:0.000010s ]
INFO: [ app_init ] --END-- [ RunTime:0.000273s ]
INFO: [ app_begin ] --START--
INFO: Run Behavior\ReadHtmlCacheBehavior [ RunTime:0.000220s ]
INFO: [ app_begin ] --END-- [ RunTime:0.000253s ]
ERR: 无法加载控制器:Public

[ 2017-11-08T13:52:40+08:00 ] 127.0.0.1 /Public/js/plugins/metisMenu/metisMenu.js.map
INFO: [ app_init ] --START--
INFO: Run Behavior\BuildLiteBehavior [ RunTime:0.000008s ]
INFO: [ app_init ] --END-- [ RunTime:0.000175s ]
INFO: [ app_begin ] --START--
INFO: Run Behavior\ReadHtmlCacheBehavior [ RunTime:0.000218s ]
INFO: [ app_begin ] --END-- [ RunTime:0.000243s ]
ERR: 无法加载控制器:Public

[ 2017-11-08T13:52:42+08:00 ] 127.0.0.1 /index.php?m=Admin&c=Uploadify&a=upload&num=1&input=image&path=category&func=undefined
INFO: [ app_init ] --START--
INFO: Run Behavior\BuildLiteBehavior [ RunTime:0.000025s ]
INFO: [ app_init ] --END-- [ RunTime:0.000218s ]
INFO: [ app_begin ] --START--
INFO: Run Behavior\ReadHtmlCacheBehavior [ RunTime:0.000225s ]
INFO: [ app_begin ] --END-- [ RunTime:0.000253s ]
ERR: 无法加载控制器:Uploadify

[ 2017-11-08T13:53:34+08:00 ] 127.0.0.1 /salecontrol/createcategory
INFO: [ app_init ] --START--
INFO: Run Behavior\BuildLiteBehavior [ RunTime:0.000012s ]
INFO: [ app_init ] --END-- [ RunTime:0.000686s ]
INFO: [ app_begin ] --START--
INFO: Run Behavior\ReadHtmlCacheBehavior [ RunTime:0.000528s ]
INFO: [ app_begin ] --END-- [ RunTime:0.000561s ]
SQL: SHOW COLUMNS FROM `t_sale_operation_account` [ RunTime:0.0097s ]
SQL: SHOW COLUMNS FROM `t_sale_operation_menu` [ RunTime:0.0091s ]
SQL: SELECT `id`,`name`,`class`,`level`,`controller` FROM `t_sale_operation_menu` WHERE ( status = 1 and pid = 0 ) ORDER BY id desc  [ RunTime:0.0087s ]
SQL: SELECT * FROM `t_sale_operation_menu` WHERE ( pid = 51 and status = 1 )  [ RunTime:0.0101s ]
SQL: SELECT * FROM `t_sale_operation_menu` WHERE ( pid = 32 and status = 1 )  [ RunTime:0.0085s ]
SQL: SELECT * FROM `t_sale_operation_menu` WHERE ( pid = 11 and status = 1 )  [ RunTime:0.0101s ]
SQL: SELECT * FROM `t_sale_operation_menu` WHERE ( pid = 2 and status = 1 )  [ RunTime:0.0099s ]
SQL: SHOW COLUMNS FROM `t_sale_operation_auth_group_access` [ RunTime:0.0103s ]
SQL: SELECT `uid`,`group_id`,`title`,`rules` FROM t_sale_operation_auth_group_access a INNER JOIN t_sale_operation_auth_group g on a.group_id=g.id  WHERE ( a.uid='1' and g.status='1' )  [ RunTime:0.0097s ]
SQL: SHOW COLUMNS FROM `t_sale_operation_auth_rule` [ RunTime:0.0093s ]
SQL: SELECT `condition`,`name` FROM `t_sale_operation_auth_rule` WHERE `id` IN ('7','34','3','73','82','4','19','5','18','81','72','79','80','83','84','85','86','87','35','1','12','52','64','65','2','54','55','59','60','8','9','56','57','58','70','10','51','61','62','67','66','69','74','75','78','76','77') AND `status` = 1  [ RunTime:0.0148s ]
NOTIC: [8] Undefined offset: 3 /data/webdata/sale_operation_admin/Application/PeopleSoft/Library/BaseController.class.php 第 112 行.
INFO: [ view_parse ] --START--
NOTIC: [2] file_get_contents(./Application/PeopleSoft/View/public/breadcrumb.html): failed to open stream: No such file or directory /data/webdata/sale_operation_admin/ThinkPHP/Library/Think/Template.class.php 第 696 行.
INFO: [ template_filter ] --START--
INFO: Run Behavior\ContentReplaceBehavior [ RunTime:0.000051s ]
INFO: [ template_filter ] --END-- [ RunTime:0.000083s ]
NOTIC: [8] Undefined variable: goods_category_info /data/webdata/sale_operation_admin/Application/Runtime/Cache/PeopleSoft/fa0a6e98c679246d61b2af1eb06cf582.php 第 224 行.
NOTIC: [8] Undefined variable: goods_category_info /data/webdata/sale_operation_admin/Application/Runtime/Cache/PeopleSoft/fa0a6e98c679246d61b2af1eb06cf582.php 第 231 行.
NOTIC: [8] Undefined variable: cat_list /data/webdata/sale_operation_admin/Application/Runtime/Cache/PeopleSoft/fa0a6e98c679246d61b2af1eb06cf582.php 第 241 行.
NOTIC: [8] Use of undefined constant is_show - assumed 'is_show' /data/webdata/sale_operation_admin/Application/Runtime/Cache/PeopleSoft/fa0a6e98c679246d61b2af1eb06cf582.php 第 255 行.
NOTIC: [8] Undefined variable: goods_category_info /data/webdata/sale_operation_admin/Application/Runtime/Cache/PeopleSoft/fa0a6e98c679246d61b2af1eb06cf582.php 第 255 行.
NOTIC: [8] Use of undefined constant is_show - assumed 'is_show' /data/webdata/sale_operation_admin/Application/Runtime/Cache/PeopleSoft/fa0a6e98c679246d61b2af1eb06cf582.php 第 255 行.
NOTIC: [8] Undefined variable: goods_category_info /data/webdata/sale_operation_admin/Application/Runtime/Cache/PeopleSoft/fa0a6e98c679246d61b2af1eb06cf582.php 第 255 行.
NOTIC: [8] Use of undefined constant cat_group - assumed 'cat_group' /data/webdata/sale_operation_admin/Application/Runtime/Cache/PeopleSoft/fa0a6e98c679246d61b2af1eb06cf582.php 第 269 行.
NOTIC: [8] Undefined variable: goods_category_info /data/webdata/sale_operation_admin/Application/Runtime/Cache/PeopleSoft/fa0a6e98c679246d61b2af1eb06cf582.php 第 269 行.
NOTIC: [8] Use of undefined constant cat_group - assumed 'cat_group' /data/webdata/sale_operation_admin/Application/Runtime/Cache/PeopleSoft/fa0a6e98c679246d61b2af1eb06cf582.php 第 270 行.
NOTIC: [8] Undefined variable: goods_category_info /data/webdata/sale_operation_admin/Application/Runtime/Cache/PeopleSoft/fa0a6e98c679246d61b2af1eb06cf582.php 第 270 行.
NOTIC: [8] Use of undefined constant cat_group - assumed 'cat_group' /data/webdata/sale_operation_admin/Application/Runtime/Cache/PeopleSoft/fa0a6e98c679246d61b2af1eb06cf582.php 第 271 行.
NOTIC: [8] Undefined variable: goods_category_info /data/webdata/sale_operation_admin/Application/Runtime/Cache/PeopleSoft/fa0a6e98c679246d61b2af1eb06cf582.php 第 271 行.
NOTIC: [8] Use of undefined constant cat_group - assumed 'cat_group' /data/webdata/sale_operation_admin/Application/Runtime/Cache/PeopleSoft/fa0a6e98c679246d61b2af1eb06cf582.php 第 272 行.
NOTIC: [8] Undefined variable: goods_category_info /data/webdata/sale_operation_admin/Application/Runtime/Cache/PeopleSoft/fa0a6e98c679246d61b2af1eb06cf582.php 第 272 行.
NOTIC: [8] Use of undefined constant cat_group - assumed 'cat_group' /data/webdata/sale_operation_admin/Application/Runtime/Cache/PeopleSoft/fa0a6e98c679246d61b2af1eb06cf582.php 第 273 行.
NOTIC: [8] Undefined variable: goods_category_info /data/webdata/sale_operation_admin/Application/Runtime/Cache/PeopleSoft/fa0a6e98c679246d61b2af1eb06cf582.php 第 273 行.
NOTIC: [8] Use of undefined constant cat_group - assumed 'cat_group' /data/webdata/sale_operation_admin/Application/Runtime/Cache/PeopleSoft/fa0a6e98c679246d61b2af1eb06cf582.php 第 274 行.
NOTIC: [8] Undefined variable: goods_category_info /data/webdata/sale_operation_admin/Application/Runtime/Cache/PeopleSoft/fa0a6e98c679246d61b2af1eb06cf582.php 第 274 行.
NOTIC: [8] Use of undefined constant cat_group - assumed 'cat_group' /data/webdata/sale_operation_admin/Application/Runtime/Cache/PeopleSoft/fa0a6e98c679246d61b2af1eb06cf582.php 第 275 行.
NOTIC: [8] Undefined variable: goods_category_info /data/webdata/sale_operation_admin/Application/Runtime/Cache/PeopleSoft/fa0a6e98c679246d61b2af1eb06cf582.php 第 275 行.
NOTIC: [8] Use of undefined constant cat_group - assumed 'cat_group' /data/webdata/sale_operation_admin/Application/Runtime/Cache/PeopleSoft/fa0a6e98c679246d61b2af1eb06cf582.php 第 276 行.
NOTIC: [8] Undefined variable: goods_category_info /data/webdata/sale_operation_admin/Application/Runtime/Cache/PeopleSoft/fa0a6e98c679246d61b2af1eb06cf582.php 第 276 行.
NOTIC: [8] Use of undefined constant cat_group - assumed 'cat_group' /data/webdata/sale_operation_admin/Application/Runtime/Cache/PeopleSoft/fa0a6e98c679246d61b2af1eb06cf582.php 第 277 行.
NOTIC: [8] Undefined variable: goods_category_info /data/webdata/sale_operation_admin/Application/Runtime/Cache/PeopleSoft/fa0a6e98c679246d61b2af1eb06cf582.php 第 277 行.
NOTIC: [8] Use of undefined constant cat_group - assumed 'cat_group' /data/webdata/sale_operation_admin/Application/Runtime/Cache/PeopleSoft/fa0a6e98c679246d61b2af1eb06cf582.php 第 278 行.
NOTIC: [8] Undefined variable: goods_category_info /data/webdata/sale_operation_admin/Application/Runtime/Cache/PeopleSoft/fa0a6e98c679246d61b2af1eb06cf582.php 第 278 行.
NOTIC: [8] Use of undefined constant cat_group - assumed 'cat_group' /data/webdata/sale_operation_admin/Application/Runtime/Cache/PeopleSoft/fa0a6e98c679246d61b2af1eb06cf582.php 第 279 行.
NOTIC: [8] Undefined variable: goods_category_info /data/webdata/sale_operation_admin/Application/Runtime/Cache/PeopleSoft/fa0a6e98c679246d61b2af1eb06cf582.php 第 279 行.
NOTIC: [8] Use of undefined constant cat_group - assumed 'cat_group' /data/webdata/sale_operation_admin/Application/Runtime/Cache/PeopleSoft/fa0a6e98c679246d61b2af1eb06cf582.php 第 280 行.
NOTIC: [8] Undefined variable: goods_category_info /data/webdata/sale_operation_admin/Application/Runtime/Cache/PeopleSoft/fa0a6e98c679246d61b2af1eb06cf582.php 第 280 行.
NOTIC: [8] Use of undefined constant cat_group - assumed 'cat_group' /data/webdata/sale_operation_admin/Application/Runtime/Cache/PeopleSoft/fa0a6e98c679246d61b2af1eb06cf582.php 第 281 行.
NOTIC: [8] Undefined variable: goods_category_info /data/webdata/sale_operation_admin/Application/Runtime/Cache/PeopleSoft/fa0a6e98c679246d61b2af1eb06cf582.php 第 281 行.
NOTIC: [8] Use of undefined constant cat_group - assumed 'cat_group' /data/webdata/sale_operation_admin/Application/Runtime/Cache/PeopleSoft/fa0a6e98c679246d61b2af1eb06cf582.php 第 282 行.
NOTIC: [8] Undefined variable: goods_category_info /data/webdata/sale_operation_admin/Application/Runtime/Cache/PeopleSoft/fa0a6e98c679246d61b2af1eb06cf582.php 第 282 行.
NOTIC: [8] Use of undefined constant cat_group - assumed 'cat_group' /data/webdata/sale_operation_admin/Application/Runtime/Cache/PeopleSoft/fa0a6e98c679246d61b2af1eb06cf582.php 第 283 行.
NOTIC: [8] Undefined variable: goods_category_info /data/webdata/sale_operation_admin/Application/Runtime/Cache/PeopleSoft/fa0a6e98c679246d61b2af1eb06cf582.php 第 283 行.
NOTIC: [8] Use of undefined constant cat_group - assumed 'cat_group' /data/webdata/sale_operation_admin/Application/Runtime/Cache/PeopleSoft/fa0a6e98c679246d61b2af1eb06cf582.php 第 284 行.
NOTIC: [8] Undefined variable: goods_category_info /data/webdata/sale_operation_admin/Application/Runtime/Cache/PeopleSoft/fa0a6e98c679246d61b2af1eb06cf582.php 第 284 行.
NOTIC: [8] Use of undefined constant cat_group - assumed 'cat_group' /data/webdata/sale_operation_admin/Application/Runtime/Cache/PeopleSoft/fa0a6e98c679246d61b2af1eb06cf582.php 第 285 行.
NOTIC: [8] Undefined variable: goods_category_info /data/webdata/sale_operation_admin/Application/Runtime/Cache/PeopleSoft/fa0a6e98c679246d61b2af1eb06cf582.php 第 285 行.
NOTIC: [8] Use of undefined constant cat_group - assumed 'cat_group' /data/webdata/sale_operation_admin/Application/Runtime/Cache/PeopleSoft/fa0a6e98c679246d61b2af1eb06cf582.php 第 286 行.
NOTIC: [8] Undefined variable: goods_category_info /data/webdata/sale_operation_admin/Application/Runtime/Cache/PeopleSoft/fa0a6e98c679246d61b2af1eb06cf582.php 第 286 行.
NOTIC: [8] Use of undefined constant cat_group - assumed 'cat_group' /data/webdata/sale_operation_admin/Application/Runtime/Cache/PeopleSoft/fa0a6e98c679246d61b2af1eb06cf582.php 第 287 行.
NOTIC: [8] Undefined variable: goods_category_info /data/webdata/sale_operation_admin/Application/Runtime/Cache/PeopleSoft/fa0a6e98c679246d61b2af1eb06cf582.php 第 287 行.
NOTIC: [8] Use of undefined constant cat_group - assumed 'cat_group' /data/webdata/sale_operation_admin/Application/Runtime/Cache/PeopleSoft/fa0a6e98c679246d61b2af1eb06cf582.php 第 288 行.
NOTIC: [8] Undefined variable: goods_category_info /data/webdata/sale_operation_admin/Application/Runtime/Cache/PeopleSoft/fa0a6e98c679246d61b2af1eb06cf582.php 第 288 行.
NOTIC: [8] Undefined variable: goods_category_info /data/webdata/sale_operation_admin/Application/Runtime/Cache/PeopleSoft/fa0a6e98c679246d61b2af1eb06cf582.php 第 298 行.
NOTIC: [8] Undefined variable: goods_category_info /data/webdata/sale_operation_admin/Application/Runtime/Cache/PeopleSoft/fa0a6e98c679246d61b2af1eb06cf582.php 第 304 行.
NOTIC: [8] Undefined variable: goods_category_info /data/webdata/sale_operation_admin/Application/Runtime/Cache/PeopleSoft/fa0a6e98c679246d61b2af1eb06cf582.php 第 319 行.
NOTIC: [8] Undefined variable: level_cat /data/webdata/sale_operation_admin/Application/Runtime/Cache/PeopleSoft/fa0a6e98c679246d61b2af1eb06cf582.php 第 333 行.
NOTIC: [8] Undefined variable: level_cat /data/webdata/sale_operation_admin/Application/Runtime/Cache/PeopleSoft/fa0a6e98c679246d61b2af1eb06cf582.php 第 336 行.
INFO: Run Behavior\ParseTemplateBehavior [ RunTime:0.010932s ]
INFO: [ view_parse ] --END-- [ RunTime:0.010954s ]
INFO: [ view_filter ] --START--
INFO: Run Behavior\WriteHtmlCacheBehavior [ RunTime:0.000347s ]
INFO: [ view_filter ] --END-- [ RunTime:0.000369s ]
INFO: [ app_end ] --START--
INFO: Run Behavior\ShowPageTraceBehavior [ RunTime:0.000500s ]
INFO: [ app_end ] --END-- [ RunTime:0.000528s ]

[ 2017-11-08T13:53:35+08:00 ] 127.0.0.1 /Public/css/bootstrap.min.css.map
INFO: [ app_init ] --START--
INFO: Run Behavior\BuildLiteBehavior [ RunTime:0.000009s ]
INFO: [ app_init ] --END-- [ RunTime:0.000173s ]
INFO: [ app_begin ] --START--
INFO: Run Behavior\ReadHtmlCacheBehavior [ RunTime:0.000218s ]
INFO: [ app_begin ] --END-- [ RunTime:0.000244s ]
ERR: 无法加载控制器:Public

[ 2017-11-08T13:53:35+08:00 ] 127.0.0.1 /Public/js/plugins/metisMenu/metisMenu.js.map
INFO: [ app_init ] --START--
INFO: Run Behavior\BuildLiteBehavior [ RunTime:0.000010s ]
INFO: [ app_init ] --END-- [ RunTime:0.000242s ]
INFO: [ app_begin ] --START--
INFO: Run Behavior\ReadHtmlCacheBehavior [ RunTime:0.000360s ]
INFO: [ app_begin ] --END-- [ RunTime:0.000399s ]
ERR: 无法加载控制器:Public

[ 2017-11-08T13:53:49+08:00 ] 127.0.0.1 /salecontrol/createcategory
INFO: [ app_init ] --START--
INFO: Run Behavior\BuildLiteBehavior [ RunTime:0.000010s ]
INFO: [ app_init ] --END-- [ RunTime:0.000177s ]
INFO: [ app_begin ] --START--
INFO: Run Behavior\ReadHtmlCacheBehavior [ RunTime:0.000217s ]
INFO: [ app_begin ] --END-- [ RunTime:0.000243s ]
SQL: SHOW COLUMNS FROM `t_sale_operation_account` [ RunTime:0.0104s ]
SQL: SHOW COLUMNS FROM `t_sale_operation_menu` [ RunTime:0.0103s ]
SQL: SELECT `id`,`name`,`class`,`level`,`controller` FROM `t_sale_operation_menu` WHERE ( status = 1 and pid = 0 ) ORDER BY id desc  [ RunTime:0.0099s ]
SQL: SELECT * FROM `t_sale_operation_menu` WHERE ( pid = 51 and status = 1 )  [ RunTime:0.0105s ]
SQL: SELECT * FROM `t_sale_operation_menu` WHERE ( pid = 32 and status = 1 )  [ RunTime:0.0106s ]
SQL: SELECT * FROM `t_sale_operation_menu` WHERE ( pid = 11 and status = 1 )  [ RunTime:0.0105s ]
SQL: SELECT * FROM `t_sale_operation_menu` WHERE ( pid = 2 and status = 1 )  [ RunTime:0.0092s ]
SQL: SHOW COLUMNS FROM `t_sale_operation_auth_group_access` [ RunTime:0.0117s ]
SQL: SELECT `uid`,`group_id`,`title`,`rules` FROM t_sale_operation_auth_group_access a INNER JOIN t_sale_operation_auth_group g on a.group_id=g.id  WHERE ( a.uid='1' and g.status='1' )  [ RunTime:0.0095s ]
SQL: SHOW COLUMNS FROM `t_sale_operation_auth_rule` [ RunTime:0.0100s ]
SQL: SELECT `condition`,`name` FROM `t_sale_operation_auth_rule` WHERE `id` IN ('7','34','3','73','82','4','19','5','18','81','72','79','80','83','84','85','86','87','35','1','12','52','64','65','2','54','55','59','60','8','9','56','57','58','70','10','51','61','62','67','66','69','74','75','78','76','77') AND `status` = 1  [ RunTime:0.0107s ]
NOTIC: [8] Undefined offset: 3 /data/webdata/sale_operation_admin/Application/PeopleSoft/Library/BaseController.class.php 第 112 行.
INFO: [ view_parse ] --START--
NOTIC: [2] file_get_contents(./Application/PeopleSoft/View/public/breadcrumb.html): failed to open stream: No such file or directory /data/webdata/sale_operation_admin/ThinkPHP/Library/Think/Template.class.php 第 696 行.
INFO: [ template_filter ] --START--
INFO: Run Behavior\ContentReplaceBehavior [ RunTime:0.000062s ]
INFO: [ template_filter ] --END-- [ RunTime:0.000104s ]
NOTIC: [8] Undefined variable: goods_category_info /data/webdata/sale_operation_admin/Application/Runtime/Cache/PeopleSoft/fa0a6e98c679246d61b2af1eb06cf582.php 第 224 行.
NOTIC: [8] Undefined variable: goods_category_info /data/webdata/sale_operation_admin/Application/Runtime/Cache/PeopleSoft/fa0a6e98c679246d61b2af1eb06cf582.php 第 231 行.
NOTIC: [8] Undefined variable: cat_list /data/webdata/sale_operation_admin/Application/Runtime/Cache/PeopleSoft/fa0a6e98c679246d61b2af1eb06cf582.php 第 241 行.
NOTIC: [8] Use of undefined constant is_show - assumed 'is_show' /data/webdata/sale_operation_admin/Application/Runtime/Cache/PeopleSoft/fa0a6e98c679246d61b2af1eb06cf582.php 第 255 行.
NOTIC: [8] Undefined variable: goods_category_info /data/webdata/sale_operation_admin/Application/Runtime/Cache/PeopleSoft/fa0a6e98c679246d61b2af1eb06cf582.php 第 255 行.
NOTIC: [8] Use of undefined constant is_show - assumed 'is_show' /data/webdata/sale_operation_admin/Application/Runtime/Cache/PeopleSoft/fa0a6e98c679246d61b2af1eb06cf582.php 第 255 行.
NOTIC: [8] Undefined variable: goods_category_info /data/webdata/sale_operation_admin/Application/Runtime/Cache/PeopleSoft/fa0a6e98c679246d61b2af1eb06cf582.php 第 255 行.
NOTIC: [8] Use of undefined constant cat_group - assumed 'cat_group' /data/webdata/sale_operation_admin/Application/Runtime/Cache/PeopleSoft/fa0a6e98c679246d61b2af1eb06cf582.php 第 269 行.
NOTIC: [8] Undefined variable: goods_category_info /data/webdata/sale_operation_admin/Application/Runtime/Cache/PeopleSoft/fa0a6e98c679246d61b2af1eb06cf582.php 第 269 行.
NOTIC: [8] Use of undefined constant cat_group - assumed 'cat_group' /data/webdata/sale_operation_admin/Application/Runtime/Cache/PeopleSoft/fa0a6e98c679246d61b2af1eb06cf582.php 第 270 行.
NOTIC: [8] Undefined variable: goods_category_info /data/webdata/sale_operation_admin/Application/Runtime/Cache/PeopleSoft/fa0a6e98c679246d61b2af1eb06cf582.php 第 270 行.
NOTIC: [8] Use of undefined constant cat_group - assumed 'cat_group' /data/webdata/sale_operation_admin/Application/Runtime/Cache/PeopleSoft/fa0a6e98c679246d61b2af1eb06cf582.php 第 271 行.
NOTIC: [8] Undefined variable: goods_category_info /data/webdata/sale_operation_admin/Application/Runtime/Cache/PeopleSoft/fa0a6e98c679246d61b2af1eb06cf582.php 第 271 行.
NOTIC: [8] Use of undefined constant cat_group - assumed 'cat_group' /data/webdata/sale_operation_admin/Application/Runtime/Cache/PeopleSoft/fa0a6e98c679246d61b2af1eb06cf582.php 第 272 行.
NOTIC: [8] Undefined variable: goods_category_info /data/webdata/sale_operation_admin/Application/Runtime/Cache/PeopleSoft/fa0a6e98c679246d61b2af1eb06cf582.php 第 272 行.
NOTIC: [8] Use of undefined constant cat_group - assumed 'cat_group' /data/webdata/sale_operation_admin/Application/Runtime/Cache/PeopleSoft/fa0a6e98c679246d61b2af1eb06cf582.php 第 273 行.
NOTIC: [8] Undefined variable: goods_category_info /data/webdata/sale_operation_admin/Application/Runtime/Cache/PeopleSoft/fa0a6e98c679246d61b2af1eb06cf582.php 第 273 行.
NOTIC: [8] Use of undefined constant cat_group - assumed 'cat_group' /data/webdata/sale_operation_admin/Application/Runtime/Cache/PeopleSoft/fa0a6e98c679246d61b2af1eb06cf582.php 第 274 行.
NOTIC: [8] Undefined variable: goods_category_info /data/webdata/sale_operation_admin/Application/Runtime/Cache/PeopleSoft/fa0a6e98c679246d61b2af1eb06cf582.php 第 274 行.
NOTIC: [8] Use of undefined constant cat_group - assumed 'cat_group' /data/webdata/sale_operation_admin/Application/Runtime/Cache/PeopleSoft/fa0a6e98c679246d61b2af1eb06cf582.php 第 275 行.
NOTIC: [8] Undefined variable: goods_category_info /data/webdata/sale_operation_admin/Application/Runtime/Cache/PeopleSoft/fa0a6e98c679246d61b2af1eb06cf582.php 第 275 行.
NOTIC: [8] Use of undefined constant cat_group - assumed 'cat_group' /data/webdata/sale_operation_admin/Application/Runtime/Cache/PeopleSoft/fa0a6e98c679246d61b2af1eb06cf582.php 第 276 行.
NOTIC: [8] Undefined variable: goods_category_info /data/webdata/sale_operation_admin/Application/Runtime/Cache/PeopleSoft/fa0a6e98c679246d61b2af1eb06cf582.php 第 276 行.
NOTIC: [8] Use of undefined constant cat_group - assumed 'cat_group' /data/webdata/sale_operation_admin/Application/Runtime/Cache/PeopleSoft/fa0a6e98c679246d61b2af1eb06cf582.php 第 277 行.
NOTIC: [8] Undefined variable: goods_category_info /data/webdata/sale_operation_admin/Application/Runtime/Cache/PeopleSoft/fa0a6e98c679246d61b2af1eb06cf582.php 第 277 行.
NOTIC: [8] Use of undefined constant cat_group - assumed 'cat_group' /data/webdata/sale_operation_admin/Application/Runtime/Cache/PeopleSoft/fa0a6e98c679246d61b2af1eb06cf582.php 第 278 行.
NOTIC: [8] Undefined variable: goods_category_info /data/webdata/sale_operation_admin/Application/Runtime/Cache/PeopleSoft/fa0a6e98c679246d61b2af1eb06cf582.php 第 278 行.
NOTIC: [8] Use of undefined constant cat_group - assumed 'cat_group' /data/webdata/sale_operation_admin/Application/Runtime/Cache/PeopleSoft/fa0a6e98c679246d61b2af1eb06cf582.php 第 279 行.
NOTIC: [8] Undefined variable: goods_category_info /data/webdata/sale_operation_admin/Application/Runtime/Cache/PeopleSoft/fa0a6e98c679246d61b2af1eb06cf582.php 第 279 行.
NOTIC: [8] Use of undefined constant cat_group - assumed 'cat_group' /data/webdata/sale_operation_admin/Application/Runtime/Cache/PeopleSoft/fa0a6e98c679246d61b2af1eb06cf582.php 第 280 行.
NOTIC: [8] Undefined variable: goods_category_info /data/webdata/sale_operation_admin/Application/Runtime/Cache/PeopleSoft/fa0a6e98c679246d61b2af1eb06cf582.php 第 280 行.
NOTIC: [8] Use of undefined constant cat_group - assumed 'cat_group' /data/webdata/sale_operation_admin/Application/Runtime/Cache/PeopleSoft/fa0a6e98c679246d61b2af1eb06cf582.php 第 281 行.
NOTIC: [8] Undefined variable: goods_category_info /data/webdata/sale_operation_admin/Application/Runtime/Cache/PeopleSoft/fa0a6e98c679246d61b2af1eb06cf582.php 第 281 行.
NOTIC: [8] Use of undefined constant cat_group - assumed 'cat_group' /data/webdata/sale_operation_admin/Application/Runtime/Cache/PeopleSoft/fa0a6e98c679246d61b2af1eb06cf582.php 第 282 行.
NOTIC: [8] Undefined variable: goods_category_info /data/webdata/sale_operation_admin/Application/Runtime/Cache/PeopleSoft/fa0a6e98c679246d61b2af1eb06cf582.php 第 282 行.
NOTIC: [8] Use of undefined constant cat_group - assumed 'cat_group' /data/webdata/sale_operation_admin/Application/Runtime/Cache/PeopleSoft/fa0a6e98c679246d61b2af1eb06cf582.php 第 283 行.
NOTIC: [8] Undefined variable: goods_category_info /data/webdata/sale_operation_admin/Application/Runtime/Cache/PeopleSoft/fa0a6e98c679246d61b2af1eb06cf582.php 第 283 行.
NOTIC: [8] Use of undefined constant cat_group - assumed 'cat_group' /data/webdata/sale_operation_admin/Application/Runtime/Cache/PeopleSoft/fa0a6e98c679246d61b2af1eb06cf582.php 第 284 行.
NOTIC: [8] Undefined variable: goods_category_info /data/webdata/sale_operation_admin/Application/Runtime/Cache/PeopleSoft/fa0a6e98c679246d61b2af1eb06cf582.php 第 284 行.
NOTIC: [8] Use of undefined constant cat_group - assumed 'cat_group' /data/webdata/sale_operation_admin/Application/Runtime/Cache/PeopleSoft/fa0a6e98c679246d61b2af1eb06cf582.php 第 285 行.
NOTIC: [8] Undefined variable: goods_category_info /data/webdata/sale_operation_admin/Application/Runtime/Cache/PeopleSoft/fa0a6e98c679246d61b2af1eb06cf582.php 第 285 行.
NOTIC: [8] Use of undefined constant cat_group - assumed 'cat_group' /data/webdata/sale_operation_admin/Application/Runtime/Cache/PeopleSoft/fa0a6e98c679246d61b2af1eb06cf582.php 第 286 行.
NOTIC: [8] Undefined variable: goods_category_info /data/webdata/sale_operation_admin/Application/Runtime/Cache/PeopleSoft/fa0a6e98c679246d61b2af1eb06cf582.php 第 286 行.
NOTIC: [8] Use of undefined constant cat_group - assumed 'cat_group' /data/webdata/sale_operation_admin/Application/Runtime/Cache/PeopleSoft/fa0a6e98c679246d61b2af1eb06cf582.php 第 287 行.
NOTIC: [8] Undefined variable: goods_category_info /data/webdata/sale_operation_admin/Application/Runtime/Cache/PeopleSoft/fa0a6e98c679246d61b2af1eb06cf582.php 第 287 行.
NOTIC: [8] Use of undefined constant cat_group - assumed 'cat_group' /data/webdata/sale_operation_admin/Application/Runtime/Cache/PeopleSoft/fa0a6e98c679246d61b2af1eb06cf582.php 第 288 行.
NOTIC: [8] Undefined variable: goods_category_info /data/webdata/sale_operation_admin/Application/Runtime/Cache/PeopleSoft/fa0a6e98c679246d61b2af1eb06cf582.php 第 288 行.
NOTIC: [8] Undefined variable: goods_category_info /data/webdata/sale_operation_admin/Application/Runtime/Cache/PeopleSoft/fa0a6e98c679246d61b2af1eb06cf582.php 第 298 行.
NOTIC: [8] Undefined variable: goods_category_info /data/webdata/sale_operation_admin/Application/Runtime/Cache/PeopleSoft/fa0a6e98c679246d61b2af1eb06cf582.php 第 304 行.
NOTIC: [8] Undefined variable: goods_category_info /data/webdata/sale_operation_admin/Application/Runtime/Cache/PeopleSoft/fa0a6e98c679246d61b2af1eb06cf582.php 第 319 行.
NOTIC: [8] Undefined variable: level_cat /data/webdata/sale_operation_admin/Application/Runtime/Cache/PeopleSoft/fa0a6e98c679246d61b2af1eb06cf582.php 第 333 行.
NOTIC: [8] Undefined variable: level_cat /data/webdata/sale_operation_admin/Application/Runtime/Cache/PeopleSoft/fa0a6e98c679246d61b2af1eb06cf582.php 第 336 行.
INFO: Run Behavior\ParseTemplateBehavior [ RunTime:0.007819s ]
INFO: [ view_parse ] --END-- [ RunTime:0.007845s ]
INFO: [ view_filter ] --START--
INFO: Run Behavior\WriteHtmlCacheBehavior [ RunTime:0.000088s ]
INFO: [ view_filter ] --END-- [ RunTime:0.000105s ]
INFO: [ app_end ] --START--
INFO: Run Behavior\ShowPageTraceBehavior [ RunTime:0.000277s ]
INFO: [ app_end ] --END-- [ RunTime:0.000303s ]

[ 2017-11-08T13:53:49+08:00 ] 127.0.0.1 /Public/css/bootstrap.min.css.map
INFO: [ app_init ] --START--
INFO: Run Behavior\BuildLiteBehavior [ RunTime:0.000007s ]
INFO: [ app_init ] --END-- [ RunTime:0.000163s ]
INFO: [ app_begin ] --START--
INFO: Run Behavior\ReadHtmlCacheBehavior [ RunTime:0.000200s ]
INFO: [ app_begin ] --END-- [ RunTime:0.000222s ]
ERR: 无法加载控制器:Public

[ 2017-11-08T13:53:49+08:00 ] 127.0.0.1 /Public/js/plugins/metisMenu/metisMenu.js.map
INFO: [ app_init ] --START--
INFO: Run Behavior\BuildLiteBehavior [ RunTime:0.000009s ]
INFO: [ app_init ] --END-- [ RunTime:0.000201s ]
INFO: [ app_begin ] --START--
INFO: Run Behavior\ReadHtmlCacheBehavior [ RunTime:0.000218s ]
INFO: [ app_begin ] --END-- [ RunTime:0.000243s ]
ERR: 无法加载控制器:Public

[ 2017-11-08T13:53:50+08:00 ] 127.0.0.1 /Public/css/bootstrap.min.css.map
INFO: [ app_init ] --START--
INFO: Run Behavior\BuildLiteBehavior [ RunTime:0.000008s ]
INFO: [ app_init ] --END-- [ RunTime:0.000262s ]
INFO: [ app_begin ] --START--
INFO: Run Behavior\ReadHtmlCacheBehavior [ RunTime:0.000257s ]
INFO: [ app_begin ] --END-- [ RunTime:0.000279s ]
ERR: 无法加载控制器:Public

[ 2017-11-08T13:53:50+08:00 ] 127.0.0.1 /Public/js/plugins/metisMenu/metisMenu.js.map
INFO: [ app_init ] --START--
INFO: Run Behavior\BuildLiteBehavior [ RunTime:0.000007s ]
INFO: [ app_init ] --END-- [ RunTime:0.000157s ]
INFO: [ app_begin ] --START--
INFO: Run Behavior\ReadHtmlCacheBehavior [ RunTime:0.000489s ]
INFO: [ app_begin ] --END-- [ RunTime:0.000518s ]
ERR: 无法加载控制器:Public

[ 2017-11-08T13:53:53+08:00 ] 127.0.0.1 /salecontrol/createcategory
INFO: [ app_init ] --START--
INFO: Run Behavior\BuildLiteBehavior [ RunTime:0.000008s ]
INFO: [ app_init ] --END-- [ RunTime:0.000164s ]
INFO: [ app_begin ] --START--
INFO: Run Behavior\ReadHtmlCacheBehavior [ RunTime:0.000214s ]
INFO: [ app_begin ] --END-- [ RunTime:0.000239s ]
SQL: SHOW COLUMNS FROM `t_sale_operation_account` [ RunTime:0.0078s ]
SQL: SHOW COLUMNS FROM `t_sale_operation_menu` [ RunTime:0.0085s ]
SQL: SELECT `id`,`name`,`class`,`level`,`controller` FROM `t_sale_operation_menu` WHERE ( status = 1 and pid = 0 ) ORDER BY id desc  [ RunTime:0.0070s ]
SQL: SELECT * FROM `t_sale_operation_menu` WHERE ( pid = 51 and status = 1 )  [ RunTime:0.0096s ]
SQL: SELECT * FROM `t_sale_operation_menu` WHERE ( pid = 32 and status = 1 )  [ RunTime:0.0078s ]
SQL: SELECT * FROM `t_sale_operation_menu` WHERE ( pid = 11 and status = 1 )  [ RunTime:0.0084s ]
SQL: SELECT * FROM `t_sale_operation_menu` WHERE ( pid = 2 and status = 1 )  [ RunTime:0.0081s ]
SQL: SHOW COLUMNS FROM `t_sale_operation_auth_group_access` [ RunTime:0.0075s ]
SQL: SELECT `uid`,`group_id`,`title`,`rules` FROM t_sale_operation_auth_group_access a INNER JOIN t_sale_operation_auth_group g on a.group_id=g.id  WHERE ( a.uid='1' and g.status='1' )  [ RunTime:0.0077s ]
SQL: SHOW COLUMNS FROM `t_sale_operation_auth_rule` [ RunTime:0.0081s ]
SQL: SELECT `condition`,`name` FROM `t_sale_operation_auth_rule` WHERE `id` IN ('7','34','3','73','82','4','19','5','18','81','72','79','80','83','84','85','86','87','35','1','12','52','64','65','2','54','55','59','60','8','9','56','57','58','70','10','51','61','62','67','66','69','74','75','78','76','77') AND `status` = 1  [ RunTime:0.0167s ]
NOTIC: [8] Undefined offset: 3 /data/webdata/sale_operation_admin/Application/PeopleSoft/Library/BaseController.class.php 第 112 行.
INFO: [ view_parse ] --START--
NOTIC: [2] file_get_contents(./Application/PeopleSoft/View/public/breadcrumb.html): failed to open stream: No such file or directory /data/webdata/sale_operation_admin/ThinkPHP/Library/Think/Template.class.php 第 696 行.
INFO: [ template_filter ] --START--
INFO: Run Behavior\ContentReplaceBehavior [ RunTime:0.000078s ]
INFO: [ template_filter ] --END-- [ RunTime:0.000125s ]
NOTIC: [8] Undefined variable: goods_category_info /data/webdata/sale_operation_admin/Application/Runtime/Cache/PeopleSoft/fa0a6e98c679246d61b2af1eb06cf582.php 第 224 行.
NOTIC: [8] Undefined variable: goods_category_info /data/webdata/sale_operation_admin/Application/Runtime/Cache/PeopleSoft/fa0a6e98c679246d61b2af1eb06cf582.php 第 231 行.
NOTIC: [8] Undefined variable: cat_list /data/webdata/sale_operation_admin/Application/Runtime/Cache/PeopleSoft/fa0a6e98c679246d61b2af1eb06cf582.php 第 241 行.
NOTIC: [8] Use of undefined constant is_show - assumed 'is_show' /data/webdata/sale_operation_admin/Application/Runtime/Cache/PeopleSoft/fa0a6e98c679246d61b2af1eb06cf582.php 第 255 行.
NOTIC: [8] Undefined variable: goods_category_info /data/webdata/sale_operation_admin/Application/Runtime/Cache/PeopleSoft/fa0a6e98c679246d61b2af1eb06cf582.php 第 255 行.
NOTIC: [8] Use of undefined constant is_show - assumed 'is_show' /data/webdata/sale_operation_admin/Application/Runtime/Cache/PeopleSoft/fa0a6e98c679246d61b2af1eb06cf582.php 第 255 行.
NOTIC: [8] Undefined variable: goods_category_info /data/webdata/sale_operation_admin/Application/Runtime/Cache/PeopleSoft/fa0a6e98c679246d61b2af1eb06cf582.php 第 255 行.
NOTIC: [8] Use of undefined constant cat_group - assumed 'cat_group' /data/webdata/sale_operation_admin/Application/Runtime/Cache/PeopleSoft/fa0a6e98c679246d61b2af1eb06cf582.php 第 269 行.
NOTIC: [8] Undefined variable: goods_category_info /data/webdata/sale_operation_admin/Application/Runtime/Cache/PeopleSoft/fa0a6e98c679246d61b2af1eb06cf582.php 第 269 行.
NOTIC: [8] Use of undefined constant cat_group - assumed 'cat_group' /data/webdata/sale_operation_admin/Application/Runtime/Cache/PeopleSoft/fa0a6e98c679246d61b2af1eb06cf582.php 第 270 行.
NOTIC: [8] Undefined variable: goods_category_info /data/webdata/sale_operation_admin/Application/Runtime/Cache/PeopleSoft/fa0a6e98c679246d61b2af1eb06cf582.php 第 270 行.
NOTIC: [8] Use of undefined constant cat_group - assumed 'cat_group' /data/webdata/sale_operation_admin/Application/Runtime/Cache/PeopleSoft/fa0a6e98c679246d61b2af1eb06cf582.php 第 271 行.
NOTIC: [8] Undefined variable: goods_category_info /data/webdata/sale_operation_admin/Application/Runtime/Cache/PeopleSoft/fa0a6e98c679246d61b2af1eb06cf582.php 第 271 行.
NOTIC: [8] Use of undefined constant cat_group - assumed 'cat_group' /data/webdata/sale_operation_admin/Application/Runtime/Cache/PeopleSoft/fa0a6e98c679246d61b2af1eb06cf582.php 第 272 行.
NOTIC: [8] Undefined variable: goods_category_info /data/webdata/sale_operation_admin/Application/Runtime/Cache/PeopleSoft/fa0a6e98c679246d61b2af1eb06cf582.php 第 272 行.
NOTIC: [8] Use of undefined constant cat_group - assumed 'cat_group' /data/webdata/sale_operation_admin/Application/Runtime/Cache/PeopleSoft/fa0a6e98c679246d61b2af1eb06cf582.php 第 273 行.
NOTIC: [8] Undefined variable: goods_category_info /data/webdata/sale_operation_admin/Application/Runtime/Cache/PeopleSoft/fa0a6e98c679246d61b2af1eb06cf582.php 第 273 行.
NOTIC: [8] Use of undefined constant cat_group - assumed 'cat_group' /data/webdata/sale_operation_admin/Application/Runtime/Cache/PeopleSoft/fa0a6e98c679246d61b2af1eb06cf582.php 第 274 行.
NOTIC: [8] Undefined variable: goods_category_info /data/webdata/sale_operation_admin/Application/Runtime/Cache/PeopleSoft/fa0a6e98c679246d61b2af1eb06cf582.php 第 274 行.
NOTIC: [8] Use of undefined constant cat_group - assumed 'cat_group' /data/webdata/sale_operation_admin/Application/Runtime/Cache/PeopleSoft/fa0a6e98c679246d61b2af1eb06cf582.php 第 275 行.
NOTIC: [8] Undefined variable: goods_category_info /data/webdata/sale_operation_admin/Application/Runtime/Cache/PeopleSoft/fa0a6e98c679246d61b2af1eb06cf582.php 第 275 行.
NOTIC: [8] Use of undefined constant cat_group - assumed 'cat_group' /data/webdata/sale_operation_admin/Application/Runtime/Cache/PeopleSoft/fa0a6e98c679246d61b2af1eb06cf582.php 第 276 行.
NOTIC: [8] Undefined variable: goods_category_info /data/webdata/sale_operation_admin/Application/Runtime/Cache/PeopleSoft/fa0a6e98c679246d61b2af1eb06cf582.php 第 276 行.
NOTIC: [8] Use of undefined constant cat_group - assumed 'cat_group' /data/webdata/sale_operation_admin/Application/Runtime/Cache/PeopleSoft/fa0a6e98c679246d61b2af1eb06cf582.php 第 277 行.
NOTIC: [8] Undefined variable: goods_category_info /data/webdata/sale_operation_admin/Application/Runtime/Cache/PeopleSoft/fa0a6e98c679246d61b2af1eb06cf582.php 第 277 行.
NOTIC: [8] Use of undefined constant cat_group - assumed 'cat_group' /data/webdata/sale_operation_admin/Application/Runtime/Cache/PeopleSoft/fa0a6e98c679246d61b2af1eb06cf582.php 第 278 行.
NOTIC: [8] Undefined variable: goods_category_info /data/webdata/sale_operation_admin/Application/Runtime/Cache/PeopleSoft/fa0a6e98c679246d61b2af1eb06cf582.php 第 278 行.
NOTIC: [8] Use of undefined constant cat_group - assumed 'cat_group' /data/webdata/sale_operation_admin/Application/Runtime/Cache/PeopleSoft/fa0a6e98c679246d61b2af1eb06cf582.php 第 279 行.
NOTIC: [8] Undefined variable: goods_category_info /data/webdata/sale_operation_admin/Application/Runtime/Cache/PeopleSoft/fa0a6e98c679246d61b2af1eb06cf582.php 第 279 行.
NOTIC: [8] Use of undefined constant cat_group - assumed 'cat_group' /data/webdata/sale_operation_admin/Application/Runtime/Cache/PeopleSoft/fa0a6e98c679246d61b2af1eb06cf582.php 第 280 行.
NOTIC: [8] Undefined variable: goods_category_info /data/webdata/sale_operation_admin/Application/Runtime/Cache/PeopleSoft/fa0a6e98c679246d61b2af1eb06cf582.php 第 280 行.
NOTIC: [8] Use of undefined constant cat_group - assumed 'cat_group' /data/webdata/sale_operation_admin/Application/Runtime/Cache/PeopleSoft/fa0a6e98c679246d61b2af1eb06cf582.php 第 281 行.
NOTIC: [8] Undefined variable: goods_category_info /data/webdata/sale_operation_admin/Application/Runtime/Cache/PeopleSoft/fa0a6e98c679246d61b2af1eb06cf582.php 第 281 行.
NOTIC: [8] Use of undefined constant cat_group - assumed 'cat_group' /data/webdata/sale_operation_admin/Application/Runtime/Cache/PeopleSoft/fa0a6e98c679246d61b2af1eb06cf582.php 第 282 行.
NOTIC: [8] Undefined variable: goods_category_info /data/webdata/sale_operation_admin/Application/Runtime/Cache/PeopleSoft/fa0a6e98c679246d61b2af1eb06cf582.php 第 282 行.
NOTIC: [8] Use of undefined constant cat_group - assumed 'cat_group' /data/webdata/sale_operation_admin/Application/Runtime/Cache/PeopleSoft/fa0a6e98c679246d61b2af1eb06cf582.php 第 283 行.
NOTIC: [8] Undefined variable: goods_category_info /data/webdata/sale_operation_admin/Application/Runtime/Cache/PeopleSoft/fa0a6e98c679246d61b2af1eb06cf582.php 第 283 行.
NOTIC: [8] Use of undefined constant cat_group - assumed 'cat_group' /data/webdata/sale_operation_admin/Application/Runtime/Cache/PeopleSoft/fa0a6e98c679246d61b2af1eb06cf582.php 第 284 行.
NOTIC: [8] Undefined variable: goods_category_info /data/webdata/sale_operation_admin/Application/Runtime/Cache/PeopleSoft/fa0a6e98c679246d61b2af1eb06cf582.php 第 284 行.
NOTIC: [8] Use of undefined constant cat_group - assumed 'cat_group' /data/webdata/sale_operation_admin/Application/Runtime/Cache/PeopleSoft/fa0a6e98c679246d61b2af1eb06cf582.php 第 285 行.
NOTIC: [8] Undefined variable: goods_category_info /data/webdata/sale_operation_admin/Application/Runtime/Cache/PeopleSoft/fa0a6e98c679246d61b2af1eb06cf582.php 第 285 行.
NOTIC: [8] Use of undefined constant cat_group - assumed 'cat_group' /data/webdata/sale_operation_admin/Application/Runtime/Cache/PeopleSoft/fa0a6e98c679246d61b2af1eb06cf582.php 第 286 行.
NOTIC: [8] Undefined variable: goods_category_info /data/webdata/sale_operation_admin/Application/Runtime/Cache/PeopleSoft/fa0a6e98c679246d61b2af1eb06cf582.php 第 286 行.
NOTIC: [8] Use of undefined constant cat_group - assumed 'cat_group' /data/webdata/sale_operation_admin/Application/Runtime/Cache/PeopleSoft/fa0a6e98c679246d61b2af1eb06cf582.php 第 287 行.
NOTIC: [8] Undefined variable: goods_category_info /data/webdata/sale_operation_admin/Application/Runtime/Cache/PeopleSoft/fa0a6e98c679246d61b2af1eb06cf582.php 第 287 行.
NOTIC: [8] Use of undefined constant cat_group - assumed 'cat_group' /data/webdata/sale_operation_admin/Application/Runtime/Cache/PeopleSoft/fa0a6e98c679246d61b2af1eb06cf582.php 第 288 行.
NOTIC: [8] Undefined variable: goods_category_info /data/webdata/sale_operation_admin/Application/Runtime/Cache/PeopleSoft/fa0a6e98c679246d61b2af1eb06cf582.php 第 288 行.
NOTIC: [8] Undefined variable: goods_category_info /data/webdata/sale_operation_admin/Application/Runtime/Cache/PeopleSoft/fa0a6e98c679246d61b2af1eb06cf582.php 第 298 行.
NOTIC: [8] Undefined variable: goods_category_info /data/webdata/sale_operation_admin/Application/Runtime/Cache/PeopleSoft/fa0a6e98c679246d61b2af1eb06cf582.php 第 304 行.
NOTIC: [8] Undefined variable: goods_category_info /data/webdata/sale_operation_admin/Application/Runtime/Cache/PeopleSoft/fa0a6e98c679246d61b2af1eb06cf582.php 第 319 行.
NOTIC: [8] Undefined variable: level_cat /data/webdata/sale_operation_admin/Application/Runtime/Cache/PeopleSoft/fa0a6e98c679246d61b2af1eb06cf582.php 第 333 行.
NOTIC: [8] Undefined variable: level_cat /data/webdata/sale_operation_admin/Application/Runtime/Cache/PeopleSoft/fa0a6e98c679246d61b2af1eb06cf582.php 第 336 行.
INFO: Run Behavior\ParseTemplateBehavior [ RunTime:0.007803s ]
INFO: [ view_parse ] --END-- [ RunTime:0.007824s ]
INFO: [ view_filter ] --START--
INFO: Run Behavior\WriteHtmlCacheBehavior [ RunTime:0.000085s ]
INFO: [ view_filter ] --END-- [ RunTime:0.000101s ]
INFO: [ app_end ] --START--
INFO: Run Behavior\ShowPageTraceBehavior [ RunTime:0.000363s ]
INFO: [ app_end ] --END-- [ RunTime:0.000418s ]

[ 2017-11-08T13:53:53+08:00 ] 127.0.0.1 /Public/css/bootstrap.min.css.map
INFO: [ app_init ] --START--
INFO: Run Behavior\BuildLiteBehavior [ RunTime:0.000008s ]
INFO: [ app_init ] --END-- [ RunTime:0.000159s ]
INFO: [ app_begin ] --START--
INFO: Run Behavior\ReadHtmlCacheBehavior [ RunTime:0.000197s ]
INFO: [ app_begin ] --END-- [ RunTime:0.000220s ]
ERR: 无法加载控制器:Public

[ 2017-11-08T13:53:53+08:00 ] 127.0.0.1 /Public/js/plugins/metisMenu/metisMenu.js.map
INFO: [ app_init ] --START--
INFO: Run Behavior\BuildLiteBehavior [ RunTime:0.000007s ]
INFO: [ app_init ] --END-- [ RunTime:0.000152s ]
INFO: [ app_begin ] --START--
INFO: Run Behavior\ReadHtmlCacheBehavior [ RunTime:0.000215s ]
INFO: [ app_begin ] --END-- [ RunTime:0.000238s ]
ERR: 无法加载控制器:Public

[ 2017-11-08T13:54:03+08:00 ] 127.0.0.1 /index.php?m=Admin&c=Uploadify&a=upload&num=1&input=image&path=category&func=undefined
INFO: [ app_init ] --START--
INFO: Run Behavior\BuildLiteBehavior [ RunTime:0.000012s ]
INFO: [ app_init ] --END-- [ RunTime:0.000241s ]
INFO: [ app_begin ] --START--
INFO: Run Behavior\ReadHtmlCacheBehavior [ RunTime:0.000267s ]
INFO: [ app_begin ] --END-- [ RunTime:0.000302s ]
ERR: 无法加载控制器:Uploadify

[ 2017-11-08T13:54:11+08:00 ] 127.0.0.1 /goods/addeditcategory/is_ajax/1.html
INFO: [ app_init ] --START--
INFO: Run Behavior\BuildLiteBehavior [ RunTime:0.000007s ]
INFO: [ app_init ] --END-- [ RunTime:0.000153s ]
INFO: [ app_begin ] --START--
INFO: Run Behavior\ReadHtmlCacheBehavior [ RunTime:0.000188s ]
INFO: [ app_begin ] --END-- [ RunTime:0.000209s ]
ERR: 无法加载控制器:Goods

[ 2017-11-08T13:55:03+08:00 ] 127.0.0.1 /salecontrol/createcategory
INFO: [ app_init ] --START--
INFO: Run Behavior\BuildLiteBehavior [ RunTime:0.000009s ]
INFO: [ app_init ] --END-- [ RunTime:0.000539s ]
INFO: [ app_begin ] --START--
INFO: Run Behavior\ReadHtmlCacheBehavior [ RunTime:0.000530s ]
INFO: [ app_begin ] --END-- [ RunTime:0.000559s ]
SQL: SHOW COLUMNS FROM `t_sale_operation_account` [ RunTime:0.0088s ]
SQL: SHOW COLUMNS FROM `t_sale_operation_menu` [ RunTime:0.0069s ]
SQL: SELECT `id`,`name`,`class`,`level`,`controller` FROM `t_sale_operation_menu` WHERE ( status = 1 and pid = 0 ) ORDER BY id desc  [ RunTime:0.0075s ]
SQL: SELECT * FROM `t_sale_operation_menu` WHERE ( pid = 51 and status = 1 )  [ RunTime:0.0071s ]
SQL: SELECT * FROM `t_sale_operation_menu` WHERE ( pid = 32 and status = 1 )  [ RunTime:0.0080s ]
SQL: SELECT * FROM `t_sale_operation_menu` WHERE ( pid = 11 and status = 1 )  [ RunTime:0.0093s ]
SQL: SELECT * FROM `t_sale_operation_menu` WHERE ( pid = 2 and status = 1 )  [ RunTime:0.0073s ]
SQL: SHOW COLUMNS FROM `t_sale_operation_auth_group_access` [ RunTime:0.0142s ]
SQL: SELECT `uid`,`group_id`,`title`,`rules` FROM t_sale_operation_auth_group_access a INNER JOIN t_sale_operation_auth_group g on a.group_id=g.id  WHERE ( a.uid='1' and g.status='1' )  [ RunTime:0.0172s ]
SQL: SHOW COLUMNS FROM `t_sale_operation_auth_rule` [ RunTime:0.0094s ]
SQL: SELECT `condition`,`name` FROM `t_sale_operation_auth_rule` WHERE `id` IN ('7','34','3','73','82','4','19','5','18','81','72','79','80','83','84','85','86','87','35','1','12','52','64','65','2','54','55','59','60','8','9','56','57','58','70','10','51','61','62','67','66','69','74','75','78','76','77') AND `status` = 1  [ RunTime:0.0090s ]
NOTIC: [8] Undefined offset: 3 /data/webdata/sale_operation_admin/Application/PeopleSoft/Library/BaseController.class.php 第 112 行.

[ 2017-11-08T13:55:26+08:00 ] 127.0.0.1 /salecontrol/createcategory
INFO: [ app_init ] --START--
INFO: Run Behavior\BuildLiteBehavior [ RunTime:0.000006s ]
INFO: [ app_init ] --END-- [ RunTime:0.000153s ]
INFO: [ app_begin ] --START--
INFO: Run Behavior\ReadHtmlCacheBehavior [ RunTime:0.000196s ]
INFO: [ app_begin ] --END-- [ RunTime:0.000218s ]
SQL: SHOW COLUMNS FROM `t_sale_operation_account` [ RunTime:0.0495s ]
SQL: SHOW COLUMNS FROM `t_sale_operation_menu` [ RunTime:0.0707s ]
SQL: SELECT `id`,`name`,`class`,`level`,`controller` FROM `t_sale_operation_menu` WHERE ( status = 1 and pid = 0 ) ORDER BY id desc  [ RunTime:0.0647s ]
SQL: SELECT * FROM `t_sale_operation_menu` WHERE ( pid = 51 and status = 1 )  [ RunTime:0.0689s ]
SQL: SELECT * FROM `t_sale_operation_menu` WHERE ( pid = 32 and status = 1 )  [ RunTime:0.0574s ]
SQL: SELECT * FROM `t_sale_operation_menu` WHERE ( pid = 11 and status = 1 )  [ RunTime:0.0382s ]
SQL: SELECT * FROM `t_sale_operation_menu` WHERE ( pid = 2 and status = 1 )  [ RunTime:0.0895s ]
SQL: SHOW COLUMNS FROM `t_sale_operation_auth_group_access` [ RunTime:0.0472s ]
SQL: SELECT `uid`,`group_id`,`title`,`rules` FROM t_sale_operation_auth_group_access a INNER JOIN t_sale_operation_auth_group g on a.group_id=g.id  WHERE ( a.uid='1' and g.status='1' )  [ RunTime:0.1152s ]
SQL: SHOW COLUMNS FROM `t_sale_operation_auth_rule` [ RunTime:0.0374s ]
SQL: SELECT `condition`,`name` FROM `t_sale_operation_auth_rule` WHERE `id` IN ('7','34','3','73','82','4','19','5','18','81','72','79','80','83','84','85','86','87','35','1','12','52','64','65','2','54','55','59','60','8','9','56','57','58','70','10','51','61','62','67','66','69','74','75','78','76','77') AND `status` = 1  [ RunTime:0.0157s ]
NOTIC: [8] Undefined offset: 3 /data/webdata/sale_operation_admin/Application/PeopleSoft/Library/BaseController.class.php 第 112 行.
SQL: SHOW COLUMNS FROM `t_sale_goods_category` [ RunTime:0.0111s ]
SQL: SHOW COLUMNS FROM `t_sale_goods_category` [ RunTime:0.0091s ]
SQL: SELECT * FROM `t_sale_goods_category` WHERE ( id=0 ) LIMIT 1   [ RunTime:0.0098s ]
SQL: SHOW COLUMNS FROM `t_sale_goods_category` [ RunTime:0.0111s ]
SQL: SELECT * FROM `t_sale_goods_category` WHERE ( parent_id = 0 )  [ RunTime:0.0105s ]
ERR: 模板不存在:./Application/PeopleSoft/View/Salecontrol/_category.html

[ 2017-11-08T13:57:50+08:00 ] 127.0.0.1 /salecontrol/createcategory
INFO: [ app_init ] --START--
INFO: Run Behavior\BuildLiteBehavior [ RunTime:0.000008s ]
INFO: [ app_init ] --END-- [ RunTime:0.000157s ]
INFO: [ app_begin ] --START--
INFO: Run Behavior\ReadHtmlCacheBehavior [ RunTime:0.000195s ]
INFO: [ app_begin ] --END-- [ RunTime:0.000219s ]
SQL: SHOW COLUMNS FROM `t_sale_operation_account` [ RunTime:0.0164s ]
SQL: SHOW COLUMNS FROM `t_sale_operation_menu` [ RunTime:0.0118s ]
SQL: SELECT `id`,`name`,`class`,`level`,`controller` FROM `t_sale_operation_menu` WHERE ( status = 1 and pid = 0 ) ORDER BY id desc  [ RunTime:0.0098s ]
SQL: SELECT * FROM `t_sale_operation_menu` WHERE ( pid = 51 and status = 1 )  [ RunTime:0.0090s ]
SQL: SELECT * FROM `t_sale_operation_menu` WHERE ( pid = 32 and status = 1 )  [ RunTime:0.0087s ]
SQL: SELECT * FROM `t_sale_operation_menu` WHERE ( pid = 11 and status = 1 )  [ RunTime:0.0157s ]
SQL: SELECT * FROM `t_sale_operation_menu` WHERE ( pid = 2 and status = 1 )  [ RunTime:0.0148s ]
SQL: SHOW COLUMNS FROM `t_sale_operation_auth_group_access` [ RunTime:0.0103s ]
SQL: SELECT `uid`,`group_id`,`title`,`rules` FROM t_sale_operation_auth_group_access a INNER JOIN t_sale_operation_auth_group g on a.group_id=g.id  WHERE ( a.uid='1' and g.status='1' )  [ RunTime:0.0105s ]
SQL: SHOW COLUMNS FROM `t_sale_operation_auth_rule` [ RunTime:0.0149s ]
SQL: SELECT `condition`,`name` FROM `t_sale_operation_auth_rule` WHERE `id` IN ('7','34','3','73','82','4','19','5','18','81','72','79','80','83','84','85','86','87','35','1','12','52','64','65','2','54','55','59','60','8','9','56','57','58','70','10','51','61','62','67','66','69','74','75','78','76','77') AND `status` = 1  [ RunTime:0.0112s ]
NOTIC: [8] Undefined offset: 3 /data/webdata/sale_operation_admin/Application/PeopleSoft/Library/BaseController.class.php 第 112 行.
INFO: [ view_parse ] --START--
NOTIC: [2] file_get_contents(./Application/PeopleSoft/View/public/breadcrumb.html): failed to open stream: No such file or directory /data/webdata/sale_operation_admin/ThinkPHP/Library/Think/Template.class.php 第 696 行.
INFO: [ template_filter ] --START--
INFO: Run Behavior\ContentReplaceBehavior [ RunTime:0.000046s ]
INFO: [ template_filter ] --END-- [ RunTime:0.000074s ]
NOTIC: [8] Undefined variable: goods_category_info /data/webdata/sale_operation_admin/Application/Runtime/Cache/PeopleSoft/fa0a6e98c679246d61b2af1eb06cf582.php 第 224 行.
NOTIC: [8] Undefined variable: goods_category_info /data/webdata/sale_operation_admin/Application/Runtime/Cache/PeopleSoft/fa0a6e98c679246d61b2af1eb06cf582.php 第 231 行.
NOTIC: [8] Undefined variable: cat_list /data/webdata/sale_operation_admin/Application/Runtime/Cache/PeopleSoft/fa0a6e98c679246d61b2af1eb06cf582.php 第 241 行.
NOTIC: [8] Use of undefined constant is_show - assumed 'is_show' /data/webdata/sale_operation_admin/Application/Runtime/Cache/PeopleSoft/fa0a6e98c679246d61b2af1eb06cf582.php 第 255 行.
NOTIC: [8] Undefined variable: goods_category_info /data/webdata/sale_operation_admin/Application/Runtime/Cache/PeopleSoft/fa0a6e98c679246d61b2af1eb06cf582.php 第 255 行.
NOTIC: [8] Use of undefined constant is_show - assumed 'is_show' /data/webdata/sale_operation_admin/Application/Runtime/Cache/PeopleSoft/fa0a6e98c679246d61b2af1eb06cf582.php 第 255 行.
NOTIC: [8] Undefined variable: goods_category_info /data/webdata/sale_operation_admin/Application/Runtime/Cache/PeopleSoft/fa0a6e98c679246d61b2af1eb06cf582.php 第 255 行.
NOTIC: [8] Use of undefined constant cat_group - assumed 'cat_group' /data/webdata/sale_operation_admin/Application/Runtime/Cache/PeopleSoft/fa0a6e98c679246d61b2af1eb06cf582.php 第 269 行.
NOTIC: [8] Undefined variable: goods_category_info /data/webdata/sale_operation_admin/Application/Runtime/Cache/PeopleSoft/fa0a6e98c679246d61b2af1eb06cf582.php 第 269 行.
NOTIC: [8] Use of undefined constant cat_group - assumed 'cat_group' /data/webdata/sale_operation_admin/Application/Runtime/Cache/PeopleSoft/fa0a6e98c679246d61b2af1eb06cf582.php 第 270 行.
NOTIC: [8] Undefined variable: goods_category_info /data/webdata/sale_operation_admin/Application/Runtime/Cache/PeopleSoft/fa0a6e98c679246d61b2af1eb06cf582.php 第 270 行.
NOTIC: [8] Use of undefined constant cat_group - assumed 'cat_group' /data/webdata/sale_operation_admin/Application/Runtime/Cache/PeopleSoft/fa0a6e98c679246d61b2af1eb06cf582.php 第 271 行.
NOTIC: [8] Undefined variable: goods_category_info /data/webdata/sale_operation_admin/Application/Runtime/Cache/PeopleSoft/fa0a6e98c679246d61b2af1eb06cf582.php 第 271 行.
NOTIC: [8] Use of undefined constant cat_group - assumed 'cat_group' /data/webdata/sale_operation_admin/Application/Runtime/Cache/PeopleSoft/fa0a6e98c679246d61b2af1eb06cf582.php 第 272 行.
NOTIC: [8] Undefined variable: goods_category_info /data/webdata/sale_operation_admin/Application/Runtime/Cache/PeopleSoft/fa0a6e98c679246d61b2af1eb06cf582.php 第 272 行.
NOTIC: [8] Use of undefined constant cat_group - assumed 'cat_group' /data/webdata/sale_operation_admin/Application/Runtime/Cache/PeopleSoft/fa0a6e98c679246d61b2af1eb06cf582.php 第 273 行.
NOTIC: [8] Undefined variable: goods_category_info /data/webdata/sale_operation_admin/Application/Runtime/Cache/PeopleSoft/fa0a6e98c679246d61b2af1eb06cf582.php 第 273 行.
NOTIC: [8] Use of undefined constant cat_group - assumed 'cat_group' /data/webdata/sale_operation_admin/Application/Runtime/Cache/PeopleSoft/fa0a6e98c679246d61b2af1eb06cf582.php 第 274 行.
NOTIC: [8] Undefined variable: goods_category_info /data/webdata/sale_operation_admin/Application/Runtime/Cache/PeopleSoft/fa0a6e98c679246d61b2af1eb06cf582.php 第 274 行.
NOTIC: [8] Use of undefined constant cat_group - assumed 'cat_group' /data/webdata/sale_operation_admin/Application/Runtime/Cache/PeopleSoft/fa0a6e98c679246d61b2af1eb06cf582.php 第 275 行.
NOTIC: [8] Undefined variable: goods_category_info /data/webdata/sale_operation_admin/Application/Runtime/Cache/PeopleSoft/fa0a6e98c679246d61b2af1eb06cf582.php 第 275 行.
NOTIC: [8] Use of undefined constant cat_group - assumed 'cat_group' /data/webdata/sale_operation_admin/Application/Runtime/Cache/PeopleSoft/fa0a6e98c679246d61b2af1eb06cf582.php 第 276 行.
NOTIC: [8] Undefined variable: goods_category_info /data/webdata/sale_operation_admin/Application/Runtime/Cache/PeopleSoft/fa0a6e98c679246d61b2af1eb06cf582.php 第 276 行.
NOTIC: [8] Use of undefined constant cat_group - assumed 'cat_group' /data/webdata/sale_operation_admin/Application/Runtime/Cache/PeopleSoft/fa0a6e98c679246d61b2af1eb06cf582.php 第 277 行.
NOTIC: [8] Undefined variable: goods_category_info /data/webdata/sale_operation_admin/Application/Runtime/Cache/PeopleSoft/fa0a6e98c679246d61b2af1eb06cf582.php 第 277 行.
NOTIC: [8] Use of undefined constant cat_group - assumed 'cat_group' /data/webdata/sale_operation_admin/Application/Runtime/Cache/PeopleSoft/fa0a6e98c679246d61b2af1eb06cf582.php 第 278 行.
NOTIC: [8] Undefined variable: goods_category_info /data/webdata/sale_operation_admin/Application/Runtime/Cache/PeopleSoft/fa0a6e98c679246d61b2af1eb06cf582.php 第 278 行.
NOTIC: [8] Use of undefined constant cat_group - assumed 'cat_group' /data/webdata/sale_operation_admin/Application/Runtime/Cache/PeopleSoft/fa0a6e98c679246d61b2af1eb06cf582.php 第 279 行.
NOTIC: [8] Undefined variable: goods_category_info /data/webdata/sale_operation_admin/Application/Runtime/Cache/PeopleSoft/fa0a6e98c679246d61b2af1eb06cf582.php 第 279 行.
NOTIC: [8] Use of undefined constant cat_group - assumed 'cat_group' /data/webdata/sale_operation_admin/Application/Runtime/Cache/PeopleSoft/fa0a6e98c679246d61b2af1eb06cf582.php 第 280 行.
NOTIC: [8] Undefined variable: goods_category_info /data/webdata/sale_operation_admin/Application/Runtime/Cache/PeopleSoft/fa0a6e98c679246d61b2af1eb06cf582.php 第 280 行.
NOTIC: [8] Use of undefined constant cat_group - assumed 'cat_group' /data/webdata/sale_operation_admin/Application/Runtime/Cache/PeopleSoft/fa0a6e98c679246d61b2af1eb06cf582.php 第 281 行.
NOTIC: [8] Undefined variable: goods_category_info /data/webdata/sale_operation_admin/Application/Runtime/Cache/PeopleSoft/fa0a6e98c679246d61b2af1eb06cf582.php 第 281 行.
NOTIC: [8] Use of undefined constant cat_group - assumed 'cat_group' /data/webdata/sale_operation_admin/Application/Runtime/Cache/PeopleSoft/fa0a6e98c679246d61b2af1eb06cf582.php 第 282 行.
NOTIC: [8] Undefined variable: goods_category_info /data/webdata/sale_operation_admin/Application/Runtime/Cache/PeopleSoft/fa0a6e98c679246d61b2af1eb06cf582.php 第 282 行.
NOTIC: [8] Use of undefined constant cat_group - assumed 'cat_group' /data/webdata/sale_operation_admin/Application/Runtime/Cache/PeopleSoft/fa0a6e98c679246d61b2af1eb06cf582.php 第 283 行.
NOTIC: [8] Undefined variable: goods_category_info /data/webdata/sale_operation_admin/Application/Runtime/Cache/PeopleSoft/fa0a6e98c679246d61b2af1eb06cf582.php 第 283 行.
NOTIC: [8] Use of undefined constant cat_group - assumed 'cat_group' /data/webdata/sale_operation_admin/Application/Runtime/Cache/PeopleSoft/fa0a6e98c679246d61b2af1eb06cf582.php 第 284 行.
NOTIC: [8] Undefined variable: goods_category_info /data/webdata/sale_operation_admin/Application/Runtime/Cache/PeopleSoft/fa0a6e98c679246d61b2af1eb06cf582.php 第 284 行.
NOTIC: [8] Use of undefined constant cat_group - assumed 'cat_group' /data/webdata/sale_operation_admin/Application/Runtime/Cache/PeopleSoft/fa0a6e98c679246d61b2af1eb06cf582.php 第 285 行.
NOTIC: [8] Undefined variable: goods_category_info /data/webdata/sale_operation_admin/Application/Runtime/Cache/PeopleSoft/fa0a6e98c679246d61b2af1eb06cf582.php 第 285 行.
NOTIC: [8] Use of undefined constant cat_group - assumed 'cat_group' /data/webdata/sale_operation_admin/Application/Runtime/Cache/PeopleSoft/fa0a6e98c679246d61b2af1eb06cf582.php 第 286 行.
NOTIC: [8] Undefined variable: goods_category_info /data/webdata/sale_operation_admin/Application/Runtime/Cache/PeopleSoft/fa0a6e98c679246d61b2af1eb06cf582.php 第 286 行.
NOTIC: [8] Use of undefined constant cat_group - assumed 'cat_group' /data/webdata/sale_operation_admin/Application/Runtime/Cache/PeopleSoft/fa0a6e98c679246d61b2af1eb06cf582.php 第 287 行.
NOTIC: [8] Undefined variable: goods_category_info /data/webdata/sale_operation_admin/Application/Runtime/Cache/PeopleSoft/fa0a6e98c679246d61b2af1eb06cf582.php 第 287 行.
NOTIC: [8] Use of undefined constant cat_group - assumed 'cat_group' /data/webdata/sale_operation_admin/Application/Runtime/Cache/PeopleSoft/fa0a6e98c679246d61b2af1eb06cf582.php 第 288 行.
NOTIC: [8] Undefined variable: goods_category_info /data/webdata/sale_operation_admin/Application/Runtime/Cache/PeopleSoft/fa0a6e98c679246d61b2af1eb06cf582.php 第 288 行.
NOTIC: [8] Undefined variable: goods_category_info /data/webdata/sale_operation_admin/Application/Runtime/Cache/PeopleSoft/fa0a6e98c679246d61b2af1eb06cf582.php 第 298 行.
NOTIC: [8] Undefined variable: goods_category_info /data/webdata/sale_operation_admin/Application/Runtime/Cache/PeopleSoft/fa0a6e98c679246d61b2af1eb06cf582.php 第 304 行.
NOTIC: [8] Undefined variable: goods_category_info /data/webdata/sale_operation_admin/Application/Runtime/Cache/PeopleSoft/fa0a6e98c679246d61b2af1eb06cf582.php 第 319 行.
NOTIC: [8] Undefined variable: level_cat /data/webdata/sale_operation_admin/Application/Runtime/Cache/PeopleSoft/fa0a6e98c679246d61b2af1eb06cf582.php 第 333 行.
NOTIC: [8] Undefined variable: level_cat /data/webdata/sale_operation_admin/Application/Runtime/Cache/PeopleSoft/fa0a6e98c679246d61b2af1eb06cf582.php 第 336 行.
INFO: Run Behavior\ParseTemplateBehavior [ RunTime:0.010812s ]
INFO: [ view_parse ] --END-- [ RunTime:0.010833s ]
INFO: [ view_filter ] --START--
INFO: Run Behavior\WriteHtmlCacheBehavior [ RunTime:0.000384s ]
INFO: [ view_filter ] --END-- [ RunTime:0.000405s ]
INFO: [ app_end ] --START--
INFO: Run Behavior\ShowPageTraceBehavior [ RunTime:0.000648s ]
INFO: [ app_end ] --END-- [ RunTime:0.000673s ]

[ 2017-11-08T13:57:50+08:00 ] 127.0.0.1 /Public/css/bootstrap.min.css.map
INFO: [ app_init ] --START--
INFO: Run Behavior\BuildLiteBehavior [ RunTime:0.000023s ]
INFO: [ app_init ] --END-- [ RunTime:0.000186s ]
INFO: [ app_begin ] --START--
INFO: Run Behavior\ReadHtmlCacheBehavior [ RunTime:0.000208s ]
INFO: [ app_begin ] --END-- [ RunTime:0.000231s ]
ERR: 无法加载控制器:Public

[ 2017-11-08T13:57:50+08:00 ] 127.0.0.1 /Public/js/plugins/metisMenu/metisMenu.js.map
INFO: [ app_init ] --START--
INFO: Run Behavior\BuildLiteBehavior [ RunTime:0.000009s ]
INFO: [ app_init ] --END-- [ RunTime:0.000193s ]
INFO: [ app_begin ] --START--
INFO: Run Behavior\ReadHtmlCacheBehavior [ RunTime:0.000253s ]
INFO: [ app_begin ] --END-- [ RunTime:0.000329s ]
ERR: 无法加载控制器:Public

[ 2017-11-08T13:57:53+08:00 ] 127.0.0.1 /index.php?m=Admin&c=Uploadify&a=upload&num=1&input=image&path=category&func=undefined
INFO: [ app_init ] --START--
INFO: Run Behavior\BuildLiteBehavior [ RunTime:0.000010s ]
INFO: [ app_init ] --END-- [ RunTime:0.000183s ]
INFO: [ app_begin ] --START--
INFO: Run Behavior\ReadHtmlCacheBehavior [ RunTime:0.000255s ]
INFO: [ app_begin ] --END-- [ RunTime:0.000283s ]
ERR: 无法加载控制器:Uploadify

[ 2017-11-08T18:32:35+08:00 ] 127.0.0.1 /salecontrol/product
INFO: [ app_init ] --START--
INFO: Run Behavior\BuildLiteBehavior [ RunTime:0.000009s ]
INFO: [ app_init ] --END-- [ RunTime:0.000586s ]
INFO: [ app_begin ] --START--
INFO: Run Behavior\ReadHtmlCacheBehavior [ RunTime:0.000792s ]
INFO: [ app_begin ] --END-- [ RunTime:0.000861s ]
SQL: SHOW COLUMNS FROM `t_sale_operation_account` [ RunTime:0.0084s ]

[ 2017-11-08T18:32:35+08:00 ] 127.0.0.1 /user/login
INFO: [ app_init ] --START--
INFO: Run Behavior\BuildLiteBehavior [ RunTime:0.000006s ]
INFO: [ app_init ] --END-- [ RunTime:0.000141s ]
INFO: [ app_begin ] --START--
INFO: Run Behavior\ReadHtmlCacheBehavior [ RunTime:0.000178s ]
INFO: [ app_begin ] --END-- [ RunTime:0.000198s ]
SQL: SHOW COLUMNS FROM `t_sale_operation_account` [ RunTime:0.0102s ]
NOTIC: [8] Undefined offset: 3 /data/webdata/sale_operation_admin/Application/PeopleSoft/Library/BaseController.class.php 第 112 行.
INFO: [ view_parse ] --START--
INFO: [ template_filter ] --START--
INFO: Run Behavior\ContentReplaceBehavior [ RunTime:0.000036s ]
INFO: [ template_filter ] --END-- [ RunTime:0.000066s ]
INFO: Run Behavior\ParseTemplateBehavior [ RunTime:0.005088s ]
INFO: [ view_parse ] --END-- [ RunTime:0.005112s ]
INFO: [ view_filter ] --START--
INFO: Run Behavior\WriteHtmlCacheBehavior [ RunTime:0.000417s ]
INFO: [ view_filter ] --END-- [ RunTime:0.000468s ]
INFO: [ app_end ] --START--
INFO: Run Behavior\ShowPageTraceBehavior [ RunTime:0.001246s ]
INFO: [ app_end ] --END-- [ RunTime:0.001316s ]

[ 2017-11-08T18:32:36+08:00 ] 127.0.0.1 /user/login
INFO: [ app_init ] --START--
INFO: Run Behavior\BuildLiteBehavior [ RunTime:0.000005s ]
INFO: [ app_init ] --END-- [ RunTime:0.000146s ]
INFO: [ app_begin ] --START--
INFO: Run Behavior\ReadHtmlCacheBehavior [ RunTime:0.000231s ]
INFO: [ app_begin ] --END-- [ RunTime:0.000266s ]
SQL: SHOW COLUMNS FROM `t_sale_operation_account` [ RunTime:0.0086s ]
NOTIC: [8] Undefined offset: 3 /data/webdata/sale_operation_admin/Application/PeopleSoft/Library/BaseController.class.php 第 112 行.
SQL: SHOW COLUMNS FROM `t_sale_operation_account` [ RunTime:0.0116s ]
SQL: SELECT * FROM `t_sale_operation_account` WHERE ( Faccount = 'admin' ) LIMIT 1   [ RunTime:0.0102s ]
SQL: SHOW COLUMNS FROM `t_sale_operation_log` [ RunTime:0.0085s ]
SQL: INSERT INTO `t_sale_operation_log` (`uid`,`account`,`content`,`type`,`create_at`) VALUES ('1','admin','{\"userAgent\":\"Mozilla\\/5.0 (Macintosh; Intel Mac OS X 10_12_6) AppleWebKit\\/537.36 (KHTML, like Gecko) Chrome\\/62.0.3202.89 Safari\\/537.36\",\"userIP\":\"127.0.0.1\"}','1','1510137156') [ RunTime:0.0200s ]
SQL: UPDATE `t_sale_operation_account` SET `FlastLoginTime`='1510137156',`FloginCount`='99',`FlastLoginIp`='127.0.0.1' WHERE ( Faccount = 'admin' ) [ RunTime:0.0084s ]

[ 2017-11-08T18:32:37+08:00 ] 127.0.0.1 /index
INFO: [ app_init ] --START--
INFO: Run Behavior\BuildLiteBehavior [ RunTime:0.000007s ]
INFO: [ app_init ] --END-- [ RunTime:0.000150s ]
INFO: [ app_begin ] --START--
INFO: Run Behavior\ReadHtmlCacheBehavior [ RunTime:0.000264s ]
INFO: [ app_begin ] --END-- [ RunTime:0.000285s ]
SQL: SHOW COLUMNS FROM `t_sale_operation_account` [ RunTime:0.0082s ]
SQL: SHOW COLUMNS FROM `t_sale_operation_menu` [ RunTime:0.0081s ]
SQL: SELECT `id`,`name`,`class`,`level`,`controller` FROM `t_sale_operation_menu` WHERE ( status = 1 and pid = 0 ) ORDER BY id desc  [ RunTime:0.0072s ]
SQL: SELECT * FROM `t_sale_operation_menu` WHERE ( pid = 51 and status = 1 )  [ RunTime:0.0090s ]
SQL: SELECT * FROM `t_sale_operation_menu` WHERE ( pid = 32 and status = 1 )  [ RunTime:0.0073s ]
SQL: SELECT * FROM `t_sale_operation_menu` WHERE ( pid = 11 and status = 1 )  [ RunTime:0.0073s ]
SQL: SELECT * FROM `t_sale_operation_menu` WHERE ( pid = 2 and status = 1 )  [ RunTime:0.0077s ]
SQL: SHOW COLUMNS FROM `t_sale_operation_auth_group_access` [ RunTime:0.0081s ]
SQL: SELECT `uid`,`group_id`,`title`,`rules` FROM t_sale_operation_auth_group_access a INNER JOIN t_sale_operation_auth_group g on a.group_id=g.id  WHERE ( a.uid='1' and g.status='1' )  [ RunTime:0.0074s ]
SQL: SHOW COLUMNS FROM `t_sale_operation_auth_rule` [ RunTime:0.0081s ]
SQL: SELECT `condition`,`name` FROM `t_sale_operation_auth_rule` WHERE `id` IN ('7','34','3','73','82','4','19','5','18','81','72','79','80','83','84','85','86','87','35','1','12','52','64','65','2','54','55','59','60','8','9','56','57','58','70','10','51','61','62','67','66','69','74','75','78','76','77') AND `status` = 1  [ RunTime:0.0101s ]
NOTIC: [8] Undefined offset: 3 /data/webdata/sale_operation_admin/Application/PeopleSoft/Library/BaseController.class.php 第 112 行.
NOTIC: [8] Undefined offset: 3 /data/webdata/sale_operation_admin/Application/PeopleSoft/Library/BaseController.class.php 第 112 行.
SQL: SHOW COLUMNS FROM `t_sale_accoutinfo` [ RunTime:0.0107s ]
SQL: SHOW COLUMNS FROM `t_sale_accoutinfo` [ RunTime:0.0092s ]
SQL: SELECT COUNT(*) AS tp_count FROM `t_sale_accoutinfo` LIMIT 1   [ RunTime:0.0071s ]
SQL: SHOW COLUMNS FROM `t_sale_orderinfo` [ RunTime:0.0080s ]
SQL: SELECT COUNT(*) AS tp_count FROM `t_sale_orderinfo` LIMIT 1   [ RunTime:0.0089s ]
SQL: SHOW COLUMNS FROM `t_sale_supplies` [ RunTime:0.0075s ]
SQL: SELECT COUNT(*) AS tp_count FROM `t_sale_supplies` LIMIT 1   [ RunTime:0.0072s ]
SQL: SELECT COUNT(*) AS tp_count FROM `t_sale_orderinfo` WHERE ( order_status = 4 ) LIMIT 1   [ RunTime:0.0073s ]
INFO: [ view_parse ] --START--
INFO: [ template_filter ] --START--
INFO: Run Behavior\ContentReplaceBehavior [ RunTime:0.000032s ]
INFO: [ template_filter ] --END-- [ RunTime:0.000057s ]
NOTIC: [8] Undefined variable: controllerName /data/webdata/sale_operation_admin/Application/Runtime/Cache/PeopleSoft/220f8b7fcd99d94a83c3aa30e9f4f42c.php 第 45 行.
NOTIC: [8] Undefined variable: controllerName /data/webdata/sale_operation_admin/Application/Runtime/Cache/PeopleSoft/220f8b7fcd99d94a83c3aa30e9f4f42c.php 第 45 行.
NOTIC: [8] Undefined variable: controllerName /data/webdata/sale_operation_admin/Application/Runtime/Cache/PeopleSoft/220f8b7fcd99d94a83c3aa30e9f4f42c.php 第 45 行.
INFO: Run Behavior\ParseTemplateBehavior [ RunTime:0.006283s ]
INFO: [ view_parse ] --END-- [ RunTime:0.006304s ]
INFO: [ view_filter ] --START--
INFO: Run Behavior\WriteHtmlCacheBehavior [ RunTime:0.000072s ]
INFO: [ view_filter ] --END-- [ RunTime:0.000088s ]
INFO: [ app_end ] --START--
INFO: Run Behavior\ShowPageTraceBehavior [ RunTime:0.000298s ]
INFO: [ app_end ] --END-- [ RunTime:0.000330s ]

[ 2017-11-08T19:03:08+08:00 ] 127.0.0.1 /index
INFO: [ app_init ] --START--
INFO: Run Behavior\BuildLiteBehavior [ RunTime:0.000007s ]
INFO: [ app_init ] --END-- [ RunTime:0.000178s ]
INFO: [ app_begin ] --START--
INFO: Run Behavior\ReadHtmlCacheBehavior [ RunTime:0.000191s ]
INFO: [ app_begin ] --END-- [ RunTime:0.000213s ]
SQL: SHOW COLUMNS FROM `t_sale_operation_account` [ RunTime:0.0105s ]
SQL: SHOW COLUMNS FROM `t_sale_operation_menu` [ RunTime:0.0116s ]
SQL: SELECT `id`,`name`,`class`,`level`,`controller` FROM `t_sale_operation_menu` WHERE ( status = 1 and pid = 0 ) ORDER BY id desc  [ RunTime:0.0090s ]
SQL: SELECT * FROM `t_sale_operation_menu` WHERE ( pid = 51 and status = 1 )  [ RunTime:0.0078s ]
SQL: SELECT * FROM `t_sale_operation_menu` WHERE ( pid = 32 and status = 1 )  [ RunTime:0.0086s ]
SQL: SELECT * FROM `t_sale_operation_menu` WHERE ( pid = 11 and status = 1 )  [ RunTime:0.0090s ]
SQL: SELECT * FROM `t_sale_operation_menu` WHERE ( pid = 2 and status = 1 )  [ RunTime:0.0085s ]
SQL: SHOW COLUMNS FROM `t_sale_operation_auth_group_access` [ RunTime:0.0133s ]
SQL: SELECT `uid`,`group_id`,`title`,`rules` FROM t_sale_operation_auth_group_access a INNER JOIN t_sale_operation_auth_group g on a.group_id=g.id  WHERE ( a.uid='1' and g.status='1' )  [ RunTime:0.0087s ]
SQL: SHOW COLUMNS FROM `t_sale_operation_auth_rule` [ RunTime:0.0100s ]
SQL: SELECT `condition`,`name` FROM `t_sale_operation_auth_rule` WHERE `id` IN ('7','34','3','73','82','4','19','5','18','81','72','79','80','83','84','85','86','87','35','1','12','52','64','65','2','54','55','59','60','8','9','56','57','58','70','10','51','61','62','67','66','69','74','75','78','76','77') AND `status` = 1  [ RunTime:0.0089s ]
NOTIC: [8] Undefined offset: 3 /data/webdata/sale_operation_admin/Application/PeopleSoft/Library/BaseController.class.php 第 112 行.
NOTIC: [8] Undefined offset: 3 /data/webdata/sale_operation_admin/Application/PeopleSoft/Library/BaseController.class.php 第 112 行.
SQL: SHOW COLUMNS FROM `t_sale_accoutinfo` [ RunTime:0.0079s ]
SQL: SHOW COLUMNS FROM `t_sale_accoutinfo` [ RunTime:0.0077s ]
SQL: SELECT COUNT(*) AS tp_count FROM `t_sale_accoutinfo` LIMIT 1   [ RunTime:0.0097s ]
SQL: SHOW COLUMNS FROM `t_sale_orderinfo` [ RunTime:0.0114s ]
SQL: SELECT COUNT(*) AS tp_count FROM `t_sale_orderinfo` LIMIT 1   [ RunTime:0.0171s ]
SQL: SHOW COLUMNS FROM `t_sale_supplies` [ RunTime:0.0103s ]
SQL: SELECT COUNT(*) AS tp_count FROM `t_sale_supplies` LIMIT 1   [ RunTime:0.0074s ]
SQL: SELECT COUNT(*) AS tp_count FROM `t_sale_orderinfo` WHERE ( order_status = 4 ) LIMIT 1   [ RunTime:0.0086s ]
INFO: [ view_parse ] --START--
INFO: [ template_filter ] --START--
INFO: Run Behavior\ContentReplaceBehavior [ RunTime:0.000037s ]
INFO: [ template_filter ] --END-- [ RunTime:0.000064s ]
NOTIC: [8] Undefined variable: controllerName /data/webdata/sale_operation_admin/Application/Runtime/Cache/PeopleSoft/220f8b7fcd99d94a83c3aa30e9f4f42c.php 第 45 行.
NOTIC: [8] Undefined variable: controllerName /data/webdata/sale_operation_admin/Application/Runtime/Cache/PeopleSoft/220f8b7fcd99d94a83c3aa30e9f4f42c.php 第 45 行.
NOTIC: [8] Undefined variable: controllerName /data/webdata/sale_operation_admin/Application/Runtime/Cache/PeopleSoft/220f8b7fcd99d94a83c3aa30e9f4f42c.php 第 45 行.
INFO: Run Behavior\ParseTemplateBehavior [ RunTime:0.006185s ]
INFO: [ view_parse ] --END-- [ RunTime:0.006226s ]
INFO: [ view_filter ] --START--
INFO: Run Behavior\WriteHtmlCacheBehavior [ RunTime:0.000092s ]
INFO: [ view_filter ] --END-- [ RunTime:0.000122s ]
INFO: [ app_end ] --START--
INFO: Run Behavior\ShowPageTraceBehavior [ RunTime:0.000354s ]
INFO: [ app_end ] --END-- [ RunTime:0.000399s ]

[ 2017-11-08T19:03:09+08:00 ] 127.0.0.1 /index
INFO: [ app_init ] --START--
INFO: Run Behavior\BuildLiteBehavior [ RunTime:0.000011s ]
INFO: [ app_init ] --END-- [ RunTime:0.000201s ]
INFO: [ app_begin ] --START--
INFO: Run Behavior\ReadHtmlCacheBehavior [ RunTime:0.000301s ]
INFO: [ app_begin ] --END-- [ RunTime:0.000340s ]
SQL: SHOW COLUMNS FROM `t_sale_operation_account` [ RunTime:0.0087s ]
SQL: SHOW COLUMNS FROM `t_sale_operation_menu` [ RunTime:0.0096s ]
SQL: SELECT `id`,`name`,`class`,`level`,`controller` FROM `t_sale_operation_menu` WHERE ( status = 1 and pid = 0 ) ORDER BY id desc  [ RunTime:0.0082s ]
SQL: SELECT * FROM `t_sale_operation_menu` WHERE ( pid = 51 and status = 1 )  [ RunTime:0.0092s ]
SQL: SELECT * FROM `t_sale_operation_menu` WHERE ( pid = 32 and status = 1 )  [ RunTime:0.0085s ]
SQL: SELECT * FROM `t_sale_operation_menu` WHERE ( pid = 11 and status = 1 )  [ RunTime:0.0140s ]
SQL: SELECT * FROM `t_sale_operation_menu` WHERE ( pid = 2 and status = 1 )  [ RunTime:0.0094s ]
SQL: SHOW COLUMNS FROM `t_sale_operation_auth_group_access` [ RunTime:0.0119s ]
SQL: SELECT `uid`,`group_id`,`title`,`rules` FROM t_sale_operation_auth_group_access a INNER JOIN t_sale_operation_auth_group g on a.group_id=g.id  WHERE ( a.uid='1' and g.status='1' )  [ RunTime:0.0128s ]
SQL: SHOW COLUMNS FROM `t_sale_operation_auth_rule` [ RunTime:0.0096s ]
SQL: SELECT `condition`,`name` FROM `t_sale_operation_auth_rule` WHERE `id` IN ('7','34','3','73','82','4','19','5','18','81','72','79','80','83','84','85','86','87','35','1','12','52','64','65','2','54','55','59','60','8','9','56','57','58','70','10','51','61','62','67','66','69','74','75','78','76','77') AND `status` = 1  [ RunTime:0.0074s ]
NOTIC: [8] Undefined offset: 3 /data/webdata/sale_operation_admin/Application/PeopleSoft/Library/BaseController.class.php 第 112 行.
NOTIC: [8] Undefined offset: 3 /data/webdata/sale_operation_admin/Application/PeopleSoft/Library/BaseController.class.php 第 112 行.
SQL: SHOW COLUMNS FROM `t_sale_accoutinfo` [ RunTime:0.0083s ]
SQL: SHOW COLUMNS FROM `t_sale_accoutinfo` [ RunTime:0.0074s ]
SQL: SELECT COUNT(*) AS tp_count FROM `t_sale_accoutinfo` LIMIT 1   [ RunTime:0.0081s ]
SQL: SHOW COLUMNS FROM `t_sale_orderinfo` [ RunTime:0.0086s ]
SQL: SELECT COUNT(*) AS tp_count FROM `t_sale_orderinfo` LIMIT 1   [ RunTime:0.0122s ]
SQL: SHOW COLUMNS FROM `t_sale_supplies` [ RunTime:0.0085s ]
SQL: SELECT COUNT(*) AS tp_count FROM `t_sale_supplies` LIMIT 1   [ RunTime:0.0083s ]
SQL: SELECT COUNT(*) AS tp_count FROM `t_sale_orderinfo` WHERE ( order_status = 4 ) LIMIT 1   [ RunTime:0.0138s ]
INFO: [ view_parse ] --START--
INFO: [ template_filter ] --START--
INFO: Run Behavior\ContentReplaceBehavior [ RunTime:0.000032s ]
INFO: [ template_filter ] --END-- [ RunTime:0.000063s ]
NOTIC: [8] Undefined variable: controllerName /data/webdata/sale_operation_admin/Application/Runtime/Cache/PeopleSoft/220f8b7fcd99d94a83c3aa30e9f4f42c.php 第 45 行.
NOTIC: [8] Undefined variable: controllerName /data/webdata/sale_operation_admin/Application/Runtime/Cache/PeopleSoft/220f8b7fcd99d94a83c3aa30e9f4f42c.php 第 45 行.
NOTIC: [8] Undefined variable: controllerName /data/webdata/sale_operation_admin/Application/Runtime/Cache/PeopleSoft/220f8b7fcd99d94a83c3aa30e9f4f42c.php 第 45 行.
INFO: Run Behavior\ParseTemplateBehavior [ RunTime:0.006195s ]
INFO: [ view_parse ] --END-- [ RunTime:0.006220s ]
INFO: [ view_filter ] --START--
INFO: Run Behavior\WriteHtmlCacheBehavior [ RunTime:0.000086s ]
INFO: [ view_filter ] --END-- [ RunTime:0.000103s ]
INFO: [ app_end ] --START--
INFO: Run Behavior\ShowPageTraceBehavior [ RunTime:0.000333s ]
INFO: [ app_end ] --END-- [ RunTime:0.000382s ]

