[ 2017-11-14T16:16:11+08:00 ] 127.0.0.1 /salecontrol/product
INFO: [ app_init ] --START--
INFO: Run Behavior\BuildLiteBehavior [ RunTime:0.000011s ]
INFO: [ app_init ] --END-- [ RunTime:0.000466s ]
INFO: [ app_begin ] --START--
INFO: Run Behavior\ReadHtmlCacheBehavior [ RunTime:0.000640s ]
INFO: [ app_begin ] --END-- [ RunTime:0.000674s ]
SQL: SHOW COLUMNS FROM `t_sale_operation_account` [ RunTime:0.0095s ]

[ 2017-11-14T16:16:12+08:00 ] 127.0.0.1 /user/login
INFO: [ app_init ] --START--
INFO: Run Behavior\BuildLiteBehavior [ RunTime:0.000014s ]
INFO: [ app_init ] --END-- [ RunTime:0.000160s ]
INFO: [ app_begin ] --START--
INFO: Run Behavior\ReadHtmlCacheBehavior [ RunTime:0.000210s ]
INFO: [ app_begin ] --END-- [ RunTime:0.000233s ]
SQL: SHOW COLUMNS FROM `t_sale_operation_account` [ RunTime:0.0142s ]
NOTIC: [8] Undefined offset: 3 /data/webdata/sale_operation_admin/Application/PeopleSoft/Library/BaseController.class.php 第 112 行.
INFO: [ view_parse ] --START--
INFO: [ template_filter ] --START--
INFO: Run Behavior\ContentReplaceBehavior [ RunTime:0.000037s ]
INFO: [ template_filter ] --END-- [ RunTime:0.000061s ]
INFO: Run Behavior\ParseTemplateBehavior [ RunTime:0.005817s ]
INFO: [ view_parse ] --END-- [ RunTime:0.005857s ]
INFO: [ view_filter ] --START--
INFO: Run Behavior\WriteHtmlCacheBehavior [ RunTime:0.000415s ]
INFO: [ view_filter ] --END-- [ RunTime:0.000438s ]
INFO: [ app_end ] --START--
INFO: Run Behavior\ShowPageTraceBehavior [ RunTime:0.000504s ]
INFO: [ app_end ] --END-- [ RunTime:0.000539s ]

[ 2017-11-14T16:16:13+08:00 ] 127.0.0.1 /user/login
INFO: [ app_init ] --START--
INFO: Run Behavior\BuildLiteBehavior [ RunTime:0.000021s ]
INFO: [ app_init ] --END-- [ RunTime:0.000191s ]
INFO: [ app_begin ] --START--
INFO: Run Behavior\ReadHtmlCacheBehavior [ RunTime:0.000183s ]
INFO: [ app_begin ] --END-- [ RunTime:0.000203s ]
SQL: SHOW COLUMNS FROM `t_sale_operation_account` [ RunTime:0.0187s ]
NOTIC: [8] Undefined offset: 3 /data/webdata/sale_operation_admin/Application/PeopleSoft/Library/BaseController.class.php 第 112 行.
SQL: SHOW COLUMNS FROM `t_sale_operation_account` [ RunTime:0.0100s ]
SQL: SELECT * FROM `t_sale_operation_account` WHERE ( Faccount = 'admin' ) LIMIT 1   [ RunTime:0.0092s ]
SQL: SHOW COLUMNS FROM `t_sale_operation_log` [ RunTime:0.0082s ]
SQL: INSERT INTO `t_sale_operation_log` (`uid`,`account`,`content`,`type`,`create_at`) VALUES ('1','admin','{\"userAgent\":\"Mozilla\\/5.0 (Macintosh; Intel Mac OS X 10_12_6) AppleWebKit\\/537.36 (KHTML, like Gecko) Chrome\\/62.0.3202.89 Safari\\/537.36\",\"userIP\":\"127.0.0.1\"}','1','1510647373') [ RunTime:0.0216s ]
SQL: UPDATE `t_sale_operation_account` SET `FlastLoginTime`='1510647373',`FloginCount`='101',`FlastLoginIp`='127.0.0.1' WHERE ( Faccount = 'admin' ) [ RunTime:0.0146s ]

[ 2017-11-14T16:16:14+08:00 ] 127.0.0.1 /index
INFO: [ app_init ] --START--
INFO: Run Behavior\BuildLiteBehavior [ RunTime:0.000008s ]
INFO: [ app_init ] --END-- [ RunTime:0.000172s ]
INFO: [ app_begin ] --START--
INFO: Run Behavior\ReadHtmlCacheBehavior [ RunTime:0.000202s ]
INFO: [ app_begin ] --END-- [ RunTime:0.000225s ]
SQL: SHOW COLUMNS FROM `t_sale_operation_account` [ RunTime:0.0128s ]
SQL: SHOW COLUMNS FROM `t_sale_operation_menu` [ RunTime:0.0131s ]
SQL: SELECT `id`,`name`,`class`,`level`,`controller` FROM `t_sale_operation_menu` WHERE ( status = 1 and pid = 0 ) ORDER BY id desc  [ RunTime:0.0124s ]
SQL: SELECT * FROM `t_sale_operation_menu` WHERE ( pid = 51 and status = 1 )  [ RunTime:0.0083s ]
SQL: SELECT * FROM `t_sale_operation_menu` WHERE ( pid = 32 and status = 1 )  [ RunTime:0.0179s ]
SQL: SELECT * FROM `t_sale_operation_menu` WHERE ( pid = 11 and status = 1 )  [ RunTime:0.0094s ]
SQL: SELECT * FROM `t_sale_operation_menu` WHERE ( pid = 2 and status = 1 )  [ RunTime:0.0087s ]
SQL: SHOW COLUMNS FROM `t_sale_operation_auth_group_access` [ RunTime:0.0105s ]
SQL: SELECT `uid`,`group_id`,`title`,`rules` FROM t_sale_operation_auth_group_access a INNER JOIN t_sale_operation_auth_group g on a.group_id=g.id  WHERE ( a.uid='1' and g.status='1' )  [ RunTime:0.0139s ]
SQL: SHOW COLUMNS FROM `t_sale_operation_auth_rule` [ RunTime:0.0175s ]
SQL: SELECT `condition`,`name` FROM `t_sale_operation_auth_rule` WHERE `id` IN ('7','34','3','73','82','4','19','5','18','81','72','79','80','83','84','85','86','87','35','1','12','52','64','65','2','54','55','59','60','8','9','56','57','58','70','10','51','61','62','67','66','69','74','75','78','76','77') AND `status` = 1  [ RunTime:0.0865s ]
NOTIC: [8] Undefined offset: 3 /data/webdata/sale_operation_admin/Application/PeopleSoft/Library/BaseController.class.php 第 112 行.
NOTIC: [8] Undefined offset: 3 /data/webdata/sale_operation_admin/Application/PeopleSoft/Library/BaseController.class.php 第 112 行.
SQL: SHOW COLUMNS FROM `t_sale_accoutinfo` [ RunTime:0.0102s ]
SQL: SHOW COLUMNS FROM `t_sale_accoutinfo` [ RunTime:0.0118s ]
SQL: SELECT COUNT(*) AS tp_count FROM `t_sale_accoutinfo` LIMIT 1   [ RunTime:0.0183s ]
SQL: SHOW COLUMNS FROM `t_sale_orderinfo` [ RunTime:0.0139s ]
SQL: SELECT COUNT(*) AS tp_count FROM `t_sale_orderinfo` LIMIT 1   [ RunTime:0.0083s ]
SQL: SHOW COLUMNS FROM `t_sale_supplies` [ RunTime:0.0100s ]
SQL: SELECT COUNT(*) AS tp_count FROM `t_sale_supplies` LIMIT 1   [ RunTime:0.0095s ]
SQL: SELECT COUNT(*) AS tp_count FROM `t_sale_orderinfo` WHERE ( order_status = 4 ) LIMIT 1   [ RunTime:0.0095s ]
INFO: [ view_parse ] --START--
INFO: [ template_filter ] --START--
INFO: Run Behavior\ContentReplaceBehavior [ RunTime:0.000042s ]
INFO: [ template_filter ] --END-- [ RunTime:0.000074s ]
NOTIC: [8] Undefined variable: controllerName /data/webdata/sale_operation_admin/Application/Runtime/Cache/PeopleSoft/220f8b7fcd99d94a83c3aa30e9f4f42c.php 第 45 行.
NOTIC: [8] Undefined variable: controllerName /data/webdata/sale_operation_admin/Application/Runtime/Cache/PeopleSoft/220f8b7fcd99d94a83c3aa30e9f4f42c.php 第 45 行.
NOTIC: [8] Undefined variable: controllerName /data/webdata/sale_operation_admin/Application/Runtime/Cache/PeopleSoft/220f8b7fcd99d94a83c3aa30e9f4f42c.php 第 45 行.
INFO: Run Behavior\ParseTemplateBehavior [ RunTime:0.009312s ]
INFO: [ view_parse ] --END-- [ RunTime:0.009334s ]
INFO: [ view_filter ] --START--
INFO: Run Behavior\WriteHtmlCacheBehavior [ RunTime:0.000084s ]
INFO: [ view_filter ] --END-- [ RunTime:0.000100s ]
INFO: [ app_end ] --START--
INFO: Run Behavior\ShowPageTraceBehavior [ RunTime:0.000273s ]
INFO: [ app_end ] --END-- [ RunTime:0.000291s ]

[ 2017-11-14T16:16:16+08:00 ] 127.0.0.1 /salecontrol/feedback
INFO: [ app_init ] --START--
INFO: Run Behavior\BuildLiteBehavior [ RunTime:0.000006s ]
INFO: [ app_init ] --END-- [ RunTime:0.000150s ]
INFO: [ app_begin ] --START--
INFO: Run Behavior\ReadHtmlCacheBehavior [ RunTime:0.000188s ]
INFO: [ app_begin ] --END-- [ RunTime:0.000210s ]
SQL: SHOW COLUMNS FROM `t_sale_operation_account` [ RunTime:0.0123s ]
SQL: SHOW COLUMNS FROM `t_sale_operation_menu` [ RunTime:0.0095s ]
SQL: SELECT `id`,`name`,`class`,`level`,`controller` FROM `t_sale_operation_menu` WHERE ( status = 1 and pid = 0 ) ORDER BY id desc  [ RunTime:0.0099s ]
SQL: SELECT * FROM `t_sale_operation_menu` WHERE ( pid = 51 and status = 1 )  [ RunTime:0.0071s ]
SQL: SELECT * FROM `t_sale_operation_menu` WHERE ( pid = 32 and status = 1 )  [ RunTime:0.0073s ]
SQL: SELECT * FROM `t_sale_operation_menu` WHERE ( pid = 11 and status = 1 )  [ RunTime:0.0086s ]
SQL: SELECT * FROM `t_sale_operation_menu` WHERE ( pid = 2 and status = 1 )  [ RunTime:0.0140s ]
SQL: SHOW COLUMNS FROM `t_sale_operation_auth_group_access` [ RunTime:0.0115s ]
SQL: SELECT `uid`,`group_id`,`title`,`rules` FROM t_sale_operation_auth_group_access a INNER JOIN t_sale_operation_auth_group g on a.group_id=g.id  WHERE ( a.uid='1' and g.status='1' )  [ RunTime:0.0087s ]
SQL: SHOW COLUMNS FROM `t_sale_operation_auth_rule` [ RunTime:0.0111s ]
SQL: SELECT `condition`,`name` FROM `t_sale_operation_auth_rule` WHERE `id` IN ('7','34','3','73','82','4','19','5','18','81','72','79','80','83','84','85','86','87','35','1','12','52','64','65','2','54','55','59','60','8','9','56','57','58','70','10','51','61','62','67','66','69','74','75','78','76','77') AND `status` = 1  [ RunTime:0.3312s ]
NOTIC: [8] Undefined offset: 3 /data/webdata/sale_operation_admin/Application/PeopleSoft/Library/BaseController.class.php 第 112 行.
NOTIC: [8] Undefined offset: 3 /data/webdata/sale_operation_admin/Application/PeopleSoft/Library/BaseController.class.php 第 112 行.
INFO: [ view_parse ] --START--
INFO: [ template_filter ] --START--
INFO: Run Behavior\ContentReplaceBehavior [ RunTime:0.000030s ]
INFO: [ template_filter ] --END-- [ RunTime:0.000057s ]
INFO: Run Behavior\ParseTemplateBehavior [ RunTime:0.005501s ]
INFO: [ view_parse ] --END-- [ RunTime:0.005527s ]
INFO: [ view_filter ] --START--
INFO: Run Behavior\WriteHtmlCacheBehavior [ RunTime:0.000081s ]
INFO: [ view_filter ] --END-- [ RunTime:0.000097s ]
INFO: [ app_end ] --START--
INFO: Run Behavior\ShowPageTraceBehavior [ RunTime:0.000283s ]
INFO: [ app_end ] --END-- [ RunTime:0.000303s ]

[ 2017-11-14T16:16:18+08:00 ] 127.0.0.1 /salecontrol/feedback/query
INFO: [ app_init ] --START--
INFO: Run Behavior\BuildLiteBehavior [ RunTime:0.000008s ]
INFO: [ app_init ] --END-- [ RunTime:0.000266s ]
INFO: [ app_begin ] --START--
INFO: Run Behavior\ReadHtmlCacheBehavior [ RunTime:0.000240s ]
INFO: [ app_begin ] --END-- [ RunTime:0.000270s ]
SQL: SHOW COLUMNS FROM `t_sale_operation_account` [ RunTime:0.0099s ]
SQL: SHOW COLUMNS FROM `t_sale_operation_menu` [ RunTime:0.0113s ]
SQL: SELECT `id`,`name`,`class`,`level`,`controller` FROM `t_sale_operation_menu` WHERE ( status = 1 and pid = 0 ) ORDER BY id desc  [ RunTime:0.0097s ]
SQL: SELECT * FROM `t_sale_operation_menu` WHERE ( pid = 51 and status = 1 )  [ RunTime:0.0086s ]
SQL: SELECT * FROM `t_sale_operation_menu` WHERE ( pid = 32 and status = 1 )  [ RunTime:0.0081s ]
SQL: SELECT * FROM `t_sale_operation_menu` WHERE ( pid = 11 and status = 1 )  [ RunTime:0.0085s ]
SQL: SELECT * FROM `t_sale_operation_menu` WHERE ( pid = 2 and status = 1 )  [ RunTime:0.0306s ]
SQL: SHOW COLUMNS FROM `t_sale_operation_auth_group_access` [ RunTime:0.0332s ]
SQL: SELECT `uid`,`group_id`,`title`,`rules` FROM t_sale_operation_auth_group_access a INNER JOIN t_sale_operation_auth_group g on a.group_id=g.id  WHERE ( a.uid='1' and g.status='1' )  [ RunTime:0.0274s ]
SQL: SHOW COLUMNS FROM `t_sale_operation_auth_rule` [ RunTime:0.0322s ]
SQL: SELECT `condition`,`name` FROM `t_sale_operation_auth_rule` WHERE `id` IN ('7','34','3','73','82','4','19','5','18','81','72','79','80','83','84','85','86','87','35','1','12','52','64','65','2','54','55','59','60','8','9','56','57','58','70','10','51','61','62','67','66','69','74','75','78','76','77') AND `status` = 1  [ RunTime:0.0353s ]
SQL: SHOW COLUMNS FROM `t_sale_orderinfo` [ RunTime:0.0204s ]
SQL: SHOW COLUMNS FROM `t_sale_opinion` [ RunTime:0.0289s ]
SQL: SELECT * FROM `t_sale_opinion` WHERE (  (  1=1 ) ) LIMIT 0,10   [ RunTime:0.0281s ]
SQL: SELECT COUNT(*) AS tp_count FROM `t_sale_opinion` LIMIT 1   [ RunTime:0.0251s ]
SQL: SELECT COUNT(*) AS tp_count FROM `t_sale_opinion` LIMIT 1   [ RunTime:0.2312s ]

[ 2017-11-14T16:16:19+08:00 ] 127.0.0.1 /salecontrol/saleservices
INFO: [ app_init ] --START--
INFO: Run Behavior\BuildLiteBehavior [ RunTime:0.000011s ]
INFO: [ app_init ] --END-- [ RunTime:0.000188s ]
INFO: [ app_begin ] --START--
INFO: Run Behavior\ReadHtmlCacheBehavior [ RunTime:0.000243s ]
INFO: [ app_begin ] --END-- [ RunTime:0.000272s ]
SQL: SHOW COLUMNS FROM `t_sale_operation_account` [ RunTime:0.0109s ]
SQL: SHOW COLUMNS FROM `t_sale_operation_menu` [ RunTime:0.0161s ]
SQL: SELECT `id`,`name`,`class`,`level`,`controller` FROM `t_sale_operation_menu` WHERE ( status = 1 and pid = 0 ) ORDER BY id desc  [ RunTime:0.0143s ]
SQL: SELECT * FROM `t_sale_operation_menu` WHERE ( pid = 51 and status = 1 )  [ RunTime:0.0193s ]
SQL: SELECT * FROM `t_sale_operation_menu` WHERE ( pid = 32 and status = 1 )  [ RunTime:0.0150s ]
SQL: SELECT * FROM `t_sale_operation_menu` WHERE ( pid = 11 and status = 1 )  [ RunTime:0.0095s ]
SQL: SELECT * FROM `t_sale_operation_menu` WHERE ( pid = 2 and status = 1 )  [ RunTime:0.0089s ]
SQL: SHOW COLUMNS FROM `t_sale_operation_auth_group_access` [ RunTime:0.0091s ]
SQL: SELECT `uid`,`group_id`,`title`,`rules` FROM t_sale_operation_auth_group_access a INNER JOIN t_sale_operation_auth_group g on a.group_id=g.id  WHERE ( a.uid='1' and g.status='1' )  [ RunTime:0.0164s ]
SQL: SHOW COLUMNS FROM `t_sale_operation_auth_rule` [ RunTime:0.0098s ]
SQL: SELECT `condition`,`name` FROM `t_sale_operation_auth_rule` WHERE `id` IN ('7','34','3','73','82','4','19','5','18','81','72','79','80','83','84','85','86','87','35','1','12','52','64','65','2','54','55','59','60','8','9','56','57','58','70','10','51','61','62','67','66','69','74','75','78','76','77') AND `status` = 1  [ RunTime:0.0108s ]
NOTIC: [8] Undefined offset: 3 /data/webdata/sale_operation_admin/Application/PeopleSoft/Library/BaseController.class.php 第 112 行.
INFO: [ view_parse ] --START--
INFO: [ template_filter ] --START--
INFO: Run Behavior\ContentReplaceBehavior [ RunTime:0.000027s ]
INFO: [ template_filter ] --END-- [ RunTime:0.000054s ]
NOTIC: [8] Undefined variable: userlist /data/webdata/sale_operation_admin/Application/Runtime/Cache/PeopleSoft/c70737133167391c8b8fd4dfe4ae6923.php 第 247 行.
NOTIC: [2] Invalid argument supplied for foreach() /data/webdata/sale_operation_admin/Application/Runtime/Cache/PeopleSoft/c70737133167391c8b8fd4dfe4ae6923.php 第 247 行.
INFO: Run Behavior\ParseTemplateBehavior [ RunTime:0.006181s ]
INFO: [ view_parse ] --END-- [ RunTime:0.006201s ]
INFO: [ view_filter ] --START--
INFO: Run Behavior\WriteHtmlCacheBehavior [ RunTime:0.000077s ]
INFO: [ view_filter ] --END-- [ RunTime:0.000093s ]
INFO: [ app_end ] --START--
INFO: Run Behavior\ShowPageTraceBehavior [ RunTime:0.000357s ]
INFO: [ app_end ] --END-- [ RunTime:0.000392s ]

[ 2017-11-14T16:16:20+08:00 ] 127.0.0.1 /salecontrol/product
INFO: [ app_init ] --START--
INFO: Run Behavior\BuildLiteBehavior [ RunTime:0.000006s ]
INFO: [ app_init ] --END-- [ RunTime:0.000145s ]
INFO: [ app_begin ] --START--
INFO: Run Behavior\ReadHtmlCacheBehavior [ RunTime:0.000245s ]
INFO: [ app_begin ] --END-- [ RunTime:0.000269s ]
SQL: SHOW COLUMNS FROM `t_sale_operation_account` [ RunTime:0.0150s ]
SQL: SHOW COLUMNS FROM `t_sale_operation_menu` [ RunTime:0.0070s ]
SQL: SELECT `id`,`name`,`class`,`level`,`controller` FROM `t_sale_operation_menu` WHERE ( status = 1 and pid = 0 ) ORDER BY id desc  [ RunTime:0.0111s ]
SQL: SELECT * FROM `t_sale_operation_menu` WHERE ( pid = 51 and status = 1 )  [ RunTime:0.0070s ]
SQL: SELECT * FROM `t_sale_operation_menu` WHERE ( pid = 32 and status = 1 )  [ RunTime:0.0076s ]
SQL: SELECT * FROM `t_sale_operation_menu` WHERE ( pid = 11 and status = 1 )  [ RunTime:0.0113s ]
SQL: SELECT * FROM `t_sale_operation_menu` WHERE ( pid = 2 and status = 1 )  [ RunTime:0.0113s ]
SQL: SHOW COLUMNS FROM `t_sale_operation_auth_group_access` [ RunTime:0.0082s ]
SQL: SELECT `uid`,`group_id`,`title`,`rules` FROM t_sale_operation_auth_group_access a INNER JOIN t_sale_operation_auth_group g on a.group_id=g.id  WHERE ( a.uid='1' and g.status='1' )  [ RunTime:0.0082s ]
SQL: SHOW COLUMNS FROM `t_sale_operation_auth_rule` [ RunTime:0.0104s ]
SQL: SELECT `condition`,`name` FROM `t_sale_operation_auth_rule` WHERE `id` IN ('7','34','3','73','82','4','19','5','18','81','72','79','80','83','84','85','86','87','35','1','12','52','64','65','2','54','55','59','60','8','9','56','57','58','70','10','51','61','62','67','66','69','74','75','78','76','77') AND `status` = 1  [ RunTime:0.0128s ]
NOTIC: [8] Undefined offset: 3 /data/webdata/sale_operation_admin/Application/PeopleSoft/Library/BaseController.class.php 第 112 行.
INFO: [ view_parse ] --START--
INFO: [ template_filter ] --START--
INFO: Run Behavior\ContentReplaceBehavior [ RunTime:0.000113s ]
INFO: [ template_filter ] --END-- [ RunTime:0.000204s ]
INFO: Run Behavior\ParseTemplateBehavior [ RunTime:0.011501s ]
INFO: [ view_parse ] --END-- [ RunTime:0.011602s ]
INFO: [ view_filter ] --START--
INFO: Run Behavior\WriteHtmlCacheBehavior [ RunTime:0.000194s ]
INFO: [ view_filter ] --END-- [ RunTime:0.000220s ]
INFO: [ app_end ] --START--
INFO: Run Behavior\ShowPageTraceBehavior [ RunTime:0.000344s ]
INFO: [ app_end ] --END-- [ RunTime:0.000392s ]

[ 2017-11-14T16:16:21+08:00 ] 127.0.0.1 /salecontrol/getproductlist
INFO: [ app_init ] --START--
INFO: Run Behavior\BuildLiteBehavior [ RunTime:0.000007s ]
INFO: [ app_init ] --END-- [ RunTime:0.000189s ]
INFO: [ app_begin ] --START--
INFO: Run Behavior\ReadHtmlCacheBehavior [ RunTime:0.000195s ]
INFO: [ app_begin ] --END-- [ RunTime:0.000215s ]
SQL: SHOW COLUMNS FROM `t_sale_operation_account` [ RunTime:0.0090s ]
SQL: SHOW COLUMNS FROM `t_sale_operation_menu` [ RunTime:0.0091s ]
SQL: SELECT `id`,`name`,`class`,`level`,`controller` FROM `t_sale_operation_menu` WHERE ( status = 1 and pid = 0 ) ORDER BY id desc  [ RunTime:0.0094s ]
SQL: SELECT * FROM `t_sale_operation_menu` WHERE ( pid = 51 and status = 1 )  [ RunTime:0.0115s ]
SQL: SELECT * FROM `t_sale_operation_menu` WHERE ( pid = 32 and status = 1 )  [ RunTime:0.0086s ]
SQL: SELECT * FROM `t_sale_operation_menu` WHERE ( pid = 11 and status = 1 )  [ RunTime:0.0095s ]
SQL: SELECT * FROM `t_sale_operation_menu` WHERE ( pid = 2 and status = 1 )  [ RunTime:0.0075s ]
SQL: SHOW COLUMNS FROM `t_sale_operation_auth_group_access` [ RunTime:0.0080s ]
SQL: SELECT `uid`,`group_id`,`title`,`rules` FROM t_sale_operation_auth_group_access a INNER JOIN t_sale_operation_auth_group g on a.group_id=g.id  WHERE ( a.uid='1' and g.status='1' )  [ RunTime:0.0079s ]
SQL: SHOW COLUMNS FROM `t_sale_operation_auth_rule` [ RunTime:0.0080s ]
SQL: SELECT `condition`,`name` FROM `t_sale_operation_auth_rule` WHERE `id` IN ('7','34','3','73','82','4','19','5','18','81','72','79','80','83','84','85','86','87','35','1','12','52','64','65','2','54','55','59','60','8','9','56','57','58','70','10','51','61','62','67','66','69','74','75','78','76','77') AND `status` = 1  [ RunTime:0.0095s ]
NOTIC: [8] Undefined offset: 3 /data/webdata/sale_operation_admin/Application/PeopleSoft/Library/BaseController.class.php 第 112 行.
SQL: SHOW COLUMNS FROM `t_sale_supplies` [ RunTime:0.0081s ]
SQL: SELECT * FROM `t_sale_supplies`  [ RunTime:0.0186s ]

[ 2017-11-14T16:16:21+08:00 ] 127.0.0.1 /salecontrol/accout
INFO: [ app_init ] --START--
INFO: Run Behavior\BuildLiteBehavior [ RunTime:0.000008s ]
INFO: [ app_init ] --END-- [ RunTime:0.000156s ]
INFO: [ app_begin ] --START--
INFO: Run Behavior\ReadHtmlCacheBehavior [ RunTime:0.000192s ]
INFO: [ app_begin ] --END-- [ RunTime:0.000227s ]
SQL: SHOW COLUMNS FROM `t_sale_operation_account` [ RunTime:0.0081s ]
SQL: SHOW COLUMNS FROM `t_sale_operation_menu` [ RunTime:0.0100s ]
SQL: SELECT `id`,`name`,`class`,`level`,`controller` FROM `t_sale_operation_menu` WHERE ( status = 1 and pid = 0 ) ORDER BY id desc  [ RunTime:0.0085s ]
SQL: SELECT * FROM `t_sale_operation_menu` WHERE ( pid = 51 and status = 1 )  [ RunTime:0.0216s ]
SQL: SELECT * FROM `t_sale_operation_menu` WHERE ( pid = 32 and status = 1 )  [ RunTime:0.0095s ]
SQL: SELECT * FROM `t_sale_operation_menu` WHERE ( pid = 11 and status = 1 )  [ RunTime:0.0076s ]
SQL: SELECT * FROM `t_sale_operation_menu` WHERE ( pid = 2 and status = 1 )  [ RunTime:0.0072s ]
SQL: SHOW COLUMNS FROM `t_sale_operation_auth_group_access` [ RunTime:0.0127s ]
SQL: SELECT `uid`,`group_id`,`title`,`rules` FROM t_sale_operation_auth_group_access a INNER JOIN t_sale_operation_auth_group g on a.group_id=g.id  WHERE ( a.uid='1' and g.status='1' )  [ RunTime:0.0081s ]
SQL: SHOW COLUMNS FROM `t_sale_operation_auth_rule` [ RunTime:0.0100s ]
SQL: SELECT `condition`,`name` FROM `t_sale_operation_auth_rule` WHERE `id` IN ('7','34','3','73','82','4','19','5','18','81','72','79','80','83','84','85','86','87','35','1','12','52','64','65','2','54','55','59','60','8','9','56','57','58','70','10','51','61','62','67','66','69','74','75','78','76','77') AND `status` = 1  [ RunTime:0.0095s ]
NOTIC: [8] Undefined offset: 3 /data/webdata/sale_operation_admin/Application/PeopleSoft/Library/BaseController.class.php 第 112 行.
INFO: [ view_parse ] --START--
INFO: [ template_filter ] --START--
INFO: Run Behavior\ContentReplaceBehavior [ RunTime:0.000033s ]
INFO: [ template_filter ] --END-- [ RunTime:0.000065s ]
INFO: Run Behavior\ParseTemplateBehavior [ RunTime:0.006139s ]
INFO: [ view_parse ] --END-- [ RunTime:0.006163s ]
INFO: [ view_filter ] --START--
INFO: Run Behavior\WriteHtmlCacheBehavior [ RunTime:0.000085s ]
INFO: [ view_filter ] --END-- [ RunTime:0.000102s ]
INFO: [ app_end ] --START--
INFO: Run Behavior\ShowPageTraceBehavior [ RunTime:0.000260s ]
INFO: [ app_end ] --END-- [ RunTime:0.000279s ]

[ 2017-11-14T16:16:22+08:00 ] 127.0.0.1 /salecontrol/getaccoutlist
INFO: [ app_init ] --START--
INFO: Run Behavior\BuildLiteBehavior [ RunTime:0.000007s ]
INFO: [ app_init ] --END-- [ RunTime:0.000151s ]
INFO: [ app_begin ] --START--
INFO: Run Behavior\ReadHtmlCacheBehavior [ RunTime:0.000187s ]
INFO: [ app_begin ] --END-- [ RunTime:0.000209s ]
SQL: SHOW COLUMNS FROM `t_sale_operation_account` [ RunTime:0.0087s ]
SQL: SHOW COLUMNS FROM `t_sale_operation_menu` [ RunTime:0.0083s ]
SQL: SELECT `id`,`name`,`class`,`level`,`controller` FROM `t_sale_operation_menu` WHERE ( status = 1 and pid = 0 ) ORDER BY id desc  [ RunTime:0.0146s ]
SQL: SELECT * FROM `t_sale_operation_menu` WHERE ( pid = 51 and status = 1 )  [ RunTime:0.0071s ]
SQL: SELECT * FROM `t_sale_operation_menu` WHERE ( pid = 32 and status = 1 )  [ RunTime:0.0075s ]
SQL: SELECT * FROM `t_sale_operation_menu` WHERE ( pid = 11 and status = 1 )  [ RunTime:0.0074s ]
SQL: SELECT * FROM `t_sale_operation_menu` WHERE ( pid = 2 and status = 1 )  [ RunTime:0.0100s ]
SQL: SHOW COLUMNS FROM `t_sale_operation_auth_group_access` [ RunTime:0.0087s ]
SQL: SELECT `uid`,`group_id`,`title`,`rules` FROM t_sale_operation_auth_group_access a INNER JOIN t_sale_operation_auth_group g on a.group_id=g.id  WHERE ( a.uid='1' and g.status='1' )  [ RunTime:0.0090s ]
SQL: SHOW COLUMNS FROM `t_sale_operation_auth_rule` [ RunTime:0.0076s ]
SQL: SELECT `condition`,`name` FROM `t_sale_operation_auth_rule` WHERE `id` IN ('7','34','3','73','82','4','19','5','18','81','72','79','80','83','84','85','86','87','35','1','12','52','64','65','2','54','55','59','60','8','9','56','57','58','70','10','51','61','62','67','66','69','74','75','78','76','77') AND `status` = 1  [ RunTime:0.0098s ]
NOTIC: [8] Undefined offset: 3 /data/webdata/sale_operation_admin/Application/PeopleSoft/Library/BaseController.class.php 第 112 行.
SQL: SHOW COLUMNS FROM `t_sale_accoutinfo` [ RunTime:0.0095s ]
SQL: SELECT * FROM `t_sale_accoutinfo`  [ RunTime:0.0106s ]

[ 2017-11-14T16:16:23+08:00 ] 127.0.0.1 /salecontrol/order
INFO: [ app_init ] --START--
INFO: Run Behavior\BuildLiteBehavior [ RunTime:0.000007s ]
INFO: [ app_init ] --END-- [ RunTime:0.000172s ]
INFO: [ app_begin ] --START--
INFO: Run Behavior\ReadHtmlCacheBehavior [ RunTime:0.000183s ]
INFO: [ app_begin ] --END-- [ RunTime:0.000205s ]
SQL: SHOW COLUMNS FROM `t_sale_operation_account` [ RunTime:0.0166s ]
SQL: SHOW COLUMNS FROM `t_sale_operation_menu` [ RunTime:0.0090s ]
SQL: SELECT `id`,`name`,`class`,`level`,`controller` FROM `t_sale_operation_menu` WHERE ( status = 1 and pid = 0 ) ORDER BY id desc  [ RunTime:0.0073s ]
SQL: SELECT * FROM `t_sale_operation_menu` WHERE ( pid = 51 and status = 1 )  [ RunTime:0.0087s ]
SQL: SELECT * FROM `t_sale_operation_menu` WHERE ( pid = 32 and status = 1 )  [ RunTime:0.0118s ]
SQL: SELECT * FROM `t_sale_operation_menu` WHERE ( pid = 11 and status = 1 )  [ RunTime:0.0076s ]
SQL: SELECT * FROM `t_sale_operation_menu` WHERE ( pid = 2 and status = 1 )  [ RunTime:0.0139s ]
SQL: SHOW COLUMNS FROM `t_sale_operation_auth_group_access` [ RunTime:0.0563s ]
SQL: SELECT `uid`,`group_id`,`title`,`rules` FROM t_sale_operation_auth_group_access a INNER JOIN t_sale_operation_auth_group g on a.group_id=g.id  WHERE ( a.uid='1' and g.status='1' )  [ RunTime:0.0075s ]
SQL: SHOW COLUMNS FROM `t_sale_operation_auth_rule` [ RunTime:0.0088s ]
SQL: SELECT `condition`,`name` FROM `t_sale_operation_auth_rule` WHERE `id` IN ('7','34','3','73','82','4','19','5','18','81','72','79','80','83','84','85','86','87','35','1','12','52','64','65','2','54','55','59','60','8','9','56','57','58','70','10','51','61','62','67','66','69','74','75','78','76','77') AND `status` = 1  [ RunTime:0.0089s ]
NOTIC: [8] Undefined offset: 3 /data/webdata/sale_operation_admin/Application/PeopleSoft/Library/BaseController.class.php 第 112 行.
NOTIC: [8] Undefined offset: 3 /data/webdata/sale_operation_admin/Application/PeopleSoft/Library/BaseController.class.php 第 112 行.
INFO: [ view_parse ] --START--
INFO: [ template_filter ] --START--
INFO: Run Behavior\ContentReplaceBehavior [ RunTime:0.000062s ]
INFO: [ template_filter ] --END-- [ RunTime:0.000111s ]
INFO: Run Behavior\ParseTemplateBehavior [ RunTime:0.006789s ]
INFO: [ view_parse ] --END-- [ RunTime:0.006839s ]
INFO: [ view_filter ] --START--
INFO: Run Behavior\WriteHtmlCacheBehavior [ RunTime:0.000107s ]
INFO: [ view_filter ] --END-- [ RunTime:0.000126s ]
INFO: [ app_end ] --START--
INFO: Run Behavior\ShowPageTraceBehavior [ RunTime:0.000420s ]
INFO: [ app_end ] --END-- [ RunTime:0.000843s ]

[ 2017-11-14T16:16:24+08:00 ] 127.0.0.1 /salecontrol/order/query
INFO: [ app_init ] --START--
INFO: Run Behavior\BuildLiteBehavior [ RunTime:0.000008s ]
INFO: [ app_init ] --END-- [ RunTime:0.000200s ]
INFO: [ app_begin ] --START--
INFO: Run Behavior\ReadHtmlCacheBehavior [ RunTime:0.000190s ]
INFO: [ app_begin ] --END-- [ RunTime:0.000210s ]
SQL: SHOW COLUMNS FROM `t_sale_operation_account` [ RunTime:0.0159s ]
SQL: SHOW COLUMNS FROM `t_sale_operation_menu` [ RunTime:0.0079s ]
SQL: SELECT `id`,`name`,`class`,`level`,`controller` FROM `t_sale_operation_menu` WHERE ( status = 1 and pid = 0 ) ORDER BY id desc  [ RunTime:0.0086s ]
SQL: SELECT * FROM `t_sale_operation_menu` WHERE ( pid = 51 and status = 1 )  [ RunTime:0.0079s ]
SQL: SELECT * FROM `t_sale_operation_menu` WHERE ( pid = 32 and status = 1 )  [ RunTime:0.0095s ]
SQL: SELECT * FROM `t_sale_operation_menu` WHERE ( pid = 11 and status = 1 )  [ RunTime:0.0091s ]
SQL: SELECT * FROM `t_sale_operation_menu` WHERE ( pid = 2 and status = 1 )  [ RunTime:0.0079s ]
SQL: SHOW COLUMNS FROM `t_sale_operation_auth_group_access` [ RunTime:0.0100s ]
SQL: SELECT `uid`,`group_id`,`title`,`rules` FROM t_sale_operation_auth_group_access a INNER JOIN t_sale_operation_auth_group g on a.group_id=g.id  WHERE ( a.uid='1' and g.status='1' )  [ RunTime:0.0075s ]
SQL: SHOW COLUMNS FROM `t_sale_operation_auth_rule` [ RunTime:0.0107s ]
SQL: SELECT `condition`,`name` FROM `t_sale_operation_auth_rule` WHERE `id` IN ('7','34','3','73','82','4','19','5','18','81','72','79','80','83','84','85','86','87','35','1','12','52','64','65','2','54','55','59','60','8','9','56','57','58','70','10','51','61','62','67','66','69','74','75','78','76','77') AND `status` = 1  [ RunTime:0.0087s ]
SQL: SHOW COLUMNS FROM `t_sale_orderinfo` [ RunTime:0.2210s ]
SQL: SELECT * FROM `t_sale_orderinfo` WHERE (  (  1=1 ) ) AND (  (  order_status_code = 1 ) ) LIMIT 0,10   [ RunTime:0.0190s ]
SQL: SELECT COUNT(*) AS tp_count FROM `t_sale_orderinfo` LIMIT 1   [ RunTime:0.0089s ]
SQL: SELECT COUNT(*) AS tp_count FROM `t_sale_orderinfo` LIMIT 1   [ RunTime:0.0089s ]

