[ 2017-11-27T15:56:37+08:00 ] 127.0.0.1 /
INFO: [ app_init ] --START--
INFO: Run Behavior\BuildLiteBehavior [ RunTime:0.000007s ]
INFO: [ app_init ] --END-- [ RunTime:0.000523s ]
INFO: [ app_begin ] --START--
INFO: Run Behavior\ReadHtmlCacheBehavior [ RunTime:0.000499s ]
INFO: [ app_begin ] --END-- [ RunTime:0.000517s ]
SQL: SHOW COLUMNS FROM `t_sale_operation_account` [ RunTime:0.0061s ]

[ 2017-11-27T15:56:37+08:00 ] 127.0.0.1 /user/login
INFO: [ app_init ] --START--
INFO: Run Behavior\BuildLiteBehavior [ RunTime:0.000005s ]
INFO: [ app_init ] --END-- [ RunTime:0.000132s ]
INFO: [ app_begin ] --START--
INFO: Run Behavior\ReadHtmlCacheBehavior [ RunTime:0.000183s ]
INFO: [ app_begin ] --END-- [ RunTime:0.000211s ]
SQL: SHOW COLUMNS FROM `t_sale_operation_account` [ RunTime:0.0074s ]
NOTIC: [8] Undefined offset: 3 /data/webdata/sale_operation_admin/Application/PeopleSoft/Library/BaseController.class.php 第 112 行.
INFO: [ view_parse ] --START--
INFO: [ template_filter ] --START--
INFO: Run Behavior\ContentReplaceBehavior [ RunTime:0.000027s ]
INFO: [ template_filter ] --END-- [ RunTime:0.000046s ]
INFO: Run Behavior\ParseTemplateBehavior [ RunTime:0.007257s ]
INFO: [ view_parse ] --END-- [ RunTime:0.007304s ]
INFO: [ view_filter ] --START--
INFO: Run Behavior\WriteHtmlCacheBehavior [ RunTime:0.000328s ]
INFO: [ view_filter ] --END-- [ RunTime:0.000355s ]
INFO: [ app_end ] --START--
INFO: Run Behavior\ShowPageTraceBehavior [ RunTime:0.000651s ]
INFO: [ app_end ] --END-- [ RunTime:0.000665s ]

[ 2017-11-27T15:56:45+08:00 ] 127.0.0.1 /user/login
INFO: [ app_init ] --START--
INFO: Run Behavior\BuildLiteBehavior [ RunTime:0.000008s ]
INFO: [ app_init ] --END-- [ RunTime:0.000230s ]
INFO: [ app_begin ] --START--
INFO: Run Behavior\ReadHtmlCacheBehavior [ RunTime:0.000233s ]
INFO: [ app_begin ] --END-- [ RunTime:0.000252s ]
SQL: SHOW COLUMNS FROM `t_sale_operation_account` [ RunTime:0.0066s ]
NOTIC: [8] Undefined offset: 3 /data/webdata/sale_operation_admin/Application/PeopleSoft/Library/BaseController.class.php 第 112 行.
SQL: SHOW COLUMNS FROM `t_sale_operation_account` [ RunTime:0.0070s ]
SQL: SELECT * FROM `t_sale_operation_account` WHERE ( Faccount = 'admin' ) LIMIT 1   [ RunTime:0.0068s ]
SQL: SHOW COLUMNS FROM `t_sale_operation_log` [ RunTime:0.0065s ]
SQL: INSERT INTO `t_sale_operation_log` (`uid`,`account`,`content`,`type`,`create_at`) VALUES ('1','admin','{\"userAgent\":\"Mozilla\\/5.0 (Macintosh; Intel Mac OS X 10_12_6) AppleWebKit\\/537.36 (KHTML, like Gecko) Chrome\\/62.0.3202.94 Safari\\/537.36\",\"userIP\":\"127.0.0.1\"}','1','1511769405') [ RunTime:0.0071s ]
SQL: UPDATE `t_sale_operation_account` SET `FlastLoginTime`='1511769405',`FloginCount`='104',`FlastLoginIp`='127.0.0.1' WHERE ( Faccount = 'admin' ) [ RunTime:0.0066s ]

[ 2017-11-27T15:56:45+08:00 ] 127.0.0.1 /index
INFO: [ app_init ] --START--
INFO: Run Behavior\BuildLiteBehavior [ RunTime:0.000005s ]
INFO: [ app_init ] --END-- [ RunTime:0.000132s ]
INFO: [ app_begin ] --START--
INFO: Run Behavior\ReadHtmlCacheBehavior [ RunTime:0.000312s ]
INFO: [ app_begin ] --END-- [ RunTime:0.000327s ]
SQL: SHOW COLUMNS FROM `t_sale_operation_account` [ RunTime:0.0065s ]
SQL: SHOW COLUMNS FROM `t_sale_operation_menu` [ RunTime:0.0066s ]
SQL: SELECT `id`,`name`,`class`,`level`,`controller` FROM `t_sale_operation_menu` WHERE ( status = 1 and pid = 0 ) ORDER BY id desc  [ RunTime:0.0100s ]
SQL: SELECT * FROM `t_sale_operation_menu` WHERE ( pid = 51 and status = 1 )  [ RunTime:0.0060s ]
SQL: SELECT * FROM `t_sale_operation_menu` WHERE ( pid = 32 and status = 1 )  [ RunTime:0.0074s ]
SQL: SELECT * FROM `t_sale_operation_menu` WHERE ( pid = 11 and status = 1 )  [ RunTime:0.0068s ]
SQL: SELECT * FROM `t_sale_operation_menu` WHERE ( pid = 2 and status = 1 )  [ RunTime:0.0065s ]
SQL: SHOW COLUMNS FROM `t_sale_operation_auth_group_access` [ RunTime:0.0065s ]
SQL: SELECT `uid`,`group_id`,`title`,`rules` FROM t_sale_operation_auth_group_access a INNER JOIN t_sale_operation_auth_group g on a.group_id=g.id  WHERE ( a.uid='1' and g.status='1' )  [ RunTime:0.0061s ]
SQL: SHOW COLUMNS FROM `t_sale_operation_auth_rule` [ RunTime:0.0062s ]
SQL: SELECT `condition`,`name` FROM `t_sale_operation_auth_rule` WHERE `id` IN ('7','34','3','73','82','4','19','5','18','81','72','79','80','83','84','85','86','87','35','1','12','52','64','65','2','54','55','59','60','8','9','56','57','58','70','10','51','61','62','67','66','69','74','75','78','76','77') AND `status` = 1  [ RunTime:0.0069s ]
NOTIC: [8] Undefined offset: 3 /data/webdata/sale_operation_admin/Application/PeopleSoft/Library/BaseController.class.php 第 112 行.
NOTIC: [8] Undefined offset: 3 /data/webdata/sale_operation_admin/Application/PeopleSoft/Library/BaseController.class.php 第 112 行.
SQL: SHOW COLUMNS FROM `t_sale_accoutinfo` [ RunTime:0.0098s ]
SQL: SHOW COLUMNS FROM `t_sale_accoutinfo` [ RunTime:0.0068s ]
SQL: SELECT COUNT(*) AS tp_count FROM `t_sale_accoutinfo` LIMIT 1   [ RunTime:0.0068s ]
SQL: SHOW COLUMNS FROM `t_sale_orderinfo` [ RunTime:0.0068s ]
SQL: SELECT COUNT(*) AS tp_count FROM `t_sale_orderinfo` LIMIT 1   [ RunTime:0.0061s ]
SQL: SHOW COLUMNS FROM `t_sale_supplies` [ RunTime:0.0066s ]
SQL: SELECT COUNT(*) AS tp_count FROM `t_sale_supplies` LIMIT 1   [ RunTime:0.0056s ]
SQL: SELECT COUNT(*) AS tp_count FROM `t_sale_orderinfo` WHERE ( order_status = 4 ) LIMIT 1   [ RunTime:0.0060s ]
INFO: [ view_parse ] --START--
INFO: [ template_filter ] --START--
INFO: Run Behavior\ContentReplaceBehavior [ RunTime:0.000036s ]
INFO: [ template_filter ] --END-- [ RunTime:0.000061s ]
NOTIC: [8] Undefined variable: controllerName /data/webdata/sale_operation_admin/Application/Runtime/Cache/PeopleSoft/220f8b7fcd99d94a83c3aa30e9f4f42c.php 第 45 行.
NOTIC: [8] Undefined variable: controllerName /data/webdata/sale_operation_admin/Application/Runtime/Cache/PeopleSoft/220f8b7fcd99d94a83c3aa30e9f4f42c.php 第 45 行.
NOTIC: [8] Undefined variable: controllerName /data/webdata/sale_operation_admin/Application/Runtime/Cache/PeopleSoft/220f8b7fcd99d94a83c3aa30e9f4f42c.php 第 45 行.
INFO: Run Behavior\ParseTemplateBehavior [ RunTime:0.009205s ]
INFO: [ view_parse ] --END-- [ RunTime:0.009238s ]
INFO: [ view_filter ] --START--
INFO: Run Behavior\WriteHtmlCacheBehavior [ RunTime:0.000110s ]
INFO: [ view_filter ] --END-- [ RunTime:0.000120s ]
INFO: [ app_end ] --START--
INFO: Run Behavior\ShowPageTraceBehavior [ RunTime:0.000283s ]
INFO: [ app_end ] --END-- [ RunTime:0.000294s ]

[ 2017-11-27T15:56:47+08:00 ] 127.0.0.1 /configure/auth
INFO: [ app_init ] --START--
INFO: Run Behavior\BuildLiteBehavior [ RunTime:0.000006s ]
INFO: [ app_init ] --END-- [ RunTime:0.000167s ]
INFO: [ app_begin ] --START--
INFO: Run Behavior\ReadHtmlCacheBehavior [ RunTime:0.000193s ]
INFO: [ app_begin ] --END-- [ RunTime:0.000207s ]
NOTIC: [8] Undefined offset: 3 /data/webdata/sale_operation_admin/Application/PeopleSoft/Library/BaseController.class.php 第 112 行.
SQL: SHOW COLUMNS FROM `t_sale_operation_menu` [ RunTime:0.0071s ]
SQL: SHOW COLUMNS FROM `t_sale_operation_account` [ RunTime:0.0080s ]
SQL: SHOW COLUMNS FROM `t_sale_operation_menu` [ RunTime:0.0068s ]
SQL: SELECT `id`,`name`,`class`,`level`,`controller` FROM `t_sale_operation_menu` WHERE ( status = 1 and pid = 0 ) ORDER BY id desc  [ RunTime:0.0100s ]
SQL: SELECT * FROM `t_sale_operation_menu` WHERE ( pid = 51 and status = 1 )  [ RunTime:0.0060s ]
SQL: SELECT * FROM `t_sale_operation_menu` WHERE ( pid = 32 and status = 1 )  [ RunTime:0.0065s ]
SQL: SELECT * FROM `t_sale_operation_menu` WHERE ( pid = 11 and status = 1 )  [ RunTime:0.0072s ]
SQL: SELECT * FROM `t_sale_operation_menu` WHERE ( pid = 2 and status = 1 )  [ RunTime:0.0066s ]
SQL: SHOW COLUMNS FROM `t_sale_operation_auth_group_access` [ RunTime:0.0100s ]
SQL: SELECT `uid`,`group_id`,`title`,`rules` FROM t_sale_operation_auth_group_access a INNER JOIN t_sale_operation_auth_group g on a.group_id=g.id  WHERE ( a.uid='1' and g.status='1' )  [ RunTime:0.0065s ]
SQL: SHOW COLUMNS FROM `t_sale_operation_auth_rule` [ RunTime:0.0071s ]
SQL: SELECT `condition`,`name` FROM `t_sale_operation_auth_rule` WHERE `id` IN ('7','34','3','73','82','4','19','5','18','81','72','79','80','83','84','85','86','87','35','1','12','52','64','65','2','54','55','59','60','8','9','56','57','58','70','10','51','61','62','67','66','69','74','75','78','76','77') AND `status` = 1  [ RunTime:0.0072s ]
NOTIC: [8] Undefined offset: 3 /data/webdata/sale_operation_admin/Application/PeopleSoft/Library/BaseController.class.php 第 112 行.
SQL: SHOW COLUMNS FROM `t_sale_operation_auth_rule` [ RunTime:0.0063s ]
SQL: SELECT * FROM `t_sale_operation_auth_rule` WHERE ( status=1 ) ORDER BY id is null,id  [ RunTime:0.0096s ]
INFO: [ view_parse ] --START--
INFO: [ template_filter ] --START--
INFO: Run Behavior\ContentReplaceBehavior [ RunTime:0.000047s ]
INFO: [ template_filter ] --END-- [ RunTime:0.000078s ]
INFO: Run Behavior\ParseTemplateBehavior [ RunTime:0.005479s ]
INFO: [ view_parse ] --END-- [ RunTime:0.005503s ]
INFO: [ view_filter ] --START--
INFO: Run Behavior\WriteHtmlCacheBehavior [ RunTime:0.000109s ]
INFO: [ view_filter ] --END-- [ RunTime:0.000120s ]
INFO: [ app_end ] --START--
INFO: Run Behavior\ShowPageTraceBehavior [ RunTime:0.000385s ]
INFO: [ app_end ] --END-- [ RunTime:0.000401s ]

[ 2017-11-27T16:07:10+08:00 ] 127.0.0.1 /configure/auth
INFO: [ app_init ] --START--
INFO: Run Behavior\BuildLiteBehavior [ RunTime:0.000006s ]
INFO: [ app_init ] --END-- [ RunTime:0.000410s ]
INFO: [ app_begin ] --START--
INFO: Run Behavior\ReadHtmlCacheBehavior [ RunTime:0.000509s ]
INFO: [ app_begin ] --END-- [ RunTime:0.000525s ]
NOTIC: [8] Undefined offset: 3 /data/webdata/sale_operation_admin/Application/PeopleSoft/Library/BaseController.class.php 第 112 行.
SQL: SHOW COLUMNS FROM `t_sale_operation_menu` [ RunTime:0.0094s ]
SQL: SHOW COLUMNS FROM `t_sale_operation_account` [ RunTime:0.0052s ]
SQL: SHOW COLUMNS FROM `t_sale_operation_menu` [ RunTime:0.0050s ]
SQL: SELECT `id`,`name`,`class`,`level`,`controller` FROM `t_sale_operation_menu` WHERE ( status = 1 and pid = 0 ) ORDER BY id desc  [ RunTime:0.0047s ]
SQL: SELECT * FROM `t_sale_operation_menu` WHERE ( pid = 51 and status = 1 )  [ RunTime:0.0049s ]
SQL: SELECT * FROM `t_sale_operation_menu` WHERE ( pid = 32 and status = 1 )  [ RunTime:0.0050s ]
SQL: SELECT * FROM `t_sale_operation_menu` WHERE ( pid = 11 and status = 1 )  [ RunTime:0.0054s ]
SQL: SELECT * FROM `t_sale_operation_menu` WHERE ( pid = 2 and status = 1 )  [ RunTime:0.0048s ]
SQL: SHOW COLUMNS FROM `t_sale_operation_auth_group_access` [ RunTime:0.0050s ]
SQL: SELECT `uid`,`group_id`,`title`,`rules` FROM t_sale_operation_auth_group_access a INNER JOIN t_sale_operation_auth_group g on a.group_id=g.id  WHERE ( a.uid='1' and g.status='1' )  [ RunTime:0.0046s ]
SQL: SHOW COLUMNS FROM `t_sale_operation_auth_rule` [ RunTime:0.0051s ]
SQL: SELECT `condition`,`name` FROM `t_sale_operation_auth_rule` WHERE `id` IN ('7','34','3','73','82','4','19','5','18','81','72','79','80','83','84','85','86','87','35','1','12','52','64','65','2','54','55','59','60','8','9','56','57','58','70','10','51','61','62','67','66','69','74','75','78','76','77') AND `status` = 1  [ RunTime:0.0057s ]
NOTIC: [8] Undefined offset: 3 /data/webdata/sale_operation_admin/Application/PeopleSoft/Library/BaseController.class.php 第 112 行.
SQL: SHOW COLUMNS FROM `t_sale_operation_auth_rule` [ RunTime:0.0048s ]
SQL: SELECT * FROM `t_sale_operation_auth_rule` WHERE ( status=1 ) ORDER BY id is null,id  [ RunTime:0.0054s ]
INFO: [ view_parse ] --START--
INFO: [ template_filter ] --START--
INFO: Run Behavior\ContentReplaceBehavior [ RunTime:0.000031s ]
INFO: [ template_filter ] --END-- [ RunTime:0.000043s ]
INFO: Run Behavior\ParseTemplateBehavior [ RunTime:0.006759s ]
INFO: [ view_parse ] --END-- [ RunTime:0.006776s ]
INFO: [ view_filter ] --START--
INFO: Run Behavior\WriteHtmlCacheBehavior [ RunTime:0.000355s ]
INFO: [ view_filter ] --END-- [ RunTime:0.000368s ]
INFO: [ app_end ] --START--
INFO: Run Behavior\ShowPageTraceBehavior [ RunTime:0.000674s ]
INFO: [ app_end ] --END-- [ RunTime:0.000689s ]

[ 2017-11-27T16:47:08+08:00 ] 127.0.0.1 /configure/auth
INFO: [ app_init ] --START--
INFO: Run Behavior\BuildLiteBehavior [ RunTime:0.000007s ]
INFO: [ app_init ] --END-- [ RunTime:0.000557s ]
INFO: [ app_begin ] --START--
INFO: Run Behavior\ReadHtmlCacheBehavior [ RunTime:0.000498s ]
INFO: [ app_begin ] --END-- [ RunTime:0.000543s ]
NOTIC: [8] Undefined offset: 3 /data/webdata/sale_operation_admin/Application/PeopleSoft/Library/BaseController.class.php 第 112 行.
SQL: SHOW COLUMNS FROM `t_sale_operation_menu` [ RunTime:0.0071s ]
SQL: SHOW COLUMNS FROM `t_sale_operation_account` [ RunTime:0.0068s ]
SQL: SHOW COLUMNS FROM `t_sale_operation_menu` [ RunTime:0.0104s ]
SQL: SELECT `id`,`name`,`class`,`level`,`controller` FROM `t_sale_operation_menu` WHERE ( status = 1 and pid = 0 ) ORDER BY id desc  [ RunTime:0.0064s ]
SQL: SELECT * FROM `t_sale_operation_menu` WHERE ( pid = 51 and status = 1 )  [ RunTime:0.0061s ]
SQL: SELECT * FROM `t_sale_operation_menu` WHERE ( pid = 32 and status = 1 )  [ RunTime:0.0065s ]
SQL: SELECT * FROM `t_sale_operation_menu` WHERE ( pid = 11 and status = 1 )  [ RunTime:0.0064s ]
SQL: SELECT * FROM `t_sale_operation_menu` WHERE ( pid = 2 and status = 1 )  [ RunTime:0.0062s ]
SQL: SHOW COLUMNS FROM `t_sale_operation_auth_group_access` [ RunTime:0.0061s ]
SQL: SELECT `uid`,`group_id`,`title`,`rules` FROM t_sale_operation_auth_group_access a INNER JOIN t_sale_operation_auth_group g on a.group_id=g.id  WHERE ( a.uid='1' and g.status='1' )  [ RunTime:0.0065s ]
SQL: SHOW COLUMNS FROM `t_sale_operation_auth_rule` [ RunTime:0.0067s ]
SQL: SELECT `condition`,`name` FROM `t_sale_operation_auth_rule` WHERE `id` IN ('7','34','3','73','82','4','19','5','18','81','72','79','80','83','84','85','86','87','35','1','12','52','64','65','2','54','55','59','60','8','9','56','57','58','70','10','51','61','62','67','66','69','74','75','78','76','77') AND `status` = 1  [ RunTime:0.0072s ]
NOTIC: [8] Undefined offset: 3 /data/webdata/sale_operation_admin/Application/PeopleSoft/Library/BaseController.class.php 第 112 行.
SQL: SHOW COLUMNS FROM `t_sale_operation_auth_rule` [ RunTime:0.0072s ]
SQL: SELECT * FROM `t_sale_operation_auth_rule` WHERE ( status=1 ) ORDER BY id is null,id  [ RunTime:0.0066s ]
INFO: [ view_parse ] --START--
INFO: [ template_filter ] --START--
INFO: Run Behavior\ContentReplaceBehavior [ RunTime:0.000045s ]
INFO: [ template_filter ] --END-- [ RunTime:0.000063s ]
INFO: Run Behavior\ParseTemplateBehavior [ RunTime:0.009377s ]
INFO: [ view_parse ] --END-- [ RunTime:0.009402s ]
INFO: [ view_filter ] --START--
INFO: Run Behavior\WriteHtmlCacheBehavior [ RunTime:0.000822s ]
INFO: [ view_filter ] --END-- [ RunTime:0.000838s ]
INFO: [ app_end ] --START--
INFO: Run Behavior\ShowPageTraceBehavior [ RunTime:0.000700s ]
INFO: [ app_end ] --END-- [ RunTime:0.000737s ]

[ 2017-11-27T18:10:01+08:00 ] 127.0.0.1 /developer/fileupload
INFO: [ app_init ] --START--
INFO: Run Behavior\BuildLiteBehavior [ RunTime:0.000007s ]
INFO: [ app_init ] --END-- [ RunTime:0.000963s ]
INFO: [ app_begin ] --START--
INFO: Run Behavior\ReadHtmlCacheBehavior [ RunTime:0.000623s ]
INFO: [ app_begin ] --END-- [ RunTime:0.000664s ]
SQL: SHOW COLUMNS FROM `t_sale_operation_account` [ RunTime:0.0067s ]
SQL: SHOW COLUMNS FROM `t_sale_operation_menu` [ RunTime:0.0062s ]
SQL: SELECT `id`,`name`,`class`,`level`,`controller` FROM `t_sale_operation_menu` WHERE ( status = 1 and pid = 0 ) ORDER BY id desc  [ RunTime:0.0062s ]
SQL: SELECT * FROM `t_sale_operation_menu` WHERE ( pid = 51 and status = 1 )  [ RunTime:0.0061s ]
SQL: SELECT * FROM `t_sale_operation_menu` WHERE ( pid = 32 and status = 1 )  [ RunTime:0.0066s ]
SQL: SELECT * FROM `t_sale_operation_menu` WHERE ( pid = 11 and status = 1 )  [ RunTime:0.0062s ]
SQL: SELECT * FROM `t_sale_operation_menu` WHERE ( pid = 2 and status = 1 )  [ RunTime:0.0064s ]
SQL: SHOW COLUMNS FROM `t_sale_operation_auth_group_access` [ RunTime:0.0059s ]
SQL: SELECT `uid`,`group_id`,`title`,`rules` FROM t_sale_operation_auth_group_access a INNER JOIN t_sale_operation_auth_group g on a.group_id=g.id  WHERE ( a.uid='1' and g.status='1' )  [ RunTime:0.0063s ]
SQL: SHOW COLUMNS FROM `t_sale_operation_auth_rule` [ RunTime:0.0065s ]
SQL: SELECT `condition`,`name` FROM `t_sale_operation_auth_rule` WHERE `id` IN ('7','34','3','73','82','4','19','5','18','81','72','79','80','83','84','85','86','87','35','1','12','52','64','65','2','54','55','59','60','8','9','56','57','58','70','10','51','61','62','67','66','69','74','75','78','76','77') AND `status` = 1  [ RunTime:0.0066s ]
NOTIC: [8] Undefined offset: 3 /data/webdata/sale_operation_admin/Application/PeopleSoft/Library/BaseController.class.php 第 112 行.
NOTIC: [8] Undefined offset: 3 /data/webdata/sale_operation_admin/Application/PeopleSoft/Library/BaseController.class.php 第 112 行.
INFO: [ view_parse ] --START--
INFO: [ template_filter ] --START--
INFO: Run Behavior\ContentReplaceBehavior [ RunTime:0.000041s ]
INFO: [ template_filter ] --END-- [ RunTime:0.000059s ]
INFO: Run Behavior\ParseTemplateBehavior [ RunTime:0.009428s ]
INFO: [ view_parse ] --END-- [ RunTime:0.009462s ]
INFO: [ view_filter ] --START--
INFO: Run Behavior\WriteHtmlCacheBehavior [ RunTime:0.000368s ]
INFO: [ view_filter ] --END-- [ RunTime:0.000381s ]
INFO: [ app_end ] --START--
INFO: Run Behavior\ShowPageTraceBehavior [ RunTime:0.000558s ]
INFO: [ app_end ] --END-- [ RunTime:0.000573s ]

[ 2017-11-27T18:10:02+08:00 ] 127.0.0.1 /developer/fileupload/query
INFO: [ app_init ] --START--
INFO: Run Behavior\BuildLiteBehavior [ RunTime:0.000006s ]
INFO: [ app_init ] --END-- [ RunTime:0.000220s ]
INFO: [ app_begin ] --START--
INFO: Run Behavior\ReadHtmlCacheBehavior [ RunTime:0.000209s ]
INFO: [ app_begin ] --END-- [ RunTime:0.000224s ]
SQL: SHOW COLUMNS FROM `t_sale_operation_account` [ RunTime:0.0070s ]
SQL: SHOW COLUMNS FROM `t_sale_operation_menu` [ RunTime:0.0064s ]
SQL: SELECT `id`,`name`,`class`,`level`,`controller` FROM `t_sale_operation_menu` WHERE ( status = 1 and pid = 0 ) ORDER BY id desc  [ RunTime:0.0063s ]
SQL: SELECT * FROM `t_sale_operation_menu` WHERE ( pid = 51 and status = 1 )  [ RunTime:0.0067s ]
SQL: SELECT * FROM `t_sale_operation_menu` WHERE ( pid = 32 and status = 1 )  [ RunTime:0.0066s ]
SQL: SELECT * FROM `t_sale_operation_menu` WHERE ( pid = 11 and status = 1 )  [ RunTime:0.0063s ]
SQL: SELECT * FROM `t_sale_operation_menu` WHERE ( pid = 2 and status = 1 )  [ RunTime:0.0064s ]
SQL: SHOW COLUMNS FROM `t_sale_operation_auth_group_access` [ RunTime:0.0062s ]
SQL: SELECT `uid`,`group_id`,`title`,`rules` FROM t_sale_operation_auth_group_access a INNER JOIN t_sale_operation_auth_group g on a.group_id=g.id  WHERE ( a.uid='1' and g.status='1' )  [ RunTime:0.0063s ]
SQL: SHOW COLUMNS FROM `t_sale_operation_auth_rule` [ RunTime:0.0067s ]
SQL: SELECT `condition`,`name` FROM `t_sale_operation_auth_rule` WHERE `id` IN ('7','34','3','73','82','4','19','5','18','81','72','79','80','83','84','85','86','87','35','1','12','52','64','65','2','54','55','59','60','8','9','56','57','58','70','10','51','61','62','67','66','69','74','75','78','76','77') AND `status` = 1  [ RunTime:0.0067s ]
SQL: SHOW COLUMNS FROM `t_sale_static_route` [ RunTime:0.0063s ]
SQL: SELECT * FROM `t_sale_static_route` WHERE (  (  1=1 ) ) ORDER BY create_at desc LIMIT 0,10   [ RunTime:0.0059s ]
SQL: SELECT COUNT(*) AS tp_count FROM `t_sale_static_route` LIMIT 1   [ RunTime:0.0061s ]
SQL: SELECT COUNT(*) AS tp_count FROM `t_sale_static_route` LIMIT 1   [ RunTime:0.0060s ]

[ 2017-11-27T18:27:22+08:00 ] 127.0.0.1 /developer/fileupload
INFO: [ app_init ] --START--
INFO: Run Behavior\BuildLiteBehavior [ RunTime:0.000008s ]
INFO: [ app_init ] --END-- [ RunTime:0.033954s ]
INFO: [ app_begin ] --START--
INFO: Run Behavior\ReadHtmlCacheBehavior [ RunTime:0.000505s ]
INFO: [ app_begin ] --END-- [ RunTime:0.000523s ]
SQL: SHOW COLUMNS FROM `t_sale_operation_account` [ RunTime:0.0078s ]
SQL: SHOW COLUMNS FROM `t_sale_operation_menu` [ RunTime:0.0071s ]
SQL: SELECT `id`,`name`,`class`,`level`,`controller` FROM `t_sale_operation_menu` WHERE ( status = 1 and pid = 0 ) ORDER BY id desc  [ RunTime:0.0077s ]
SQL: SELECT * FROM `t_sale_operation_menu` WHERE ( pid = 51 and status = 1 )  [ RunTime:0.0074s ]
SQL: SELECT * FROM `t_sale_operation_menu` WHERE ( pid = 32 and status = 1 )  [ RunTime:0.0074s ]
SQL: SELECT * FROM `t_sale_operation_menu` WHERE ( pid = 11 and status = 1 )  [ RunTime:0.0116s ]
SQL: SELECT * FROM `t_sale_operation_menu` WHERE ( pid = 2 and status = 1 )  [ RunTime:0.0076s ]
SQL: SHOW COLUMNS FROM `t_sale_operation_auth_group_access` [ RunTime:0.0070s ]
SQL: SELECT `uid`,`group_id`,`title`,`rules` FROM t_sale_operation_auth_group_access a INNER JOIN t_sale_operation_auth_group g on a.group_id=g.id  WHERE ( a.uid='1' and g.status='1' )  [ RunTime:0.0072s ]
SQL: SHOW COLUMNS FROM `t_sale_operation_auth_rule` [ RunTime:0.0076s ]
SQL: SELECT `condition`,`name` FROM `t_sale_operation_auth_rule` WHERE `id` IN ('7','34','3','73','82','4','19','5','18','81','72','79','80','83','84','85','86','87','35','1','12','52','64','65','2','54','55','59','60','8','9','56','57','58','70','10','51','61','62','67','66','69','74','75','78','76','77') AND `status` = 1  [ RunTime:0.0078s ]
NOTIC: [8] Undefined offset: 3 /data/webdata/sale_operation_admin/Application/PeopleSoft/Library/BaseController.class.php 第 112 行.
NOTIC: [8] Undefined offset: 3 /data/webdata/sale_operation_admin/Application/PeopleSoft/Library/BaseController.class.php 第 112 行.
INFO: [ view_parse ] --START--
INFO: [ template_filter ] --START--
INFO: Run Behavior\ContentReplaceBehavior [ RunTime:0.000070s ]
INFO: [ template_filter ] --END-- [ RunTime:0.000108s ]
INFO: Run Behavior\ParseTemplateBehavior [ RunTime:0.011532s ]
INFO: [ view_parse ] --END-- [ RunTime:0.011548s ]
INFO: [ view_filter ] --START--
INFO: Run Behavior\WriteHtmlCacheBehavior [ RunTime:0.000317s ]
INFO: [ view_filter ] --END-- [ RunTime:0.000331s ]
INFO: [ app_end ] --START--
INFO: Run Behavior\ShowPageTraceBehavior [ RunTime:0.000571s ]
INFO: [ app_end ] --END-- [ RunTime:0.000584s ]

[ 2017-11-27T18:27:23+08:00 ] 127.0.0.1 /developer/fileupload/query
INFO: [ app_init ] --START--
INFO: Run Behavior\BuildLiteBehavior [ RunTime:0.000008s ]
INFO: [ app_init ] --END-- [ RunTime:0.000434s ]
INFO: [ app_begin ] --START--
INFO: Run Behavior\ReadHtmlCacheBehavior [ RunTime:0.000209s ]
INFO: [ app_begin ] --END-- [ RunTime:0.000225s ]
SQL: SHOW COLUMNS FROM `t_sale_operation_account` [ RunTime:0.0068s ]
SQL: SHOW COLUMNS FROM `t_sale_operation_menu` [ RunTime:0.0065s ]
SQL: SELECT `id`,`name`,`class`,`level`,`controller` FROM `t_sale_operation_menu` WHERE ( status = 1 and pid = 0 ) ORDER BY id desc  [ RunTime:0.0061s ]
SQL: SELECT * FROM `t_sale_operation_menu` WHERE ( pid = 51 and status = 1 )  [ RunTime:0.0060s ]
SQL: SELECT * FROM `t_sale_operation_menu` WHERE ( pid = 32 and status = 1 )  [ RunTime:0.0057s ]
SQL: SELECT * FROM `t_sale_operation_menu` WHERE ( pid = 11 and status = 1 )  [ RunTime:0.0065s ]
SQL: SELECT * FROM `t_sale_operation_menu` WHERE ( pid = 2 and status = 1 )  [ RunTime:0.0062s ]
SQL: SHOW COLUMNS FROM `t_sale_operation_auth_group_access` [ RunTime:0.0055s ]
SQL: SELECT `uid`,`group_id`,`title`,`rules` FROM t_sale_operation_auth_group_access a INNER JOIN t_sale_operation_auth_group g on a.group_id=g.id  WHERE ( a.uid='1' and g.status='1' )  [ RunTime:0.0070s ]
SQL: SHOW COLUMNS FROM `t_sale_operation_auth_rule` [ RunTime:0.0067s ]
SQL: SELECT `condition`,`name` FROM `t_sale_operation_auth_rule` WHERE `id` IN ('7','34','3','73','82','4','19','5','18','81','72','79','80','83','84','85','86','87','35','1','12','52','64','65','2','54','55','59','60','8','9','56','57','58','70','10','51','61','62','67','66','69','74','75','78','76','77') AND `status` = 1  [ RunTime:0.0069s ]
SQL: SHOW COLUMNS FROM `t_sale_static_route` [ RunTime:0.0063s ]
SQL: SELECT * FROM `t_sale_static_route` WHERE (  (  1=1 ) ) ORDER BY create_at desc LIMIT 0,10   [ RunTime:0.0063s ]
SQL: SELECT COUNT(*) AS tp_count FROM `t_sale_static_route` LIMIT 1   [ RunTime:0.0059s ]
SQL: SELECT COUNT(*) AS tp_count FROM `t_sale_static_route` LIMIT 1   [ RunTime:0.0059s ]

