[ 2017-10-23T20:37:34+08:00 ] 127.0.0.1 /salecontrol/accout
INFO: [ app_init ] --START--
INFO: Run Behavior\BuildLiteBehavior [ RunTime:0.000007s ]
INFO: [ app_init ] --END-- [ RunTime:0.000147s ]
INFO: [ app_begin ] --START--
INFO: Run Behavior\ReadHtmlCacheBehavior [ RunTime:0.000186s ]
INFO: [ app_begin ] --END-- [ RunTime:0.000208s ]
SQL: SHOW COLUMNS FROM `t_sale_operation_account` [ RunTime:0.0112s ]
SQL: SHOW COLUMNS FROM `t_sale_operation_menu` [ RunTime:0.0113s ]
SQL: SELECT `id`,`name`,`class`,`level`,`controller` FROM `t_sale_operation_menu` WHERE ( status = 1 and pid = 0 ) ORDER BY id desc  [ RunTime:0.0125s ]
SQL: SELECT * FROM `t_sale_operation_menu` WHERE ( pid = 37 and status = 1 )  [ RunTime:0.0105s ]
SQL: SELECT * FROM `t_sale_operation_menu` WHERE ( pid = 32 and status = 1 )  [ RunTime:0.0123s ]
SQL: SELECT * FROM `t_sale_operation_menu` WHERE ( pid = 11 and status = 1 )  [ RunTime:0.0243s ]
SQL: SELECT * FROM `t_sale_operation_menu` WHERE ( pid = 2 and status = 1 )  [ RunTime:0.0117s ]
SQL: SHOW COLUMNS FROM `t_sale_operation_auth_group_access` [ RunTime:0.0111s ]
SQL: SELECT `uid`,`group_id`,`title`,`rules` FROM t_sale_operation_auth_group_access a INNER JOIN t_sale_operation_auth_group g on a.group_id=g.id  WHERE ( a.uid='1' and g.status='1' )  [ RunTime:0.0096s ]
SQL: SHOW COLUMNS FROM `t_sale_operation_auth_rule` [ RunTime:0.0116s ]
SQL: SELECT `condition`,`name` FROM `t_sale_operation_auth_rule` WHERE `id` IN ('1','2','3','4','5','6','7','8','9','10','12','16','18','19','') AND `status` = 1  [ RunTime:0.0132s ]
INFO: [ view_parse ] --START--
INFO: [ template_filter ] --START--
INFO: Run Behavior\ContentReplaceBehavior [ RunTime:0.000034s ]
INFO: [ template_filter ] --END-- [ RunTime:0.000068s ]
INFO: Run Behavior\ParseTemplateBehavior [ RunTime:0.009771s ]
INFO: [ view_parse ] --END-- [ RunTime:0.009817s ]
INFO: [ view_filter ] --START--
INFO: Run Behavior\WriteHtmlCacheBehavior [ RunTime:0.000217s ]
INFO: [ view_filter ] --END-- [ RunTime:0.000235s ]
INFO: [ app_end ] --START--
INFO: Run Behavior\ShowPageTraceBehavior [ RunTime:0.000316s ]
INFO: [ app_end ] --END-- [ RunTime:0.000356s ]

[ 2017-10-23T20:37:34+08:00 ] 127.0.0.1 /saleControl/getAccoutList
INFO: [ app_init ] --START--
INFO: Run Behavior\BuildLiteBehavior [ RunTime:0.000009s ]
INFO: [ app_init ] --END-- [ RunTime:0.000178s ]
INFO: [ app_begin ] --START--
INFO: Run Behavior\ReadHtmlCacheBehavior [ RunTime:0.000209s ]
INFO: [ app_begin ] --END-- [ RunTime:0.000231s ]
SQL: SHOW COLUMNS FROM `t_sale_operation_account` [ RunTime:0.0103s ]
SQL: SHOW COLUMNS FROM `t_sale_operation_menu` [ RunTime:0.0076s ]
SQL: SELECT `id`,`name`,`class`,`level`,`controller` FROM `t_sale_operation_menu` WHERE ( status = 1 and pid = 0 ) ORDER BY id desc  [ RunTime:0.0078s ]
SQL: SELECT * FROM `t_sale_operation_menu` WHERE ( pid = 37 and status = 1 )  [ RunTime:0.0102s ]
SQL: SELECT * FROM `t_sale_operation_menu` WHERE ( pid = 32 and status = 1 )  [ RunTime:0.0083s ]
SQL: SELECT * FROM `t_sale_operation_menu` WHERE ( pid = 11 and status = 1 )  [ RunTime:0.0097s ]
SQL: SELECT * FROM `t_sale_operation_menu` WHERE ( pid = 2 and status = 1 )  [ RunTime:0.0082s ]
SQL: SHOW COLUMNS FROM `t_sale_operation_auth_group_access` [ RunTime:0.0079s ]
SQL: SELECT `uid`,`group_id`,`title`,`rules` FROM t_sale_operation_auth_group_access a INNER JOIN t_sale_operation_auth_group g on a.group_id=g.id  WHERE ( a.uid='1' and g.status='1' )  [ RunTime:0.0091s ]
SQL: SHOW COLUMNS FROM `t_sale_operation_auth_rule` [ RunTime:0.0084s ]
SQL: SELECT `condition`,`name` FROM `t_sale_operation_auth_rule` WHERE `id` IN ('1','2','3','4','5','6','7','8','9','10','12','16','18','19','') AND `status` = 1  [ RunTime:0.0094s ]
SQL: SHOW COLUMNS FROM `t_sale_accoutinfo` [ RunTime:0.0096s ]
SQL: SELECT * FROM `t_sale_accoutinfo`  [ RunTime:0.0104s ]

[ 2017-10-23T20:37:35+08:00 ] 127.0.0.1 /salecontrol/product
INFO: [ app_init ] --START--
INFO: Run Behavior\BuildLiteBehavior [ RunTime:0.000007s ]
INFO: [ app_init ] --END-- [ RunTime:0.000183s ]
INFO: [ app_begin ] --START--
INFO: Run Behavior\ReadHtmlCacheBehavior [ RunTime:0.000246s ]
INFO: [ app_begin ] --END-- [ RunTime:0.000268s ]
SQL: SHOW COLUMNS FROM `t_sale_operation_account` [ RunTime:0.0115s ]
SQL: SHOW COLUMNS FROM `t_sale_operation_menu` [ RunTime:0.0084s ]
SQL: SELECT `id`,`name`,`class`,`level`,`controller` FROM `t_sale_operation_menu` WHERE ( status = 1 and pid = 0 ) ORDER BY id desc  [ RunTime:0.0100s ]
SQL: SELECT * FROM `t_sale_operation_menu` WHERE ( pid = 37 and status = 1 )  [ RunTime:0.0087s ]
SQL: SELECT * FROM `t_sale_operation_menu` WHERE ( pid = 32 and status = 1 )  [ RunTime:0.0117s ]
SQL: SELECT * FROM `t_sale_operation_menu` WHERE ( pid = 11 and status = 1 )  [ RunTime:0.0104s ]
SQL: SELECT * FROM `t_sale_operation_menu` WHERE ( pid = 2 and status = 1 )  [ RunTime:0.0084s ]
SQL: SHOW COLUMNS FROM `t_sale_operation_auth_group_access` [ RunTime:0.0083s ]
SQL: SELECT `uid`,`group_id`,`title`,`rules` FROM t_sale_operation_auth_group_access a INNER JOIN t_sale_operation_auth_group g on a.group_id=g.id  WHERE ( a.uid='1' and g.status='1' )  [ RunTime:0.0093s ]
SQL: SHOW COLUMNS FROM `t_sale_operation_auth_rule` [ RunTime:0.0079s ]
SQL: SELECT `condition`,`name` FROM `t_sale_operation_auth_rule` WHERE `id` IN ('1','2','3','4','5','6','7','8','9','10','12','16','18','19','') AND `status` = 1  [ RunTime:0.0087s ]
INFO: [ view_parse ] --START--
INFO: [ template_filter ] --START--
INFO: Run Behavior\ContentReplaceBehavior [ RunTime:0.000033s ]
INFO: [ template_filter ] --END-- [ RunTime:0.000061s ]
INFO: Run Behavior\ParseTemplateBehavior [ RunTime:0.005525s ]
INFO: [ view_parse ] --END-- [ RunTime:0.005549s ]
INFO: [ view_filter ] --START--
INFO: Run Behavior\WriteHtmlCacheBehavior [ RunTime:0.000078s ]
INFO: [ view_filter ] --END-- [ RunTime:0.000094s ]
INFO: [ app_end ] --START--
INFO: Run Behavior\ShowPageTraceBehavior [ RunTime:0.000320s ]
INFO: [ app_end ] --END-- [ RunTime:0.000351s ]

[ 2017-10-23T20:37:36+08:00 ] 127.0.0.1 /saleControl/getProductList
INFO: [ app_init ] --START--
INFO: Run Behavior\BuildLiteBehavior [ RunTime:0.000008s ]
INFO: [ app_init ] --END-- [ RunTime:0.000165s ]
INFO: [ app_begin ] --START--
INFO: Run Behavior\ReadHtmlCacheBehavior [ RunTime:0.000203s ]
INFO: [ app_begin ] --END-- [ RunTime:0.000225s ]
SQL: SHOW COLUMNS FROM `t_sale_operation_account` [ RunTime:0.0095s ]
SQL: SHOW COLUMNS FROM `t_sale_operation_menu` [ RunTime:0.0118s ]
SQL: SELECT `id`,`name`,`class`,`level`,`controller` FROM `t_sale_operation_menu` WHERE ( status = 1 and pid = 0 ) ORDER BY id desc  [ RunTime:0.0094s ]
SQL: SELECT * FROM `t_sale_operation_menu` WHERE ( pid = 37 and status = 1 )  [ RunTime:0.0096s ]
SQL: SELECT * FROM `t_sale_operation_menu` WHERE ( pid = 32 and status = 1 )  [ RunTime:0.0079s ]
SQL: SELECT * FROM `t_sale_operation_menu` WHERE ( pid = 11 and status = 1 )  [ RunTime:0.0091s ]
SQL: SELECT * FROM `t_sale_operation_menu` WHERE ( pid = 2 and status = 1 )  [ RunTime:0.0132s ]
SQL: SHOW COLUMNS FROM `t_sale_operation_auth_group_access` [ RunTime:0.0178s ]
SQL: SELECT `uid`,`group_id`,`title`,`rules` FROM t_sale_operation_auth_group_access a INNER JOIN t_sale_operation_auth_group g on a.group_id=g.id  WHERE ( a.uid='1' and g.status='1' )  [ RunTime:0.0122s ]
SQL: SHOW COLUMNS FROM `t_sale_operation_auth_rule` [ RunTime:0.0087s ]
SQL: SELECT `condition`,`name` FROM `t_sale_operation_auth_rule` WHERE `id` IN ('1','2','3','4','5','6','7','8','9','10','12','16','18','19','') AND `status` = 1  [ RunTime:0.0088s ]
SQL: SHOW COLUMNS FROM `t_sale_supplies` [ RunTime:0.0128s ]
SQL: SELECT * FROM `t_sale_supplies`  [ RunTime:0.0266s ]

[ 2017-10-23T20:38:34+08:00 ] 127.0.0.1 /salecontrol/product
INFO: [ app_init ] --START--
INFO: Run Behavior\BuildLiteBehavior [ RunTime:0.000007s ]
INFO: [ app_init ] --END-- [ RunTime:0.000427s ]
INFO: [ app_begin ] --START--
INFO: Run Behavior\ReadHtmlCacheBehavior [ RunTime:0.000624s ]
INFO: [ app_begin ] --END-- [ RunTime:0.000652s ]
SQL: SHOW COLUMNS FROM `t_sale_operation_account` [ RunTime:0.0066s ]
SQL: SHOW COLUMNS FROM `t_sale_operation_menu` [ RunTime:0.0073s ]
SQL: SELECT `id`,`name`,`class`,`level`,`controller` FROM `t_sale_operation_menu` WHERE ( status = 1 and pid = 0 ) ORDER BY id desc  [ RunTime:0.0070s ]
SQL: SELECT * FROM `t_sale_operation_menu` WHERE ( pid = 37 and status = 1 )  [ RunTime:0.0062s ]
SQL: SELECT * FROM `t_sale_operation_menu` WHERE ( pid = 32 and status = 1 )  [ RunTime:0.0092s ]
SQL: SELECT * FROM `t_sale_operation_menu` WHERE ( pid = 11 and status = 1 )  [ RunTime:0.0088s ]
SQL: SELECT * FROM `t_sale_operation_menu` WHERE ( pid = 2 and status = 1 )  [ RunTime:0.0067s ]
SQL: SHOW COLUMNS FROM `t_sale_operation_auth_group_access` [ RunTime:0.0088s ]
SQL: SELECT `uid`,`group_id`,`title`,`rules` FROM t_sale_operation_auth_group_access a INNER JOIN t_sale_operation_auth_group g on a.group_id=g.id  WHERE ( a.uid='1' and g.status='1' )  [ RunTime:0.0068s ]
SQL: SHOW COLUMNS FROM `t_sale_operation_auth_rule` [ RunTime:0.0073s ]
SQL: SELECT `condition`,`name` FROM `t_sale_operation_auth_rule` WHERE `id` IN ('1','2','3','4','5','6','7','8','9','10','12','16','18','19','') AND `status` = 1  [ RunTime:0.0074s ]
INFO: [ view_parse ] --START--
INFO: [ template_filter ] --START--
INFO: Run Behavior\ContentReplaceBehavior [ RunTime:0.000035s ]
INFO: [ template_filter ] --END-- [ RunTime:0.000068s ]
INFO: Run Behavior\ParseTemplateBehavior [ RunTime:0.009596s ]
INFO: [ view_parse ] --END-- [ RunTime:0.009640s ]
INFO: [ view_filter ] --START--
INFO: Run Behavior\WriteHtmlCacheBehavior [ RunTime:0.000441s ]
INFO: [ view_filter ] --END-- [ RunTime:0.000463s ]
INFO: [ app_end ] --START--
INFO: Run Behavior\ShowPageTraceBehavior [ RunTime:0.000598s ]
INFO: [ app_end ] --END-- [ RunTime:0.000621s ]

[ 2017-10-23T20:38:34+08:00 ] 127.0.0.1 /saleControl/getProductList
INFO: [ app_init ] --START--
INFO: Run Behavior\BuildLiteBehavior [ RunTime:0.000007s ]
INFO: [ app_init ] --END-- [ RunTime:0.000173s ]
INFO: [ app_begin ] --START--
INFO: Run Behavior\ReadHtmlCacheBehavior [ RunTime:0.000219s ]
INFO: [ app_begin ] --END-- [ RunTime:0.000243s ]
SQL: SHOW COLUMNS FROM `t_sale_operation_account` [ RunTime:0.0080s ]
SQL: SHOW COLUMNS FROM `t_sale_operation_menu` [ RunTime:0.0093s ]
SQL: SELECT `id`,`name`,`class`,`level`,`controller` FROM `t_sale_operation_menu` WHERE ( status = 1 and pid = 0 ) ORDER BY id desc  [ RunTime:0.0078s ]
SQL: SELECT * FROM `t_sale_operation_menu` WHERE ( pid = 37 and status = 1 )  [ RunTime:0.0079s ]
SQL: SELECT * FROM `t_sale_operation_menu` WHERE ( pid = 32 and status = 1 )  [ RunTime:0.0064s ]
SQL: SELECT * FROM `t_sale_operation_menu` WHERE ( pid = 11 and status = 1 )  [ RunTime:0.0080s ]
SQL: SELECT * FROM `t_sale_operation_menu` WHERE ( pid = 2 and status = 1 )  [ RunTime:0.0125s ]
SQL: SHOW COLUMNS FROM `t_sale_operation_auth_group_access` [ RunTime:0.0089s ]
SQL: SELECT `uid`,`group_id`,`title`,`rules` FROM t_sale_operation_auth_group_access a INNER JOIN t_sale_operation_auth_group g on a.group_id=g.id  WHERE ( a.uid='1' and g.status='1' )  [ RunTime:0.0075s ]
SQL: SHOW COLUMNS FROM `t_sale_operation_auth_rule` [ RunTime:0.0092s ]
SQL: SELECT `condition`,`name` FROM `t_sale_operation_auth_rule` WHERE `id` IN ('1','2','3','4','5','6','7','8','9','10','12','16','18','19','') AND `status` = 1  [ RunTime:0.0074s ]
SQL: SHOW COLUMNS FROM `t_sale_supplies` [ RunTime:0.0090s ]
SQL: SELECT * FROM `t_sale_supplies`  [ RunTime:0.0186s ]

