[ 2017-12-29T11:24:29+08:00 ] 127.0.0.1 /article/articlelist
INFO: [ app_init ] --START--
INFO: Run Behavior\BuildLiteBehavior [ RunTime:0.000017s ]
INFO: [ app_init ] --END-- [ RunTime:0.000557s ]
INFO: [ app_begin ] --START--
INFO: Run Behavior\ReadHtmlCacheBehavior [ RunTime:0.000694s ]
INFO: [ app_begin ] --END-- [ RunTime:0.000745s ]
SQL: SHOW COLUMNS FROM `t_moe_operation_account` [ RunTime:0.0030s ]
SQL: SHOW COLUMNS FROM `t_moe_operation_menu` [ RunTime:0.0009s ]
SQL: SELECT `id`,`name`,`class`,`level`,`controller` FROM `t_moe_operation_menu` WHERE ( status = 1 and pid = 0 ) ORDER BY id desc  [ RunTime:0.0004s ]
SQL: SELECT * FROM `t_moe_operation_menu` WHERE ( pid = 58 and status = 1 )  [ RunTime:0.0003s ]
SQL: SELECT * FROM `t_moe_operation_menu` WHERE ( pid = 2 and status = 1 )  [ RunTime:0.0002s ]
SQL: SHOW COLUMNS FROM `t_moe_operation_auth_group_access` [ RunTime:0.0007s ]
SQL: SELECT `uid`,`group_id`,`title`,`rules` FROM t_moe_operation_auth_group_access a INNER JOIN t_moe_operation_auth_group g on a.group_id=g.id  WHERE ( a.uid='1' and g.status='1' )  [ RunTime:0.0005s ]
SQL: SHOW COLUMNS FROM `t_moe_operation_auth_rule` [ RunTime:0.0005s ]
SQL: SELECT `condition`,`name` FROM `t_moe_operation_auth_rule` WHERE `id` IN ('7','35','1','12','52','64','65','2','54','55','59','60','8','9','56','57','58','70','10','51','61','62','67','66','69','93','95','97','105','106','96','98','100','102','103','104','101','99') AND `status` = 1  [ RunTime:0.0008s ]
NOTIC: [8] Undefined offset: 3 /data/webdata/operation_admin/Application/PeopleSoft/Library/BaseController.class.php 第 112 行.
NOTIC: [8] Undefined offset: 3 /data/webdata/operation_admin/Application/PeopleSoft/Library/BaseController.class.php 第 112 行.
INFO: [ view_parse ] --START--
INFO: [ template_filter ] --START--
INFO: Run Behavior\ContentReplaceBehavior [ RunTime:0.000083s ]
INFO: [ template_filter ] --END-- [ RunTime:0.000112s ]
INFO: Run Behavior\ParseTemplateBehavior [ RunTime:0.010329s ]
INFO: [ view_parse ] --END-- [ RunTime:0.010365s ]
INFO: [ view_filter ] --START--
INFO: Run Behavior\WriteHtmlCacheBehavior [ RunTime:0.000368s ]
INFO: [ view_filter ] --END-- [ RunTime:0.000391s ]
INFO: [ app_end ] --START--
INFO: Run Behavior\ShowPageTraceBehavior [ RunTime:0.001277s ]
INFO: [ app_end ] --END-- [ RunTime:0.001307s ]

[ 2017-12-29T11:24:29+08:00 ] 127.0.0.1 /article/articlelist/query
INFO: [ app_init ] --START--
INFO: Run Behavior\BuildLiteBehavior [ RunTime:0.000008s ]
INFO: [ app_init ] --END-- [ RunTime:0.000271s ]
INFO: [ app_begin ] --START--
INFO: Run Behavior\ReadHtmlCacheBehavior [ RunTime:0.000410s ]
INFO: [ app_begin ] --END-- [ RunTime:0.000452s ]
SQL: SHOW COLUMNS FROM `t_moe_operation_account` [ RunTime:0.0006s ]
SQL: SHOW COLUMNS FROM `t_moe_operation_menu` [ RunTime:0.0004s ]
SQL: SELECT `id`,`name`,`class`,`level`,`controller` FROM `t_moe_operation_menu` WHERE ( status = 1 and pid = 0 ) ORDER BY id desc  [ RunTime:0.0004s ]
SQL: SELECT * FROM `t_moe_operation_menu` WHERE ( pid = 58 and status = 1 )  [ RunTime:0.0002s ]
SQL: SELECT * FROM `t_moe_operation_menu` WHERE ( pid = 2 and status = 1 )  [ RunTime:0.0002s ]
SQL: SHOW COLUMNS FROM `t_moe_operation_auth_group_access` [ RunTime:0.0003s ]
SQL: SELECT `uid`,`group_id`,`title`,`rules` FROM t_moe_operation_auth_group_access a INNER JOIN t_moe_operation_auth_group g on a.group_id=g.id  WHERE ( a.uid='1' and g.status='1' )  [ RunTime:0.0003s ]
SQL: SHOW COLUMNS FROM `t_moe_operation_auth_rule` [ RunTime:0.0003s ]
SQL: SELECT `condition`,`name` FROM `t_moe_operation_auth_rule` WHERE `id` IN ('7','35','1','12','52','64','65','2','54','55','59','60','8','9','56','57','58','70','10','51','61','62','67','66','69','93','95','97','105','106','96','98','100','102','103','104','101','99') AND `status` = 1  [ RunTime:0.0004s ]
SQL: SHOW COLUMNS FROM `t_moe_article` [ RunTime:0.0004s ]
SQL: SELECT * FROM `t_moe_article` WHERE (  (  1=1 ) ) AND `status` = 1 ORDER BY create_at desc LIMIT 0,10   [ RunTime:0.0007s ]
SQL: SELECT COUNT(*) AS tp_count FROM `t_moe_article` WHERE (  status=1 ) LIMIT 1   [ RunTime:0.0002s ]
SQL: SELECT COUNT(*) AS tp_count FROM `t_moe_article` WHERE (  status=1 ) LIMIT 1   [ RunTime:0.0001s ]

[ 2017-12-29T11:24:31+08:00 ] 127.0.0.1 /article/articlelist/detail/19
INFO: [ app_init ] --START--
INFO: Run Behavior\BuildLiteBehavior [ RunTime:0.000020s ]
INFO: [ app_init ] --END-- [ RunTime:0.000307s ]
INFO: [ app_begin ] --START--
INFO: Run Behavior\ReadHtmlCacheBehavior [ RunTime:0.000400s ]
INFO: [ app_begin ] --END-- [ RunTime:0.000447s ]
SQL: SHOW COLUMNS FROM `t_moe_operation_account` [ RunTime:0.0005s ]
SQL: SHOW COLUMNS FROM `t_moe_operation_menu` [ RunTime:0.0003s ]
SQL: SELECT `id`,`name`,`class`,`level`,`controller` FROM `t_moe_operation_menu` WHERE ( status = 1 and pid = 0 ) ORDER BY id desc  [ RunTime:0.0003s ]
SQL: SELECT * FROM `t_moe_operation_menu` WHERE ( pid = 58 and status = 1 )  [ RunTime:0.0003s ]
SQL: SELECT * FROM `t_moe_operation_menu` WHERE ( pid = 2 and status = 1 )  [ RunTime:0.0002s ]
SQL: SHOW COLUMNS FROM `t_moe_operation_auth_group_access` [ RunTime:0.0004s ]
SQL: SELECT `uid`,`group_id`,`title`,`rules` FROM t_moe_operation_auth_group_access a INNER JOIN t_moe_operation_auth_group g on a.group_id=g.id  WHERE ( a.uid='1' and g.status='1' )  [ RunTime:0.0003s ]
SQL: SHOW COLUMNS FROM `t_moe_operation_auth_rule` [ RunTime:0.0004s ]
SQL: SELECT `condition`,`name` FROM `t_moe_operation_auth_rule` WHERE `id` IN ('7','35','1','12','52','64','65','2','54','55','59','60','8','9','56','57','58','70','10','51','61','62','67','66','69','93','95','97','105','106','96','98','100','102','103','104','101','99') AND `status` = 1  [ RunTime:0.0004s ]
SQL: SHOW COLUMNS FROM `t_moe_article` [ RunTime:0.0004s ]
SQL: SELECT * FROM `t_moe_article` WHERE `id` = 19 LIMIT 1   [ RunTime:0.0003s ]
INFO: [ view_parse ] --START--
INFO: [ template_filter ] --START--
INFO: Run Behavior\ContentReplaceBehavior [ RunTime:0.000055s ]
INFO: [ template_filter ] --END-- [ RunTime:0.000083s ]
INFO: Run Behavior\ParseTemplateBehavior [ RunTime:0.007116s ]
INFO: [ view_parse ] --END-- [ RunTime:0.007170s ]
INFO: [ view_filter ] --START--
INFO: Run Behavior\WriteHtmlCacheBehavior [ RunTime:0.000084s ]
INFO: [ view_filter ] --END-- [ RunTime:0.000100s ]
INFO: [ app_end ] --START--
INFO: Run Behavior\ShowPageTraceBehavior [ RunTime:0.000336s ]
INFO: [ app_end ] --END-- [ RunTime:0.000361s ]

[ 2017-12-29T11:24:32+08:00 ] 127.0.0.1 /article/articlelist/detail/14
INFO: [ app_init ] --START--
INFO: Run Behavior\BuildLiteBehavior [ RunTime:0.000008s ]
INFO: [ app_init ] --END-- [ RunTime:0.000158s ]
INFO: [ app_begin ] --START--
INFO: Run Behavior\ReadHtmlCacheBehavior [ RunTime:0.000226s ]
INFO: [ app_begin ] --END-- [ RunTime:0.000248s ]
SQL: SHOW COLUMNS FROM `t_moe_operation_account` [ RunTime:0.0005s ]
SQL: SHOW COLUMNS FROM `t_moe_operation_menu` [ RunTime:0.0004s ]
SQL: SELECT `id`,`name`,`class`,`level`,`controller` FROM `t_moe_operation_menu` WHERE ( status = 1 and pid = 0 ) ORDER BY id desc  [ RunTime:0.0003s ]
SQL: SELECT * FROM `t_moe_operation_menu` WHERE ( pid = 58 and status = 1 )  [ RunTime:0.0003s ]
SQL: SELECT * FROM `t_moe_operation_menu` WHERE ( pid = 2 and status = 1 )  [ RunTime:0.0003s ]
SQL: SHOW COLUMNS FROM `t_moe_operation_auth_group_access` [ RunTime:0.0004s ]
SQL: SELECT `uid`,`group_id`,`title`,`rules` FROM t_moe_operation_auth_group_access a INNER JOIN t_moe_operation_auth_group g on a.group_id=g.id  WHERE ( a.uid='1' and g.status='1' )  [ RunTime:0.0004s ]
SQL: SHOW COLUMNS FROM `t_moe_operation_auth_rule` [ RunTime:0.0006s ]
SQL: SELECT `condition`,`name` FROM `t_moe_operation_auth_rule` WHERE `id` IN ('7','35','1','12','52','64','65','2','54','55','59','60','8','9','56','57','58','70','10','51','61','62','67','66','69','93','95','97','105','106','96','98','100','102','103','104','101','99') AND `status` = 1  [ RunTime:0.0005s ]
SQL: SHOW COLUMNS FROM `t_moe_article` [ RunTime:0.0004s ]
SQL: SELECT * FROM `t_moe_article` WHERE `id` = 14 LIMIT 1   [ RunTime:0.0002s ]
INFO: [ view_parse ] --START--
INFO: [ template_filter ] --START--
INFO: Run Behavior\ContentReplaceBehavior [ RunTime:0.000038s ]
INFO: [ template_filter ] --END-- [ RunTime:0.000064s ]
INFO: Run Behavior\ParseTemplateBehavior [ RunTime:0.004742s ]
INFO: [ view_parse ] --END-- [ RunTime:0.004768s ]
INFO: [ view_filter ] --START--
INFO: Run Behavior\WriteHtmlCacheBehavior [ RunTime:0.000074s ]
INFO: [ view_filter ] --END-- [ RunTime:0.000090s ]
INFO: [ app_end ] --START--
INFO: Run Behavior\ShowPageTraceBehavior [ RunTime:0.000294s ]
INFO: [ app_end ] --END-- [ RunTime:0.000323s ]

[ 2017-12-29T11:24:34+08:00 ] 127.0.0.1 /article/category
INFO: [ app_init ] --START--
INFO: Run Behavior\BuildLiteBehavior [ RunTime:0.000006s ]
INFO: [ app_init ] --END-- [ RunTime:0.000150s ]
INFO: [ app_begin ] --START--
INFO: Run Behavior\ReadHtmlCacheBehavior [ RunTime:0.000183s ]
INFO: [ app_begin ] --END-- [ RunTime:0.000204s ]
SQL: SHOW COLUMNS FROM `t_moe_operation_account` [ RunTime:0.0005s ]
SQL: SHOW COLUMNS FROM `t_moe_operation_menu` [ RunTime:0.0004s ]
SQL: SELECT `id`,`name`,`class`,`level`,`controller` FROM `t_moe_operation_menu` WHERE ( status = 1 and pid = 0 ) ORDER BY id desc  [ RunTime:0.0002s ]
SQL: SELECT * FROM `t_moe_operation_menu` WHERE ( pid = 58 and status = 1 )  [ RunTime:0.0002s ]
SQL: SELECT * FROM `t_moe_operation_menu` WHERE ( pid = 2 and status = 1 )  [ RunTime:0.0002s ]
SQL: SHOW COLUMNS FROM `t_moe_operation_auth_group_access` [ RunTime:0.0003s ]
SQL: SELECT `uid`,`group_id`,`title`,`rules` FROM t_moe_operation_auth_group_access a INNER JOIN t_moe_operation_auth_group g on a.group_id=g.id  WHERE ( a.uid='1' and g.status='1' )  [ RunTime:0.0003s ]
SQL: SHOW COLUMNS FROM `t_moe_operation_auth_rule` [ RunTime:0.0003s ]
SQL: SELECT `condition`,`name` FROM `t_moe_operation_auth_rule` WHERE `id` IN ('7','35','1','12','52','64','65','2','54','55','59','60','8','9','56','57','58','70','10','51','61','62','67','66','69','93','95','97','105','106','96','98','100','102','103','104','101','99') AND `status` = 1  [ RunTime:0.0004s ]
NOTIC: [8] Undefined offset: 3 /data/webdata/operation_admin/Application/PeopleSoft/Library/BaseController.class.php 第 112 行.
NOTIC: [8] Undefined offset: 3 /data/webdata/operation_admin/Application/PeopleSoft/Library/BaseController.class.php 第 112 行.
SQL: SHOW COLUMNS FROM `t_moe_category` [ RunTime:0.0005s ]
SQL: SELECT * FROM `t_moe_category` WHERE ( status=1 ) ORDER BY id is null,id  [ RunTime:0.0004s ]
INFO: [ view_parse ] --START--
INFO: [ template_filter ] --START--
INFO: Run Behavior\ContentReplaceBehavior [ RunTime:0.000036s ]
INFO: [ template_filter ] --END-- [ RunTime:0.000062s ]
INFO: Run Behavior\ParseTemplateBehavior [ RunTime:0.006539s ]
INFO: [ view_parse ] --END-- [ RunTime:0.006564s ]
INFO: [ view_filter ] --START--
INFO: Run Behavior\WriteHtmlCacheBehavior [ RunTime:0.000074s ]
INFO: [ view_filter ] --END-- [ RunTime:0.000090s ]
INFO: [ app_end ] --START--
INFO: Run Behavior\ShowPageTraceBehavior [ RunTime:0.000378s ]
INFO: [ app_end ] --END-- [ RunTime:0.000396s ]

[ 2017-12-29T13:17:02+08:00 ] 127.0.0.1 /article/category
INFO: [ app_init ] --START--
INFO: Run Behavior\BuildLiteBehavior [ RunTime:0.000026s ]
INFO: [ app_init ] --END-- [ RunTime:0.000810s ]
INFO: [ app_begin ] --START--
INFO: Run Behavior\ReadHtmlCacheBehavior [ RunTime:0.000768s ]
INFO: [ app_begin ] --END-- [ RunTime:0.000829s ]
SQL: SHOW COLUMNS FROM `t_moe_operation_account` [ RunTime:0.0012s ]
SQL: SHOW COLUMNS FROM `t_moe_operation_menu` [ RunTime:0.0006s ]
SQL: SELECT `id`,`name`,`class`,`level`,`controller` FROM `t_moe_operation_menu` WHERE ( status = 1 and pid = 0 ) ORDER BY id desc  [ RunTime:0.0004s ]
SQL: SELECT * FROM `t_moe_operation_menu` WHERE ( pid = 58 and status = 1 )  [ RunTime:0.0002s ]
SQL: SELECT * FROM `t_moe_operation_menu` WHERE ( pid = 2 and status = 1 )  [ RunTime:0.0002s ]
SQL: SHOW COLUMNS FROM `t_moe_operation_auth_group_access` [ RunTime:0.0005s ]
SQL: SELECT `uid`,`group_id`,`title`,`rules` FROM t_moe_operation_auth_group_access a INNER JOIN t_moe_operation_auth_group g on a.group_id=g.id  WHERE ( a.uid='1' and g.status='1' )  [ RunTime:0.0006s ]
SQL: SHOW COLUMNS FROM `t_moe_operation_auth_rule` [ RunTime:0.0005s ]
SQL: SELECT `condition`,`name` FROM `t_moe_operation_auth_rule` WHERE `id` IN ('7','35','1','12','52','64','65','2','54','55','59','60','8','9','56','57','58','70','10','51','61','62','67','66','69','93','95','97','105','106','96','98','100','102','103','104','101','99') AND `status` = 1  [ RunTime:0.0006s ]
NOTIC: [8] Undefined offset: 3 /data/webdata/operation_admin/Application/PeopleSoft/Library/BaseController.class.php 第 112 行.
NOTIC: [8] Undefined offset: 3 /data/webdata/operation_admin/Application/PeopleSoft/Library/BaseController.class.php 第 112 行.
SQL: SHOW COLUMNS FROM `t_moe_category` [ RunTime:0.0005s ]
SQL: SELECT * FROM `t_moe_category` WHERE ( status=1 ) ORDER BY id is null,id  [ RunTime:0.0005s ]
INFO: [ view_parse ] --START--
INFO: [ template_filter ] --START--
INFO: Run Behavior\ContentReplaceBehavior [ RunTime:0.000078s ]
INFO: [ template_filter ] --END-- [ RunTime:0.000167s ]
INFO: Run Behavior\ParseTemplateBehavior [ RunTime:0.011628s ]
INFO: [ view_parse ] --END-- [ RunTime:0.011715s ]
INFO: [ view_filter ] --START--
INFO: Run Behavior\WriteHtmlCacheBehavior [ RunTime:0.000347s ]
INFO: [ view_filter ] --END-- [ RunTime:0.000366s ]
INFO: [ app_end ] --START--
INFO: Run Behavior\ShowPageTraceBehavior [ RunTime:0.000656s ]
INFO: [ app_end ] --END-- [ RunTime:0.000708s ]

[ 2017-12-29T14:58:10+08:00 ] 127.0.0.1 /article/articlelist
INFO: [ app_init ] --START--
INFO: Run Behavior\BuildLiteBehavior [ RunTime:0.000009s ]
INFO: [ app_init ] --END-- [ RunTime:0.000398s ]
INFO: [ app_begin ] --START--
INFO: Run Behavior\ReadHtmlCacheBehavior [ RunTime:0.000580s ]
INFO: [ app_begin ] --END-- [ RunTime:0.000610s ]
SQL: SHOW COLUMNS FROM `t_moe_operation_account` [ RunTime:0.0010s ]
SQL: SHOW COLUMNS FROM `t_moe_operation_menu` [ RunTime:0.0007s ]
SQL: SELECT `id`,`name`,`class`,`level`,`controller` FROM `t_moe_operation_menu` WHERE ( status = 1 and pid = 0 ) ORDER BY id desc  [ RunTime:0.0004s ]
SQL: SELECT * FROM `t_moe_operation_menu` WHERE ( pid = 58 and status = 1 )  [ RunTime:0.0003s ]
SQL: SELECT * FROM `t_moe_operation_menu` WHERE ( pid = 2 and status = 1 )  [ RunTime:0.0002s ]
SQL: SHOW COLUMNS FROM `t_moe_operation_auth_group_access` [ RunTime:0.0005s ]
SQL: SELECT `uid`,`group_id`,`title`,`rules` FROM t_moe_operation_auth_group_access a INNER JOIN t_moe_operation_auth_group g on a.group_id=g.id  WHERE ( a.uid='1' and g.status='1' )  [ RunTime:0.0006s ]
SQL: SHOW COLUMNS FROM `t_moe_operation_auth_rule` [ RunTime:0.0006s ]
SQL: SELECT `condition`,`name` FROM `t_moe_operation_auth_rule` WHERE `id` IN ('7','35','1','12','52','64','65','2','54','55','59','60','8','9','56','57','58','70','10','51','61','62','67','66','69','93','95','97','105','106','96','98','100','102','103','104','101','99') AND `status` = 1  [ RunTime:0.0004s ]
NOTIC: [8] Undefined offset: 3 /data/webdata/operation_admin/Application/PeopleSoft/Library/BaseController.class.php 第 112 行.
NOTIC: [8] Undefined offset: 3 /data/webdata/operation_admin/Application/PeopleSoft/Library/BaseController.class.php 第 112 行.
INFO: [ view_parse ] --START--
INFO: [ template_filter ] --START--
INFO: Run Behavior\ContentReplaceBehavior [ RunTime:0.000069s ]
INFO: [ template_filter ] --END-- [ RunTime:0.000100s ]
INFO: Run Behavior\ParseTemplateBehavior [ RunTime:0.009755s ]
INFO: [ view_parse ] --END-- [ RunTime:0.009781s ]
INFO: [ view_filter ] --START--
INFO: Run Behavior\WriteHtmlCacheBehavior [ RunTime:0.000502s ]
INFO: [ view_filter ] --END-- [ RunTime:0.000524s ]
INFO: [ app_end ] --START--
INFO: Run Behavior\ShowPageTraceBehavior [ RunTime:0.000582s ]
INFO: [ app_end ] --END-- [ RunTime:0.000606s ]

[ 2017-12-29T14:58:10+08:00 ] 127.0.0.1 /article/articlelist/query
INFO: [ app_init ] --START--
INFO: Run Behavior\BuildLiteBehavior [ RunTime:0.000009s ]
INFO: [ app_init ] --END-- [ RunTime:0.000220s ]
INFO: [ app_begin ] --START--
INFO: Run Behavior\ReadHtmlCacheBehavior [ RunTime:0.000213s ]
INFO: [ app_begin ] --END-- [ RunTime:0.000236s ]
SQL: SHOW COLUMNS FROM `t_moe_operation_account` [ RunTime:0.0011s ]
SQL: SHOW COLUMNS FROM `t_moe_operation_menu` [ RunTime:0.0009s ]
SQL: SELECT `id`,`name`,`class`,`level`,`controller` FROM `t_moe_operation_menu` WHERE ( status = 1 and pid = 0 ) ORDER BY id desc  [ RunTime:0.0012s ]
SQL: SELECT * FROM `t_moe_operation_menu` WHERE ( pid = 58 and status = 1 )  [ RunTime:0.0004s ]
SQL: SELECT * FROM `t_moe_operation_menu` WHERE ( pid = 2 and status = 1 )  [ RunTime:0.0002s ]
SQL: SHOW COLUMNS FROM `t_moe_operation_auth_group_access` [ RunTime:0.0006s ]
SQL: SELECT `uid`,`group_id`,`title`,`rules` FROM t_moe_operation_auth_group_access a INNER JOIN t_moe_operation_auth_group g on a.group_id=g.id  WHERE ( a.uid='1' and g.status='1' )  [ RunTime:0.0004s ]
SQL: SHOW COLUMNS FROM `t_moe_operation_auth_rule` [ RunTime:0.0006s ]
SQL: SELECT `condition`,`name` FROM `t_moe_operation_auth_rule` WHERE `id` IN ('7','35','1','12','52','64','65','2','54','55','59','60','8','9','56','57','58','70','10','51','61','62','67','66','69','93','95','97','105','106','96','98','100','102','103','104','101','99') AND `status` = 1  [ RunTime:0.0004s ]
SQL: SHOW COLUMNS FROM `t_moe_article` [ RunTime:0.0008s ]
SQL: SELECT * FROM `t_moe_article` WHERE (  (  1=1 ) ) AND `status` = 1 ORDER BY create_at desc LIMIT 0,10   [ RunTime:0.0006s ]
SQL: SELECT COUNT(*) AS tp_count FROM `t_moe_article` WHERE (  status=1 ) LIMIT 1   [ RunTime:0.0002s ]
SQL: SELECT COUNT(*) AS tp_count FROM `t_moe_article` WHERE (  status=1 ) LIMIT 1   [ RunTime:0.0002s ]

[ 2017-12-29T15:15:17+08:00 ] 127.0.0.1 /
INFO: [ app_init ] --START--
INFO: Run Behavior\BuildLiteBehavior [ RunTime:0.000009s ]
INFO: [ app_init ] --END-- [ RunTime:0.000498s ]
INFO: [ app_begin ] --START--
INFO: Run Behavior\ReadHtmlCacheBehavior [ RunTime:0.000991s ]
INFO: [ app_begin ] --END-- [ RunTime:0.001041s ]
SQL: SHOW COLUMNS FROM `t_moe_operation_account` [ RunTime:0.0006s ]
SQL: SHOW COLUMNS FROM `t_moe_operation_menu` [ RunTime:0.0006s ]
SQL: SELECT `id`,`name`,`class`,`level`,`controller` FROM `t_moe_operation_menu` WHERE ( status = 1 and pid = 0 ) ORDER BY id desc  [ RunTime:0.0003s ]
SQL: SELECT * FROM `t_moe_operation_menu` WHERE ( pid = 58 and status = 1 )  [ RunTime:0.0003s ]
SQL: SELECT * FROM `t_moe_operation_menu` WHERE ( pid = 2 and status = 1 )  [ RunTime:0.0003s ]
SQL: SHOW COLUMNS FROM `t_moe_operation_auth_group_access` [ RunTime:0.0004s ]
SQL: SELECT `uid`,`group_id`,`title`,`rules` FROM t_moe_operation_auth_group_access a INNER JOIN t_moe_operation_auth_group g on a.group_id=g.id  WHERE ( a.uid='1' and g.status='1' )  [ RunTime:0.0003s ]
SQL: SHOW COLUMNS FROM `t_moe_operation_auth_rule` [ RunTime:0.0003s ]
SQL: SELECT `condition`,`name` FROM `t_moe_operation_auth_rule` WHERE `id` IN ('7','35','1','12','52','64','65','2','54','55','59','60','8','9','56','57','58','70','10','51','61','62','67','66','69','93','95','97','105','106','96','98','100','102','103','104','101','99') AND `status` = 1  [ RunTime:0.0004s ]
NOTIC: [8] Undefined offset: 3 /data/webdata/operation_admin/Application/PeopleSoft/Library/BaseController.class.php 第 112 行.
NOTIC: [8] Undefined offset: 3 /data/webdata/operation_admin/Application/PeopleSoft/Library/BaseController.class.php 第 112 行.
INFO: [ view_parse ] --START--
INFO: [ template_filter ] --START--
INFO: Run Behavior\ContentReplaceBehavior [ RunTime:0.000075s ]
INFO: [ template_filter ] --END-- [ RunTime:0.000116s ]
NOTIC: [8] Undefined variable: controllerName /data/webdata/operation_admin/Application/Runtime/Cache/PeopleSoft/220f8b7fcd99d94a83c3aa30e9f4f42c.php 第 43 行.
NOTIC: [8] Undefined variable: controllerName /data/webdata/operation_admin/Application/Runtime/Cache/PeopleSoft/220f8b7fcd99d94a83c3aa30e9f4f42c.php 第 43 行.
NOTIC: [8] Undefined variable: Static /data/webdata/operation_admin/Application/Runtime/Cache/PeopleSoft/220f8b7fcd99d94a83c3aa30e9f4f42c.php 第 204 行.
NOTIC: [8] Undefined variable: Static /data/webdata/operation_admin/Application/Runtime/Cache/PeopleSoft/220f8b7fcd99d94a83c3aa30e9f4f42c.php 第 217 行.
NOTIC: [8] Undefined variable: Static /data/webdata/operation_admin/Application/Runtime/Cache/PeopleSoft/220f8b7fcd99d94a83c3aa30e9f4f42c.php 第 230 行.
NOTIC: [8] Undefined variable: Static /data/webdata/operation_admin/Application/Runtime/Cache/PeopleSoft/220f8b7fcd99d94a83c3aa30e9f4f42c.php 第 243 行.
INFO: Run Behavior\ParseTemplateBehavior [ RunTime:0.008814s ]
INFO: [ view_parse ] --END-- [ RunTime:0.008835s ]
INFO: [ view_filter ] --START--
INFO: Run Behavior\WriteHtmlCacheBehavior [ RunTime:0.000388s ]
INFO: [ view_filter ] --END-- [ RunTime:0.000408s ]
INFO: [ app_end ] --START--
INFO: Run Behavior\ShowPageTraceBehavior [ RunTime:0.000750s ]
INFO: [ app_end ] --END-- [ RunTime:0.000810s ]

[ 2017-12-29T15:15:21+08:00 ] 127.0.0.1 /article/category
INFO: [ app_init ] --START--
INFO: Run Behavior\BuildLiteBehavior [ RunTime:0.000007s ]
INFO: [ app_init ] --END-- [ RunTime:0.000161s ]
INFO: [ app_begin ] --START--
INFO: Run Behavior\ReadHtmlCacheBehavior [ RunTime:0.000200s ]
INFO: [ app_begin ] --END-- [ RunTime:0.000222s ]
SQL: SHOW COLUMNS FROM `t_moe_operation_account` [ RunTime:0.0005s ]
SQL: SHOW COLUMNS FROM `t_moe_operation_menu` [ RunTime:0.0003s ]
SQL: SELECT `id`,`name`,`class`,`level`,`controller` FROM `t_moe_operation_menu` WHERE ( status = 1 and pid = 0 ) ORDER BY id desc  [ RunTime:0.0002s ]
SQL: SELECT * FROM `t_moe_operation_menu` WHERE ( pid = 58 and status = 1 )  [ RunTime:0.0002s ]
SQL: SELECT * FROM `t_moe_operation_menu` WHERE ( pid = 2 and status = 1 )  [ RunTime:0.0002s ]
SQL: SHOW COLUMNS FROM `t_moe_operation_auth_group_access` [ RunTime:0.0003s ]
SQL: SELECT `uid`,`group_id`,`title`,`rules` FROM t_moe_operation_auth_group_access a INNER JOIN t_moe_operation_auth_group g on a.group_id=g.id  WHERE ( a.uid='1' and g.status='1' )  [ RunTime:0.0004s ]
SQL: SHOW COLUMNS FROM `t_moe_operation_auth_rule` [ RunTime:0.0003s ]
SQL: SELECT `condition`,`name` FROM `t_moe_operation_auth_rule` WHERE `id` IN ('7','35','1','12','52','64','65','2','54','55','59','60','8','9','56','57','58','70','10','51','61','62','67','66','69','93','95','97','105','106','96','98','100','102','103','104','101','99') AND `status` = 1  [ RunTime:0.0005s ]
NOTIC: [8] Undefined offset: 3 /data/webdata/operation_admin/Application/PeopleSoft/Library/BaseController.class.php 第 112 行.
NOTIC: [8] Undefined offset: 3 /data/webdata/operation_admin/Application/PeopleSoft/Library/BaseController.class.php 第 112 行.
SQL: SHOW COLUMNS FROM `t_moe_category` [ RunTime:0.0004s ]
SQL: SELECT * FROM `t_moe_category` WHERE ( status=1 ) ORDER BY id is null,id  [ RunTime:0.0003s ]
INFO: [ view_parse ] --START--
INFO: [ template_filter ] --START--
INFO: Run Behavior\ContentReplaceBehavior [ RunTime:0.000047s ]
INFO: [ template_filter ] --END-- [ RunTime:0.000085s ]
INFO: Run Behavior\ParseTemplateBehavior [ RunTime:0.006420s ]
INFO: [ view_parse ] --END-- [ RunTime:0.006481s ]
INFO: [ view_filter ] --START--
INFO: Run Behavior\WriteHtmlCacheBehavior [ RunTime:0.000088s ]
INFO: [ view_filter ] --END-- [ RunTime:0.000106s ]
INFO: [ app_end ] --START--
INFO: Run Behavior\ShowPageTraceBehavior [ RunTime:0.000447s ]
INFO: [ app_end ] --END-- [ RunTime:0.000481s ]

[ 2017-12-29T15:15:22+08:00 ] 127.0.0.1 /article/articlelist
INFO: [ app_init ] --START--
INFO: Run Behavior\BuildLiteBehavior [ RunTime:0.000008s ]
INFO: [ app_init ] --END-- [ RunTime:0.000159s ]
INFO: [ app_begin ] --START--
INFO: Run Behavior\ReadHtmlCacheBehavior [ RunTime:0.000244s ]
INFO: [ app_begin ] --END-- [ RunTime:0.000275s ]
SQL: SHOW COLUMNS FROM `t_moe_operation_account` [ RunTime:0.0005s ]
SQL: SHOW COLUMNS FROM `t_moe_operation_menu` [ RunTime:0.0006s ]
SQL: SELECT `id`,`name`,`class`,`level`,`controller` FROM `t_moe_operation_menu` WHERE ( status = 1 and pid = 0 ) ORDER BY id desc  [ RunTime:0.0003s ]
SQL: SELECT * FROM `t_moe_operation_menu` WHERE ( pid = 58 and status = 1 )  [ RunTime:0.0002s ]
SQL: SELECT * FROM `t_moe_operation_menu` WHERE ( pid = 2 and status = 1 )  [ RunTime:0.0002s ]
SQL: SHOW COLUMNS FROM `t_moe_operation_auth_group_access` [ RunTime:0.0003s ]
SQL: SELECT `uid`,`group_id`,`title`,`rules` FROM t_moe_operation_auth_group_access a INNER JOIN t_moe_operation_auth_group g on a.group_id=g.id  WHERE ( a.uid='1' and g.status='1' )  [ RunTime:0.0003s ]
SQL: SHOW COLUMNS FROM `t_moe_operation_auth_rule` [ RunTime:0.0004s ]
SQL: SELECT `condition`,`name` FROM `t_moe_operation_auth_rule` WHERE `id` IN ('7','35','1','12','52','64','65','2','54','55','59','60','8','9','56','57','58','70','10','51','61','62','67','66','69','93','95','97','105','106','96','98','100','102','103','104','101','99') AND `status` = 1  [ RunTime:0.0004s ]
NOTIC: [8] Undefined offset: 3 /data/webdata/operation_admin/Application/PeopleSoft/Library/BaseController.class.php 第 112 行.
NOTIC: [8] Undefined offset: 3 /data/webdata/operation_admin/Application/PeopleSoft/Library/BaseController.class.php 第 112 行.
INFO: [ view_parse ] --START--
INFO: [ template_filter ] --START--
INFO: Run Behavior\ContentReplaceBehavior [ RunTime:0.000033s ]
INFO: [ template_filter ] --END-- [ RunTime:0.000064s ]
INFO: Run Behavior\ParseTemplateBehavior [ RunTime:0.008411s ]
INFO: [ view_parse ] --END-- [ RunTime:0.008434s ]
INFO: [ view_filter ] --START--
INFO: Run Behavior\WriteHtmlCacheBehavior [ RunTime:0.000122s ]
INFO: [ view_filter ] --END-- [ RunTime:0.000138s ]
INFO: [ app_end ] --START--
INFO: Run Behavior\ShowPageTraceBehavior [ RunTime:0.000313s ]
INFO: [ app_end ] --END-- [ RunTime:0.000346s ]

[ 2017-12-29T15:15:23+08:00 ] 127.0.0.1 /article/articlelist/query
INFO: [ app_init ] --START--
INFO: Run Behavior\BuildLiteBehavior [ RunTime:0.000007s ]
INFO: [ app_init ] --END-- [ RunTime:0.000157s ]
INFO: [ app_begin ] --START--
INFO: Run Behavior\ReadHtmlCacheBehavior [ RunTime:0.000198s ]
INFO: [ app_begin ] --END-- [ RunTime:0.000219s ]
SQL: SHOW COLUMNS FROM `t_moe_operation_account` [ RunTime:0.0004s ]
SQL: SHOW COLUMNS FROM `t_moe_operation_menu` [ RunTime:0.0004s ]
SQL: SELECT `id`,`name`,`class`,`level`,`controller` FROM `t_moe_operation_menu` WHERE ( status = 1 and pid = 0 ) ORDER BY id desc  [ RunTime:0.0003s ]
SQL: SELECT * FROM `t_moe_operation_menu` WHERE ( pid = 58 and status = 1 )  [ RunTime:0.0004s ]
SQL: SELECT * FROM `t_moe_operation_menu` WHERE ( pid = 2 and status = 1 )  [ RunTime:0.0002s ]
SQL: SHOW COLUMNS FROM `t_moe_operation_auth_group_access` [ RunTime:0.0005s ]
SQL: SELECT `uid`,`group_id`,`title`,`rules` FROM t_moe_operation_auth_group_access a INNER JOIN t_moe_operation_auth_group g on a.group_id=g.id  WHERE ( a.uid='1' and g.status='1' )  [ RunTime:0.0003s ]
SQL: SHOW COLUMNS FROM `t_moe_operation_auth_rule` [ RunTime:0.0003s ]
SQL: SELECT `condition`,`name` FROM `t_moe_operation_auth_rule` WHERE `id` IN ('7','35','1','12','52','64','65','2','54','55','59','60','8','9','56','57','58','70','10','51','61','62','67','66','69','93','95','97','105','106','96','98','100','102','103','104','101','99') AND `status` = 1  [ RunTime:0.0003s ]
SQL: SHOW COLUMNS FROM `t_moe_article` [ RunTime:0.0003s ]
SQL: SELECT * FROM `t_moe_article` WHERE (  (  1=1 ) ) AND `status` = 1 ORDER BY create_at desc LIMIT 0,10   [ RunTime:0.0004s ]
SQL: SELECT COUNT(*) AS tp_count FROM `t_moe_article` WHERE (  status=1 ) LIMIT 1   [ RunTime:0.0002s ]
SQL: SELECT COUNT(*) AS tp_count FROM `t_moe_article` WHERE (  status=1 ) LIMIT 1   [ RunTime:0.0002s ]

[ 2017-12-29T15:15:24+08:00 ] 127.0.0.1 /article/category
INFO: [ app_init ] --START--
INFO: Run Behavior\BuildLiteBehavior [ RunTime:0.000006s ]
INFO: [ app_init ] --END-- [ RunTime:0.000149s ]
INFO: [ app_begin ] --START--
INFO: Run Behavior\ReadHtmlCacheBehavior [ RunTime:0.000187s ]
INFO: [ app_begin ] --END-- [ RunTime:0.000208s ]
SQL: SHOW COLUMNS FROM `t_moe_operation_account` [ RunTime:0.0014s ]
SQL: SHOW COLUMNS FROM `t_moe_operation_menu` [ RunTime:0.0009s ]
SQL: SELECT `id`,`name`,`class`,`level`,`controller` FROM `t_moe_operation_menu` WHERE ( status = 1 and pid = 0 ) ORDER BY id desc  [ RunTime:0.0004s ]
SQL: SELECT * FROM `t_moe_operation_menu` WHERE ( pid = 58 and status = 1 )  [ RunTime:0.0003s ]
SQL: SELECT * FROM `t_moe_operation_menu` WHERE ( pid = 2 and status = 1 )  [ RunTime:0.0003s ]
SQL: SHOW COLUMNS FROM `t_moe_operation_auth_group_access` [ RunTime:0.0009s ]
SQL: SELECT `uid`,`group_id`,`title`,`rules` FROM t_moe_operation_auth_group_access a INNER JOIN t_moe_operation_auth_group g on a.group_id=g.id  WHERE ( a.uid='1' and g.status='1' )  [ RunTime:0.0005s ]
SQL: SHOW COLUMNS FROM `t_moe_operation_auth_rule` [ RunTime:0.0005s ]
SQL: SELECT `condition`,`name` FROM `t_moe_operation_auth_rule` WHERE `id` IN ('7','35','1','12','52','64','65','2','54','55','59','60','8','9','56','57','58','70','10','51','61','62','67','66','69','93','95','97','105','106','96','98','100','102','103','104','101','99') AND `status` = 1  [ RunTime:0.0004s ]
NOTIC: [8] Undefined offset: 3 /data/webdata/operation_admin/Application/PeopleSoft/Library/BaseController.class.php 第 112 行.
NOTIC: [8] Undefined offset: 3 /data/webdata/operation_admin/Application/PeopleSoft/Library/BaseController.class.php 第 112 行.
SQL: SHOW COLUMNS FROM `t_moe_category` [ RunTime:0.0006s ]
SQL: SELECT * FROM `t_moe_category` WHERE ( status=1 ) ORDER BY id is null,id  [ RunTime:0.0002s ]
INFO: [ view_parse ] --START--
INFO: [ template_filter ] --START--
INFO: Run Behavior\ContentReplaceBehavior [ RunTime:0.000069s ]
INFO: [ template_filter ] --END-- [ RunTime:0.000091s ]
INFO: Run Behavior\ParseTemplateBehavior [ RunTime:0.005034s ]
INFO: [ view_parse ] --END-- [ RunTime:0.005059s ]
INFO: [ view_filter ] --START--
INFO: Run Behavior\WriteHtmlCacheBehavior [ RunTime:0.000079s ]
INFO: [ view_filter ] --END-- [ RunTime:0.000094s ]
INFO: [ app_end ] --START--
INFO: Run Behavior\ShowPageTraceBehavior [ RunTime:0.000255s ]
INFO: [ app_end ] --END-- [ RunTime:0.000273s ]

[ 2017-12-29T15:15:27+08:00 ] 127.0.0.1 /article/articlelist
INFO: [ app_init ] --START--
INFO: Run Behavior\BuildLiteBehavior [ RunTime:0.000007s ]
INFO: [ app_init ] --END-- [ RunTime:0.000151s ]
INFO: [ app_begin ] --START--
INFO: Run Behavior\ReadHtmlCacheBehavior [ RunTime:0.000225s ]
INFO: [ app_begin ] --END-- [ RunTime:0.000247s ]
SQL: SHOW COLUMNS FROM `t_moe_operation_account` [ RunTime:0.0005s ]
SQL: SHOW COLUMNS FROM `t_moe_operation_menu` [ RunTime:0.0003s ]
SQL: SELECT `id`,`name`,`class`,`level`,`controller` FROM `t_moe_operation_menu` WHERE ( status = 1 and pid = 0 ) ORDER BY id desc  [ RunTime:0.0003s ]
SQL: SELECT * FROM `t_moe_operation_menu` WHERE ( pid = 58 and status = 1 )  [ RunTime:0.0003s ]
SQL: SELECT * FROM `t_moe_operation_menu` WHERE ( pid = 2 and status = 1 )  [ RunTime:0.0003s ]
SQL: SHOW COLUMNS FROM `t_moe_operation_auth_group_access` [ RunTime:0.0003s ]
SQL: SELECT `uid`,`group_id`,`title`,`rules` FROM t_moe_operation_auth_group_access a INNER JOIN t_moe_operation_auth_group g on a.group_id=g.id  WHERE ( a.uid='1' and g.status='1' )  [ RunTime:0.0003s ]
SQL: SHOW COLUMNS FROM `t_moe_operation_auth_rule` [ RunTime:0.0003s ]
SQL: SELECT `condition`,`name` FROM `t_moe_operation_auth_rule` WHERE `id` IN ('7','35','1','12','52','64','65','2','54','55','59','60','8','9','56','57','58','70','10','51','61','62','67','66','69','93','95','97','105','106','96','98','100','102','103','104','101','99') AND `status` = 1  [ RunTime:0.0004s ]
NOTIC: [8] Undefined offset: 3 /data/webdata/operation_admin/Application/PeopleSoft/Library/BaseController.class.php 第 112 行.
NOTIC: [8] Undefined offset: 3 /data/webdata/operation_admin/Application/PeopleSoft/Library/BaseController.class.php 第 112 行.
INFO: [ view_parse ] --START--
INFO: [ template_filter ] --START--
INFO: Run Behavior\ContentReplaceBehavior [ RunTime:0.000034s ]
INFO: [ template_filter ] --END-- [ RunTime:0.000062s ]
INFO: Run Behavior\ParseTemplateBehavior [ RunTime:0.005360s ]
INFO: [ view_parse ] --END-- [ RunTime:0.005383s ]
INFO: [ view_filter ] --START--
INFO: Run Behavior\WriteHtmlCacheBehavior [ RunTime:0.000092s ]
INFO: [ view_filter ] --END-- [ RunTime:0.000108s ]
INFO: [ app_end ] --START--
INFO: Run Behavior\ShowPageTraceBehavior [ RunTime:0.000278s ]
INFO: [ app_end ] --END-- [ RunTime:0.000312s ]

[ 2017-12-29T15:15:27+08:00 ] 127.0.0.1 /article/articlelist/query
INFO: [ app_init ] --START--
INFO: Run Behavior\BuildLiteBehavior [ RunTime:0.000010s ]
INFO: [ app_init ] --END-- [ RunTime:0.000216s ]
INFO: [ app_begin ] --START--
INFO: Run Behavior\ReadHtmlCacheBehavior [ RunTime:0.000316s ]
INFO: [ app_begin ] --END-- [ RunTime:0.000342s ]
SQL: SHOW COLUMNS FROM `t_moe_operation_account` [ RunTime:0.0005s ]
SQL: SHOW COLUMNS FROM `t_moe_operation_menu` [ RunTime:0.0007s ]
SQL: SELECT `id`,`name`,`class`,`level`,`controller` FROM `t_moe_operation_menu` WHERE ( status = 1 and pid = 0 ) ORDER BY id desc  [ RunTime:0.0003s ]
SQL: SELECT * FROM `t_moe_operation_menu` WHERE ( pid = 58 and status = 1 )  [ RunTime:0.0002s ]
SQL: SELECT * FROM `t_moe_operation_menu` WHERE ( pid = 2 and status = 1 )  [ RunTime:0.0006s ]
SQL: SHOW COLUMNS FROM `t_moe_operation_auth_group_access` [ RunTime:0.0007s ]
SQL: SELECT `uid`,`group_id`,`title`,`rules` FROM t_moe_operation_auth_group_access a INNER JOIN t_moe_operation_auth_group g on a.group_id=g.id  WHERE ( a.uid='1' and g.status='1' )  [ RunTime:0.0005s ]
SQL: SHOW COLUMNS FROM `t_moe_operation_auth_rule` [ RunTime:0.0006s ]
SQL: SELECT `condition`,`name` FROM `t_moe_operation_auth_rule` WHERE `id` IN ('7','35','1','12','52','64','65','2','54','55','59','60','8','9','56','57','58','70','10','51','61','62','67','66','69','93','95','97','105','106','96','98','100','102','103','104','101','99') AND `status` = 1  [ RunTime:0.0005s ]
SQL: SHOW COLUMNS FROM `t_moe_article` [ RunTime:0.0007s ]
SQL: SELECT * FROM `t_moe_article` WHERE (  (  1=1 ) ) AND `status` = 1 ORDER BY create_at desc LIMIT 0,10   [ RunTime:0.0004s ]
SQL: SELECT COUNT(*) AS tp_count FROM `t_moe_article` WHERE (  status=1 ) LIMIT 1   [ RunTime:0.0003s ]
SQL: SELECT COUNT(*) AS tp_count FROM `t_moe_article` WHERE (  status=1 ) LIMIT 1   [ RunTime:0.0003s ]

[ 2017-12-29T15:15:40+08:00 ] 127.0.0.1 /article/articlelist/detail/17
INFO: [ app_init ] --START--
INFO: Run Behavior\BuildLiteBehavior [ RunTime:0.000007s ]
INFO: [ app_init ] --END-- [ RunTime:0.000157s ]
INFO: [ app_begin ] --START--
INFO: Run Behavior\ReadHtmlCacheBehavior [ RunTime:0.000206s ]
INFO: [ app_begin ] --END-- [ RunTime:0.000227s ]
SQL: SHOW COLUMNS FROM `t_moe_operation_account` [ RunTime:0.0005s ]
SQL: SHOW COLUMNS FROM `t_moe_operation_menu` [ RunTime:0.0004s ]
SQL: SELECT `id`,`name`,`class`,`level`,`controller` FROM `t_moe_operation_menu` WHERE ( status = 1 and pid = 0 ) ORDER BY id desc  [ RunTime:0.0003s ]
SQL: SELECT * FROM `t_moe_operation_menu` WHERE ( pid = 58 and status = 1 )  [ RunTime:0.0003s ]
SQL: SELECT * FROM `t_moe_operation_menu` WHERE ( pid = 2 and status = 1 )  [ RunTime:0.0002s ]
SQL: SHOW COLUMNS FROM `t_moe_operation_auth_group_access` [ RunTime:0.0004s ]
SQL: SELECT `uid`,`group_id`,`title`,`rules` FROM t_moe_operation_auth_group_access a INNER JOIN t_moe_operation_auth_group g on a.group_id=g.id  WHERE ( a.uid='1' and g.status='1' )  [ RunTime:0.0003s ]
SQL: SHOW COLUMNS FROM `t_moe_operation_auth_rule` [ RunTime:0.0003s ]
SQL: SELECT `condition`,`name` FROM `t_moe_operation_auth_rule` WHERE `id` IN ('7','35','1','12','52','64','65','2','54','55','59','60','8','9','56','57','58','70','10','51','61','62','67','66','69','93','95','97','105','106','96','98','100','102','103','104','101','99') AND `status` = 1  [ RunTime:0.0003s ]
SQL: SHOW COLUMNS FROM `t_moe_article` [ RunTime:0.0004s ]
SQL: SELECT * FROM `t_moe_article` WHERE `id` = 17 LIMIT 1   [ RunTime:0.0002s ]
INFO: [ view_parse ] --START--
INFO: [ template_filter ] --START--
INFO: Run Behavior\ContentReplaceBehavior [ RunTime:0.000045s ]
INFO: [ template_filter ] --END-- [ RunTime:0.000099s ]
INFO: Run Behavior\ParseTemplateBehavior [ RunTime:0.005598s ]
INFO: [ view_parse ] --END-- [ RunTime:0.005629s ]
INFO: [ view_filter ] --START--
INFO: Run Behavior\WriteHtmlCacheBehavior [ RunTime:0.000103s ]
INFO: [ view_filter ] --END-- [ RunTime:0.000120s ]
INFO: [ app_end ] --START--
INFO: Run Behavior\ShowPageTraceBehavior [ RunTime:0.000502s ]
INFO: [ app_end ] --END-- [ RunTime:0.000536s ]

[ 2017-12-29T15:20:28+08:00 ] 127.0.0.1 /article/articlelist
INFO: [ app_init ] --START--
INFO: Run Behavior\BuildLiteBehavior [ RunTime:0.000009s ]
INFO: [ app_init ] --END-- [ RunTime:0.000406s ]
INFO: [ app_begin ] --START--
INFO: Run Behavior\ReadHtmlCacheBehavior [ RunTime:0.000567s ]
INFO: [ app_begin ] --END-- [ RunTime:0.000598s ]
SQL: SHOW COLUMNS FROM `t_moe_operation_account` [ RunTime:0.0007s ]
SQL: SHOW COLUMNS FROM `t_moe_operation_menu` [ RunTime:0.0006s ]
SQL: SELECT `id`,`name`,`class`,`level`,`controller` FROM `t_moe_operation_menu` WHERE ( status = 1 and pid = 0 ) ORDER BY id desc  [ RunTime:0.0004s ]
SQL: SELECT * FROM `t_moe_operation_menu` WHERE ( pid = 58 and status = 1 )  [ RunTime:0.0004s ]
SQL: SELECT * FROM `t_moe_operation_menu` WHERE ( pid = 2 and status = 1 )  [ RunTime:0.0003s ]
SQL: SHOW COLUMNS FROM `t_moe_operation_auth_group_access` [ RunTime:0.0006s ]
SQL: SELECT `uid`,`group_id`,`title`,`rules` FROM t_moe_operation_auth_group_access a INNER JOIN t_moe_operation_auth_group g on a.group_id=g.id  WHERE ( a.uid='1' and g.status='1' )  [ RunTime:0.0004s ]
SQL: SHOW COLUMNS FROM `t_moe_operation_auth_rule` [ RunTime:0.0003s ]
SQL: SELECT `condition`,`name` FROM `t_moe_operation_auth_rule` WHERE `id` IN ('7','35','1','12','52','64','65','2','54','55','59','60','8','9','56','57','58','70','10','51','61','62','67','66','69','93','95','97','105','106','96','98','100','102','103','104','101','99') AND `status` = 1  [ RunTime:0.0004s ]
NOTIC: [8] Undefined offset: 3 /data/webdata/operation_admin/Application/PeopleSoft/Library/BaseController.class.php 第 112 行.
NOTIC: [8] Undefined offset: 3 /data/webdata/operation_admin/Application/PeopleSoft/Library/BaseController.class.php 第 112 行.
INFO: [ view_parse ] --START--
INFO: [ template_filter ] --START--
INFO: Run Behavior\ContentReplaceBehavior [ RunTime:0.000036s ]
INFO: [ template_filter ] --END-- [ RunTime:0.000068s ]
INFO: Run Behavior\ParseTemplateBehavior [ RunTime:0.007202s ]
INFO: [ view_parse ] --END-- [ RunTime:0.007228s ]
INFO: [ view_filter ] --START--
INFO: Run Behavior\WriteHtmlCacheBehavior [ RunTime:0.000265s ]
INFO: [ view_filter ] --END-- [ RunTime:0.000282s ]
INFO: [ app_end ] --START--
INFO: Run Behavior\ShowPageTraceBehavior [ RunTime:0.000525s ]
INFO: [ app_end ] --END-- [ RunTime:0.000551s ]

