[ 2017-10-27T19:29:59+08:00 ] 127.0.0.1 /salecontrol/accout
INFO: [ app_init ] --START--
INFO: Run Behavior\BuildLiteBehavior [ RunTime:0.000006s ]
INFO: [ app_init ] --END-- [ RunTime:0.000153s ]
INFO: [ app_begin ] --START--
INFO: Run Behavior\ReadHtmlCacheBehavior [ RunTime:0.000252s ]
INFO: [ app_begin ] --END-- [ RunTime:0.000304s ]
SQL: SHOW COLUMNS FROM `t_sale_operation_account` [ RunTime:0.0097s ]
SQL: SHOW COLUMNS FROM `t_sale_operation_menu` [ RunTime:0.0074s ]
SQL: SELECT `id`,`name`,`class`,`level`,`controller` FROM `t_sale_operation_menu` WHERE ( status = 1 and pid = 0 ) ORDER BY id desc  [ RunTime:0.0079s ]
SQL: SELECT * FROM `t_sale_operation_menu` WHERE ( pid = 37 and status = 1 )  [ RunTime:0.0073s ]
SQL: SELECT * FROM `t_sale_operation_menu` WHERE ( pid = 32 and status = 1 )  [ RunTime:0.0102s ]
SQL: SELECT * FROM `t_sale_operation_menu` WHERE ( pid = 11 and status = 1 )  [ RunTime:0.0088s ]
SQL: SELECT * FROM `t_sale_operation_menu` WHERE ( pid = 2 and status = 1 )  [ RunTime:0.0089s ]
SQL: SHOW COLUMNS FROM `t_sale_operation_auth_group_access` [ RunTime:0.0083s ]
SQL: SELECT `uid`,`group_id`,`title`,`rules` FROM t_sale_operation_auth_group_access a INNER JOIN t_sale_operation_auth_group g on a.group_id=g.id  WHERE ( a.uid='19' and g.status='1' )  [ RunTime:0.0069s ]
SQL: SHOW COLUMNS FROM `t_sale_operation_auth_rule` [ RunTime:0.0076s ]
SQL: SELECT `condition`,`name` FROM `t_sale_operation_auth_rule` WHERE `id` IN ('34','3','4','19','5','18','35','1','12','52','64','65','2','54','55','59','60','8','9','56','57','58','10','51','61','62','67','66') AND `status` = 1  [ RunTime:0.0089s ]
NOTIC: [8] Undefined offset: 3 /data/webdata/sale_operation_admin/Application/PeopleSoft/Library/BaseController.class.php 第 109 行.
INFO: [ view_parse ] --START--
INFO: [ template_filter ] --START--
INFO: Run Behavior\ContentReplaceBehavior [ RunTime:0.000031s ]
INFO: [ template_filter ] --END-- [ RunTime:0.000058s ]
INFO: Run Behavior\ParseTemplateBehavior [ RunTime:0.006734s ]
INFO: [ view_parse ] --END-- [ RunTime:0.006769s ]
INFO: [ view_filter ] --START--
INFO: Run Behavior\WriteHtmlCacheBehavior [ RunTime:0.000090s ]
INFO: [ view_filter ] --END-- [ RunTime:0.000107s ]
INFO: [ app_end ] --START--
INFO: Run Behavior\ShowPageTraceBehavior [ RunTime:0.000263s ]
INFO: [ app_end ] --END-- [ RunTime:0.000286s ]

[ 2017-10-27T19:30:00+08:00 ] 127.0.0.1 /saleControl/getAccoutList
INFO: [ app_init ] --START--
INFO: Run Behavior\BuildLiteBehavior [ RunTime:0.000009s ]
INFO: [ app_init ] --END-- [ RunTime:0.000201s ]
INFO: [ app_begin ] --START--
INFO: Run Behavior\ReadHtmlCacheBehavior [ RunTime:0.000271s ]
INFO: [ app_begin ] --END-- [ RunTime:0.000300s ]
SQL: SHOW COLUMNS FROM `t_sale_operation_account` [ RunTime:0.0087s ]
SQL: SHOW COLUMNS FROM `t_sale_operation_menu` [ RunTime:0.0102s ]
SQL: SELECT `id`,`name`,`class`,`level`,`controller` FROM `t_sale_operation_menu` WHERE ( status = 1 and pid = 0 ) ORDER BY id desc  [ RunTime:0.0072s ]
SQL: SELECT * FROM `t_sale_operation_menu` WHERE ( pid = 37 and status = 1 )  [ RunTime:0.0064s ]
SQL: SELECT * FROM `t_sale_operation_menu` WHERE ( pid = 32 and status = 1 )  [ RunTime:0.0070s ]
SQL: SELECT * FROM `t_sale_operation_menu` WHERE ( pid = 11 and status = 1 )  [ RunTime:0.0082s ]
SQL: SELECT * FROM `t_sale_operation_menu` WHERE ( pid = 2 and status = 1 )  [ RunTime:0.0080s ]
SQL: SHOW COLUMNS FROM `t_sale_operation_auth_group_access` [ RunTime:0.0075s ]
SQL: SELECT `uid`,`group_id`,`title`,`rules` FROM t_sale_operation_auth_group_access a INNER JOIN t_sale_operation_auth_group g on a.group_id=g.id  WHERE ( a.uid='19' and g.status='1' )  [ RunTime:0.0077s ]
SQL: SHOW COLUMNS FROM `t_sale_operation_auth_rule` [ RunTime:0.0074s ]
SQL: SELECT `condition`,`name` FROM `t_sale_operation_auth_rule` WHERE `id` IN ('34','3','4','19','5','18','35','1','12','52','64','65','2','54','55','59','60','8','9','56','57','58','10','51','61','62','67','66') AND `status` = 1  [ RunTime:0.0086s ]
NOTIC: [8] Undefined offset: 3 /data/webdata/sale_operation_admin/Application/PeopleSoft/Library/BaseController.class.php 第 109 行.
SQL: SHOW COLUMNS FROM `t_sale_accoutinfo` [ RunTime:0.0079s ]
SQL: SELECT * FROM `t_sale_accoutinfo`  [ RunTime:0.0081s ]

[ 2017-10-27T19:30:01+08:00 ] 127.0.0.1 /salecontrol/product
INFO: [ app_init ] --START--
INFO: Run Behavior\BuildLiteBehavior [ RunTime:0.000007s ]
INFO: [ app_init ] --END-- [ RunTime:0.000146s ]
INFO: [ app_begin ] --START--
INFO: Run Behavior\ReadHtmlCacheBehavior [ RunTime:0.000185s ]
INFO: [ app_begin ] --END-- [ RunTime:0.000206s ]
SQL: SHOW COLUMNS FROM `t_sale_operation_account` [ RunTime:0.0086s ]
SQL: SHOW COLUMNS FROM `t_sale_operation_menu` [ RunTime:0.0126s ]
SQL: SELECT `id`,`name`,`class`,`level`,`controller` FROM `t_sale_operation_menu` WHERE ( status = 1 and pid = 0 ) ORDER BY id desc  [ RunTime:0.0094s ]
SQL: SELECT * FROM `t_sale_operation_menu` WHERE ( pid = 37 and status = 1 )  [ RunTime:0.0084s ]
SQL: SELECT * FROM `t_sale_operation_menu` WHERE ( pid = 32 and status = 1 )  [ RunTime:0.0086s ]
SQL: SELECT * FROM `t_sale_operation_menu` WHERE ( pid = 11 and status = 1 )  [ RunTime:0.0080s ]
SQL: SELECT * FROM `t_sale_operation_menu` WHERE ( pid = 2 and status = 1 )  [ RunTime:0.0107s ]
SQL: SHOW COLUMNS FROM `t_sale_operation_auth_group_access` [ RunTime:0.0116s ]
SQL: SELECT `uid`,`group_id`,`title`,`rules` FROM t_sale_operation_auth_group_access a INNER JOIN t_sale_operation_auth_group g on a.group_id=g.id  WHERE ( a.uid='19' and g.status='1' )  [ RunTime:0.0094s ]
SQL: SHOW COLUMNS FROM `t_sale_operation_auth_rule` [ RunTime:0.0078s ]
SQL: SELECT `condition`,`name` FROM `t_sale_operation_auth_rule` WHERE `id` IN ('34','3','4','19','5','18','35','1','12','52','64','65','2','54','55','59','60','8','9','56','57','58','10','51','61','62','67','66') AND `status` = 1  [ RunTime:0.0094s ]
NOTIC: [8] Undefined offset: 3 /data/webdata/sale_operation_admin/Application/PeopleSoft/Library/BaseController.class.php 第 109 行.
INFO: [ view_parse ] --START--
INFO: [ template_filter ] --START--
INFO: Run Behavior\ContentReplaceBehavior [ RunTime:0.000030s ]
INFO: [ template_filter ] --END-- [ RunTime:0.000053s ]
INFO: Run Behavior\ParseTemplateBehavior [ RunTime:0.004874s ]
INFO: [ view_parse ] --END-- [ RunTime:0.004897s ]
INFO: [ view_filter ] --START--
INFO: Run Behavior\WriteHtmlCacheBehavior [ RunTime:0.000071s ]
INFO: [ view_filter ] --END-- [ RunTime:0.000087s ]
INFO: [ app_end ] --START--
INFO: Run Behavior\ShowPageTraceBehavior [ RunTime:0.000354s ]
INFO: [ app_end ] --END-- [ RunTime:0.000372s ]

[ 2017-10-27T19:30:01+08:00 ] 127.0.0.1 /saleControl/getProductList
INFO: [ app_init ] --START--
INFO: Run Behavior\BuildLiteBehavior [ RunTime:0.000007s ]
INFO: [ app_init ] --END-- [ RunTime:0.000168s ]
INFO: [ app_begin ] --START--
INFO: Run Behavior\ReadHtmlCacheBehavior [ RunTime:0.000231s ]
INFO: [ app_begin ] --END-- [ RunTime:0.000256s ]
SQL: SHOW COLUMNS FROM `t_sale_operation_account` [ RunTime:0.0075s ]
SQL: SHOW COLUMNS FROM `t_sale_operation_menu` [ RunTime:0.0065s ]
SQL: SELECT `id`,`name`,`class`,`level`,`controller` FROM `t_sale_operation_menu` WHERE ( status = 1 and pid = 0 ) ORDER BY id desc  [ RunTime:0.0084s ]
SQL: SELECT * FROM `t_sale_operation_menu` WHERE ( pid = 37 and status = 1 )  [ RunTime:0.0071s ]
SQL: SELECT * FROM `t_sale_operation_menu` WHERE ( pid = 32 and status = 1 )  [ RunTime:0.0094s ]
SQL: SELECT * FROM `t_sale_operation_menu` WHERE ( pid = 11 and status = 1 )  [ RunTime:0.0073s ]
SQL: SELECT * FROM `t_sale_operation_menu` WHERE ( pid = 2 and status = 1 )  [ RunTime:0.0081s ]
SQL: SHOW COLUMNS FROM `t_sale_operation_auth_group_access` [ RunTime:0.0090s ]
SQL: SELECT `uid`,`group_id`,`title`,`rules` FROM t_sale_operation_auth_group_access a INNER JOIN t_sale_operation_auth_group g on a.group_id=g.id  WHERE ( a.uid='19' and g.status='1' )  [ RunTime:0.0082s ]
SQL: SHOW COLUMNS FROM `t_sale_operation_auth_rule` [ RunTime:0.0070s ]
SQL: SELECT `condition`,`name` FROM `t_sale_operation_auth_rule` WHERE `id` IN ('34','3','4','19','5','18','35','1','12','52','64','65','2','54','55','59','60','8','9','56','57','58','10','51','61','62','67','66') AND `status` = 1  [ RunTime:0.0089s ]
NOTIC: [8] Undefined offset: 3 /data/webdata/sale_operation_admin/Application/PeopleSoft/Library/BaseController.class.php 第 109 行.
SQL: SHOW COLUMNS FROM `t_sale_supplies` [ RunTime:0.0096s ]
SQL: SELECT * FROM `t_sale_supplies`  [ RunTime:0.0198s ]

[ 2017-10-27T19:30:04+08:00 ] 127.0.0.1 /salecontrol/order
INFO: [ app_init ] --START--
INFO: Run Behavior\BuildLiteBehavior [ RunTime:0.000006s ]
INFO: [ app_init ] --END-- [ RunTime:0.000145s ]
INFO: [ app_begin ] --START--
INFO: Run Behavior\ReadHtmlCacheBehavior [ RunTime:0.000184s ]
INFO: [ app_begin ] --END-- [ RunTime:0.000205s ]
SQL: SHOW COLUMNS FROM `t_sale_operation_account` [ RunTime:0.0131s ]
SQL: SHOW COLUMNS FROM `t_sale_operation_menu` [ RunTime:0.0080s ]
SQL: SELECT `id`,`name`,`class`,`level`,`controller` FROM `t_sale_operation_menu` WHERE ( status = 1 and pid = 0 ) ORDER BY id desc  [ RunTime:0.0078s ]
SQL: SELECT * FROM `t_sale_operation_menu` WHERE ( pid = 37 and status = 1 )  [ RunTime:0.0108s ]
SQL: SELECT * FROM `t_sale_operation_menu` WHERE ( pid = 32 and status = 1 )  [ RunTime:0.0090s ]
SQL: SELECT * FROM `t_sale_operation_menu` WHERE ( pid = 11 and status = 1 )  [ RunTime:0.0077s ]
SQL: SELECT * FROM `t_sale_operation_menu` WHERE ( pid = 2 and status = 1 )  [ RunTime:0.0077s ]
SQL: SHOW COLUMNS FROM `t_sale_operation_auth_group_access` [ RunTime:0.0099s ]
SQL: SELECT `uid`,`group_id`,`title`,`rules` FROM t_sale_operation_auth_group_access a INNER JOIN t_sale_operation_auth_group g on a.group_id=g.id  WHERE ( a.uid='19' and g.status='1' )  [ RunTime:0.0072s ]
SQL: SHOW COLUMNS FROM `t_sale_operation_auth_rule` [ RunTime:0.0087s ]
SQL: SELECT `condition`,`name` FROM `t_sale_operation_auth_rule` WHERE `id` IN ('34','3','4','19','5','18','35','1','12','52','64','65','2','54','55','59','60','8','9','56','57','58','10','51','61','62','67','66') AND `status` = 1  [ RunTime:0.0087s ]
NOTIC: [8] Undefined offset: 3 /data/webdata/sale_operation_admin/Application/PeopleSoft/Library/BaseController.class.php 第 109 行.
SQL: SHOW COLUMNS FROM `t_sale_operation_account` [ RunTime:0.0087s ]
SQL: SHOW COLUMNS FROM `t_sale_operation_account` [ RunTime:0.0117s ]
SQL: SELECT `Fid`,`Faccount`,`Fnickname`,`FlastLoginTime`,`FlastLoginIp` FROM `t_sale_operation_account`  [ RunTime:0.0080s ]
INFO: [ view_parse ] --START--
INFO: [ template_filter ] --START--
INFO: Run Behavior\ContentReplaceBehavior [ RunTime:0.000046s ]
INFO: [ template_filter ] --END-- [ RunTime:0.000095s ]
NOTIC: [2] date() expects parameter 2 to be long, string given /data/webdata/sale_operation_admin/Application/Runtime/Cache/PeopleSoft/cd3b7efc41afb4d60e0abc3e23296e07.php 第 260 行.
NOTIC: [2] date() expects parameter 2 to be long, string given /data/webdata/sale_operation_admin/Application/Runtime/Cache/PeopleSoft/cd3b7efc41afb4d60e0abc3e23296e07.php 第 260 行.
NOTIC: [2] date() expects parameter 2 to be long, string given /data/webdata/sale_operation_admin/Application/Runtime/Cache/PeopleSoft/cd3b7efc41afb4d60e0abc3e23296e07.php 第 260 行.
NOTIC: [2] date() expects parameter 2 to be long, string given /data/webdata/sale_operation_admin/Application/Runtime/Cache/PeopleSoft/cd3b7efc41afb4d60e0abc3e23296e07.php 第 260 行.
INFO: Run Behavior\ParseTemplateBehavior [ RunTime:0.006540s ]
INFO: [ view_parse ] --END-- [ RunTime:0.006569s ]
INFO: [ view_filter ] --START--
INFO: Run Behavior\WriteHtmlCacheBehavior [ RunTime:0.000141s ]
INFO: [ view_filter ] --END-- [ RunTime:0.000162s ]
INFO: [ app_end ] --START--
INFO: Run Behavior\ShowPageTraceBehavior [ RunTime:0.000376s ]
INFO: [ app_end ] --END-- [ RunTime:0.000417s ]

[ 2017-10-27T19:30:25+08:00 ] 127.0.0.1 /user/profile
INFO: [ app_init ] --START--
INFO: Run Behavior\BuildLiteBehavior [ RunTime:0.000007s ]
INFO: [ app_init ] --END-- [ RunTime:0.000151s ]
INFO: [ app_begin ] --START--
INFO: Run Behavior\ReadHtmlCacheBehavior [ RunTime:0.000189s ]
INFO: [ app_begin ] --END-- [ RunTime:0.000210s ]
SQL: SHOW COLUMNS FROM `t_sale_operation_account` [ RunTime:0.0108s ]
SQL: SHOW COLUMNS FROM `t_sale_operation_menu` [ RunTime:0.0092s ]
SQL: SELECT `id`,`name`,`class`,`level`,`controller` FROM `t_sale_operation_menu` WHERE ( status = 1 and pid = 0 ) ORDER BY id desc  [ RunTime:0.0097s ]
SQL: SELECT * FROM `t_sale_operation_menu` WHERE ( pid = 37 and status = 1 )  [ RunTime:0.0103s ]
SQL: SELECT * FROM `t_sale_operation_menu` WHERE ( pid = 32 and status = 1 )  [ RunTime:0.0091s ]
SQL: SELECT * FROM `t_sale_operation_menu` WHERE ( pid = 11 and status = 1 )  [ RunTime:0.0098s ]
SQL: SELECT * FROM `t_sale_operation_menu` WHERE ( pid = 2 and status = 1 )  [ RunTime:0.0082s ]
SQL: SHOW COLUMNS FROM `t_sale_operation_auth_group_access` [ RunTime:0.0098s ]
SQL: SELECT `uid`,`group_id`,`title`,`rules` FROM t_sale_operation_auth_group_access a INNER JOIN t_sale_operation_auth_group g on a.group_id=g.id  WHERE ( a.uid='19' and g.status='1' )  [ RunTime:0.0097s ]
SQL: SHOW COLUMNS FROM `t_sale_operation_auth_rule` [ RunTime:0.0093s ]
SQL: SELECT `condition`,`name` FROM `t_sale_operation_auth_rule` WHERE `id` IN ('34','3','4','19','5','18','35','1','12','52','64','65','2','54','55','59','60','8','9','56','57','58','10','51','61','62','67','66') AND `status` = 1  [ RunTime:0.0102s ]
NOTIC: [8] Undefined offset: 3 /data/webdata/sale_operation_admin/Application/PeopleSoft/Library/BaseController.class.php 第 109 行.
SQL: SHOW COLUMNS FROM `t_sale_operation_menu` [ RunTime:0.0087s ]
SQL: SHOW COLUMNS FROM `t_sale_operation_log` [ RunTime:0.0089s ]
SQL: SELECT * FROM `t_sale_operation_log` WHERE ( type = 1 and uid=19 ) ORDER BY create_at desc LIMIT 10   [ RunTime:0.0106s ]
SQL: SHOW COLUMNS FROM `t_sale_operation_auth_group` [ RunTime:0.0097s ]
SQL: SELECT * FROM `t_sale_operation_auth_group` INNER JOIN t_sale_operation_auth_group_access on t_sale_operation_auth_group.id = t_sale_operation_auth_group_access.group_id  WHERE ( t_sale_operation_auth_group_access.uid = 19 ) LIMIT 1   [ RunTime:0.0091s ]
SQL: SHOW COLUMNS FROM `t_sale_operation_account` [ RunTime:0.0090s ]
SQL: SELECT * FROM `t_sale_operation_account` LEFT JOIN t_sale_operation_auth_group_access ON t_sale_operation_account.fid = t_sale_operation_auth_group_access.uid  WHERE ( fid=19 ) LIMIT 1   [ RunTime:0.0120s ]
SQL: SELECT * FROM `t_sale_operation_log` WHERE ( type = 2 and uid=19 ) ORDER BY create_at desc LIMIT 10   [ RunTime:0.0097s ]
INFO: [ view_parse ] --START--
INFO: [ template_filter ] --START--
INFO: Run Behavior\ContentReplaceBehavior [ RunTime:0.000030s ]
INFO: [ template_filter ] --END-- [ RunTime:0.000052s ]
INFO: Run Behavior\ParseTemplateBehavior [ RunTime:0.006605s ]
INFO: [ view_parse ] --END-- [ RunTime:0.006631s ]
INFO: [ view_filter ] --START--
INFO: Run Behavior\WriteHtmlCacheBehavior [ RunTime:0.000081s ]
INFO: [ view_filter ] --END-- [ RunTime:0.000099s ]
INFO: [ app_end ] --START--
INFO: Run Behavior\ShowPageTraceBehavior [ RunTime:0.000309s ]
INFO: [ app_end ] --END-- [ RunTime:0.000340s ]

[ 2017-10-27T19:30:42+08:00 ] 127.0.0.1 /user/logout
INFO: [ app_init ] --START--
INFO: Run Behavior\BuildLiteBehavior [ RunTime:0.000006s ]
INFO: [ app_init ] --END-- [ RunTime:0.000144s ]
INFO: [ app_begin ] --START--
INFO: Run Behavior\ReadHtmlCacheBehavior [ RunTime:0.000185s ]
INFO: [ app_begin ] --END-- [ RunTime:0.000206s ]
SQL: SHOW COLUMNS FROM `t_sale_operation_account` [ RunTime:0.0070s ]
SQL: SHOW COLUMNS FROM `t_sale_operation_menu` [ RunTime:0.0067s ]
SQL: SELECT `id`,`name`,`class`,`level`,`controller` FROM `t_sale_operation_menu` WHERE ( status = 1 and pid = 0 ) ORDER BY id desc  [ RunTime:0.0063s ]
SQL: SELECT * FROM `t_sale_operation_menu` WHERE ( pid = 37 and status = 1 )  [ RunTime:0.0063s ]
SQL: SELECT * FROM `t_sale_operation_menu` WHERE ( pid = 32 and status = 1 )  [ RunTime:0.0059s ]
SQL: SELECT * FROM `t_sale_operation_menu` WHERE ( pid = 11 and status = 1 )  [ RunTime:0.0063s ]
SQL: SELECT * FROM `t_sale_operation_menu` WHERE ( pid = 2 and status = 1 )  [ RunTime:0.0064s ]
SQL: SHOW COLUMNS FROM `t_sale_operation_auth_group_access` [ RunTime:0.0086s ]
SQL: SELECT `uid`,`group_id`,`title`,`rules` FROM t_sale_operation_auth_group_access a INNER JOIN t_sale_operation_auth_group g on a.group_id=g.id  WHERE ( a.uid='19' and g.status='1' )  [ RunTime:0.0081s ]
SQL: SHOW COLUMNS FROM `t_sale_operation_auth_rule` [ RunTime:0.0083s ]
SQL: SELECT `condition`,`name` FROM `t_sale_operation_auth_rule` WHERE `id` IN ('34','3','4','19','5','18','35','1','12','52','64','65','2','54','55','59','60','8','9','56','57','58','10','51','61','62','67','66') AND `status` = 1  [ RunTime:0.0065s ]
NOTIC: [8] Undefined offset: 3 /data/webdata/sale_operation_admin/Application/PeopleSoft/Library/BaseController.class.php 第 109 行.

[ 2017-10-27T19:30:42+08:00 ] 127.0.0.1 /user/login
INFO: [ app_init ] --START--
INFO: Run Behavior\BuildLiteBehavior [ RunTime:0.000006s ]
INFO: [ app_init ] --END-- [ RunTime:0.000154s ]
INFO: [ app_begin ] --START--
INFO: Run Behavior\ReadHtmlCacheBehavior [ RunTime:0.000192s ]
INFO: [ app_begin ] --END-- [ RunTime:0.000213s ]
SQL: SHOW COLUMNS FROM `t_sale_operation_account` [ RunTime:0.0124s ]
NOTIC: [8] Undefined offset: 3 /data/webdata/sale_operation_admin/Application/PeopleSoft/Library/BaseController.class.php 第 109 行.
INFO: [ view_parse ] --START--
INFO: [ template_filter ] --START--
INFO: Run Behavior\ContentReplaceBehavior [ RunTime:0.000024s ]
INFO: [ template_filter ] --END-- [ RunTime:0.000054s ]
INFO: Run Behavior\ParseTemplateBehavior [ RunTime:0.006926s ]
INFO: [ view_parse ] --END-- [ RunTime:0.006994s ]
INFO: [ view_filter ] --START--
INFO: Run Behavior\WriteHtmlCacheBehavior [ RunTime:0.000223s ]
INFO: [ view_filter ] --END-- [ RunTime:0.000255s ]
INFO: [ app_end ] --START--
INFO: Run Behavior\ShowPageTraceBehavior [ RunTime:0.000238s ]
INFO: [ app_end ] --END-- [ RunTime:0.000258s ]

[ 2017-10-27T19:30:54+08:00 ] 127.0.0.1 /user/login
INFO: [ app_init ] --START--
INFO: Run Behavior\BuildLiteBehavior [ RunTime:0.000008s ]
INFO: [ app_init ] --END-- [ RunTime:0.000156s ]
INFO: [ app_begin ] --START--
INFO: Run Behavior\ReadHtmlCacheBehavior [ RunTime:0.000190s ]
INFO: [ app_begin ] --END-- [ RunTime:0.000211s ]
SQL: SHOW COLUMNS FROM `t_sale_operation_account` [ RunTime:0.0085s ]
NOTIC: [8] Undefined offset: 3 /data/webdata/sale_operation_admin/Application/PeopleSoft/Library/BaseController.class.php 第 109 行.
SQL: SHOW COLUMNS FROM `t_sale_operation_account` [ RunTime:0.0089s ]
SQL: SELECT * FROM `t_sale_operation_account` WHERE ( Faccount = 'admin' ) LIMIT 1   [ RunTime:0.0086s ]

[ 2017-10-27T19:30:58+08:00 ] 127.0.0.1 /user/login
INFO: [ app_init ] --START--
INFO: Run Behavior\BuildLiteBehavior [ RunTime:0.000008s ]
INFO: [ app_init ] --END-- [ RunTime:0.000169s ]
INFO: [ app_begin ] --START--
INFO: Run Behavior\ReadHtmlCacheBehavior [ RunTime:0.000274s ]
INFO: [ app_begin ] --END-- [ RunTime:0.000296s ]
SQL: SHOW COLUMNS FROM `t_sale_operation_account` [ RunTime:0.0091s ]
NOTIC: [8] Undefined offset: 3 /data/webdata/sale_operation_admin/Application/PeopleSoft/Library/BaseController.class.php 第 109 行.
SQL: SHOW COLUMNS FROM `t_sale_operation_account` [ RunTime:0.0074s ]
SQL: SELECT * FROM `t_sale_operation_account` WHERE ( Faccount = 'admin' ) LIMIT 1   [ RunTime:0.0077s ]
SQL: SHOW COLUMNS FROM `t_sale_operation_log` [ RunTime:0.0073s ]
SQL: INSERT INTO `t_sale_operation_log` (`uid`,`account`,`content`,`type`,`create_at`) VALUES ('1','admin','{\"userAgent\":\"Mozilla\\/5.0 (Macintosh; Intel Mac OS X 10_12_6) AppleWebKit\\/537.36 (KHTML, like Gecko) Chrome\\/61.0.3163.100 Safari\\/537.36\",\"userIP\":\"127.0.0.1\"}','1','1509103858') [ RunTime:0.0226s ]
SQL: UPDATE `t_sale_operation_account` SET `FlastLoginTime`='1509103858',`FloginCount`='68',`FlastLoginIp`='127.0.0.1' WHERE ( Faccount = 'admin' ) [ RunTime:0.0084s ]

[ 2017-10-27T19:30:58+08:00 ] 127.0.0.1 /index
INFO: [ app_init ] --START--
INFO: Run Behavior\BuildLiteBehavior [ RunTime:0.000007s ]
INFO: [ app_init ] --END-- [ RunTime:0.000158s ]
INFO: [ app_begin ] --START--
INFO: Run Behavior\ReadHtmlCacheBehavior [ RunTime:0.000200s ]
INFO: [ app_begin ] --END-- [ RunTime:0.000222s ]
SQL: SHOW COLUMNS FROM `t_sale_operation_account` [ RunTime:0.0101s ]
SQL: SHOW COLUMNS FROM `t_sale_operation_menu` [ RunTime:0.0086s ]
SQL: SELECT `id`,`name`,`class`,`level`,`controller` FROM `t_sale_operation_menu` WHERE ( status = 1 and pid = 0 ) ORDER BY id desc  [ RunTime:0.0093s ]
SQL: SELECT * FROM `t_sale_operation_menu` WHERE ( pid = 37 and status = 1 )  [ RunTime:0.0076s ]
SQL: SELECT * FROM `t_sale_operation_menu` WHERE ( pid = 32 and status = 1 )  [ RunTime:0.0084s ]
SQL: SELECT * FROM `t_sale_operation_menu` WHERE ( pid = 11 and status = 1 )  [ RunTime:0.0080s ]
SQL: SELECT * FROM `t_sale_operation_menu` WHERE ( pid = 2 and status = 1 )  [ RunTime:0.0093s ]
SQL: SHOW COLUMNS FROM `t_sale_operation_auth_group_access` [ RunTime:0.0100s ]
SQL: SELECT `uid`,`group_id`,`title`,`rules` FROM t_sale_operation_auth_group_access a INNER JOIN t_sale_operation_auth_group g on a.group_id=g.id  WHERE ( a.uid='1' and g.status='1' )  [ RunTime:0.0100s ]
SQL: SHOW COLUMNS FROM `t_sale_operation_auth_rule` [ RunTime:0.0075s ]
SQL: SELECT `condition`,`name` FROM `t_sale_operation_auth_rule` WHERE `id` IN ('7','34','3','4','19','5','18','35','1','12','52','64','65','2','54','55','59','60','8','9','56','57','58','10','51','61','62','66') AND `status` = 1  [ RunTime:0.0087s ]
NOTIC: [8] Undefined offset: 3 /data/webdata/sale_operation_admin/Application/PeopleSoft/Library/BaseController.class.php 第 109 行.
INFO: [ view_parse ] --START--
INFO: [ template_filter ] --START--
INFO: Run Behavior\ContentReplaceBehavior [ RunTime:0.000040s ]
INFO: [ template_filter ] --END-- [ RunTime:0.000071s ]
NOTIC: [8] Undefined variable: controllerName /data/webdata/sale_operation_admin/Application/Runtime/Cache/PeopleSoft/220f8b7fcd99d94a83c3aa30e9f4f42c.php 第 45 行.
NOTIC: [8] Undefined variable: controllerName /data/webdata/sale_operation_admin/Application/Runtime/Cache/PeopleSoft/220f8b7fcd99d94a83c3aa30e9f4f42c.php 第 45 行.
INFO: Run Behavior\ParseTemplateBehavior [ RunTime:0.009084s ]
INFO: [ view_parse ] --END-- [ RunTime:0.009109s ]
INFO: [ view_filter ] --START--
INFO: Run Behavior\WriteHtmlCacheBehavior [ RunTime:0.000098s ]
INFO: [ view_filter ] --END-- [ RunTime:0.000152s ]
INFO: [ app_end ] --START--
INFO: Run Behavior\ShowPageTraceBehavior [ RunTime:0.000477s ]
INFO: [ app_end ] --END-- [ RunTime:0.000504s ]

[ 2017-10-27T19:30:58+08:00 ] 127.0.0.1 /img/profile.jpg
INFO: [ app_init ] --START--
INFO: Run Behavior\BuildLiteBehavior [ RunTime:0.000008s ]
INFO: [ app_init ] --END-- [ RunTime:0.000172s ]

[ 2017-10-27T19:30:58+08:00 ] 127.0.0.1 /img/a2.jpg
INFO: [ app_init ] --START--
INFO: Run Behavior\BuildLiteBehavior [ RunTime:0.000008s ]
INFO: [ app_init ] --END-- [ RunTime:0.000163s ]

[ 2017-10-27T19:30:58+08:00 ] 127.0.0.1 /img/a3.jpg
INFO: [ app_init ] --START--
INFO: Run Behavior\BuildLiteBehavior [ RunTime:0.000008s ]
INFO: [ app_init ] --END-- [ RunTime:0.000164s ]

[ 2017-10-27T19:30:58+08:00 ] 127.0.0.1 /img/a5.jpg
INFO: [ app_init ] --START--
INFO: Run Behavior\BuildLiteBehavior [ RunTime:0.000010s ]
INFO: [ app_init ] --END-- [ RunTime:0.000193s ]

[ 2017-10-27T19:30:58+08:00 ] 127.0.0.1 /img/a4.jpg
INFO: [ app_init ] --START--
INFO: Run Behavior\BuildLiteBehavior [ RunTime:0.000009s ]
INFO: [ app_init ] --END-- [ RunTime:0.000288s ]

[ 2017-10-27T19:30:58+08:00 ] 127.0.0.1 /img/a7.jpg
INFO: [ app_init ] --START--
INFO: Run Behavior\BuildLiteBehavior [ RunTime:0.000006s ]
INFO: [ app_init ] --END-- [ RunTime:0.000147s ]

[ 2017-10-27T19:31:01+08:00 ] 127.0.0.1 /user/profile
INFO: [ app_init ] --START--
INFO: Run Behavior\BuildLiteBehavior [ RunTime:0.000006s ]
INFO: [ app_init ] --END-- [ RunTime:0.000149s ]
INFO: [ app_begin ] --START--
INFO: Run Behavior\ReadHtmlCacheBehavior [ RunTime:0.000192s ]
INFO: [ app_begin ] --END-- [ RunTime:0.000213s ]
SQL: SHOW COLUMNS FROM `t_sale_operation_account` [ RunTime:0.0074s ]
SQL: SHOW COLUMNS FROM `t_sale_operation_menu` [ RunTime:0.0066s ]
SQL: SELECT `id`,`name`,`class`,`level`,`controller` FROM `t_sale_operation_menu` WHERE ( status = 1 and pid = 0 ) ORDER BY id desc  [ RunTime:0.0091s ]
SQL: SELECT * FROM `t_sale_operation_menu` WHERE ( pid = 37 and status = 1 )  [ RunTime:0.0081s ]
SQL: SELECT * FROM `t_sale_operation_menu` WHERE ( pid = 32 and status = 1 )  [ RunTime:0.0111s ]
SQL: SELECT * FROM `t_sale_operation_menu` WHERE ( pid = 11 and status = 1 )  [ RunTime:0.0083s ]
SQL: SELECT * FROM `t_sale_operation_menu` WHERE ( pid = 2 and status = 1 )  [ RunTime:0.0071s ]
SQL: SHOW COLUMNS FROM `t_sale_operation_auth_group_access` [ RunTime:0.0083s ]
SQL: SELECT `uid`,`group_id`,`title`,`rules` FROM t_sale_operation_auth_group_access a INNER JOIN t_sale_operation_auth_group g on a.group_id=g.id  WHERE ( a.uid='1' and g.status='1' )  [ RunTime:0.0072s ]
SQL: SHOW COLUMNS FROM `t_sale_operation_auth_rule` [ RunTime:0.0074s ]
SQL: SELECT `condition`,`name` FROM `t_sale_operation_auth_rule` WHERE `id` IN ('7','34','3','4','19','5','18','35','1','12','52','64','65','2','54','55','59','60','8','9','56','57','58','10','51','61','62','66') AND `status` = 1  [ RunTime:0.0121s ]
NOTIC: [8] Undefined offset: 3 /data/webdata/sale_operation_admin/Application/PeopleSoft/Library/BaseController.class.php 第 109 行.
SQL: SHOW COLUMNS FROM `t_sale_operation_menu` [ RunTime:0.0075s ]
SQL: SHOW COLUMNS FROM `t_sale_operation_log` [ RunTime:0.0084s ]
SQL: SELECT * FROM `t_sale_operation_log` WHERE ( type = 1 and uid=1 ) ORDER BY create_at desc LIMIT 10   [ RunTime:0.0068s ]
SQL: SHOW COLUMNS FROM `t_sale_operation_auth_group` [ RunTime:0.0074s ]
SQL: SELECT * FROM `t_sale_operation_auth_group` INNER JOIN t_sale_operation_auth_group_access on t_sale_operation_auth_group.id = t_sale_operation_auth_group_access.group_id  WHERE ( t_sale_operation_auth_group_access.uid = 1 ) LIMIT 1   [ RunTime:0.0129s ]
SQL: SHOW COLUMNS FROM `t_sale_operation_account` [ RunTime:0.0077s ]
SQL: SELECT * FROM `t_sale_operation_account` LEFT JOIN t_sale_operation_auth_group_access ON t_sale_operation_account.fid = t_sale_operation_auth_group_access.uid  WHERE ( fid=1 ) LIMIT 1   [ RunTime:0.0075s ]
SQL: SELECT * FROM `t_sale_operation_log` WHERE ( type = 2 and uid=1 ) ORDER BY create_at desc LIMIT 10   [ RunTime:0.0077s ]
INFO: [ view_parse ] --START--
INFO: [ template_filter ] --START--
INFO: Run Behavior\ContentReplaceBehavior [ RunTime:0.000040s ]
INFO: [ template_filter ] --END-- [ RunTime:0.000077s ]
INFO: Run Behavior\ParseTemplateBehavior [ RunTime:0.009738s ]
INFO: [ view_parse ] --END-- [ RunTime:0.009799s ]
INFO: [ view_filter ] --START--
INFO: Run Behavior\WriteHtmlCacheBehavior [ RunTime:0.000174s ]
INFO: [ view_filter ] --END-- [ RunTime:0.000229s ]
INFO: [ app_end ] --START--
INFO: Run Behavior\ShowPageTraceBehavior [ RunTime:0.000524s ]
INFO: [ app_end ] --END-- [ RunTime:0.000565s ]

[ 2017-10-27T19:31:04+08:00 ] 127.0.0.1 /user/profile
INFO: [ app_init ] --START--
INFO: Run Behavior\BuildLiteBehavior [ RunTime:0.000019s ]
INFO: [ app_init ] --END-- [ RunTime:0.000186s ]
INFO: [ app_begin ] --START--
INFO: Run Behavior\ReadHtmlCacheBehavior [ RunTime:0.000192s ]
INFO: [ app_begin ] --END-- [ RunTime:0.000213s ]
SQL: SHOW COLUMNS FROM `t_sale_operation_account` [ RunTime:0.0092s ]
SQL: SHOW COLUMNS FROM `t_sale_operation_menu` [ RunTime:0.0096s ]
SQL: SELECT `id`,`name`,`class`,`level`,`controller` FROM `t_sale_operation_menu` WHERE ( status = 1 and pid = 0 ) ORDER BY id desc  [ RunTime:0.0083s ]
SQL: SELECT * FROM `t_sale_operation_menu` WHERE ( pid = 37 and status = 1 )  [ RunTime:0.0107s ]
SQL: SELECT * FROM `t_sale_operation_menu` WHERE ( pid = 32 and status = 1 )  [ RunTime:0.0089s ]
SQL: SELECT * FROM `t_sale_operation_menu` WHERE ( pid = 11 and status = 1 )  [ RunTime:0.0079s ]
SQL: SELECT * FROM `t_sale_operation_menu` WHERE ( pid = 2 and status = 1 )  [ RunTime:0.0089s ]
SQL: SHOW COLUMNS FROM `t_sale_operation_auth_group_access` [ RunTime:0.0083s ]
SQL: SELECT `uid`,`group_id`,`title`,`rules` FROM t_sale_operation_auth_group_access a INNER JOIN t_sale_operation_auth_group g on a.group_id=g.id  WHERE ( a.uid='1' and g.status='1' )  [ RunTime:0.0080s ]
SQL: SHOW COLUMNS FROM `t_sale_operation_auth_rule` [ RunTime:0.0073s ]
SQL: SELECT `condition`,`name` FROM `t_sale_operation_auth_rule` WHERE `id` IN ('7','34','3','4','19','5','18','35','1','12','52','64','65','2','54','55','59','60','8','9','56','57','58','10','51','61','62','66') AND `status` = 1  [ RunTime:0.0103s ]
NOTIC: [8] Undefined offset: 3 /data/webdata/sale_operation_admin/Application/PeopleSoft/Library/BaseController.class.php 第 109 行.
SQL: SHOW COLUMNS FROM `t_sale_operation_menu` [ RunTime:0.0096s ]
SQL: SHOW COLUMNS FROM `t_sale_operation_log` [ RunTime:0.0087s ]
SQL: SELECT * FROM `t_sale_operation_log` WHERE ( type = 1 and uid=1 ) ORDER BY create_at desc LIMIT 10   [ RunTime:0.0077s ]
SQL: SHOW COLUMNS FROM `t_sale_operation_auth_group` [ RunTime:0.0083s ]
SQL: SELECT * FROM `t_sale_operation_auth_group` INNER JOIN t_sale_operation_auth_group_access on t_sale_operation_auth_group.id = t_sale_operation_auth_group_access.group_id  WHERE ( t_sale_operation_auth_group_access.uid = 1 ) LIMIT 1   [ RunTime:0.0113s ]
SQL: SHOW COLUMNS FROM `t_sale_operation_account` [ RunTime:0.0092s ]
SQL: SELECT * FROM `t_sale_operation_account` LEFT JOIN t_sale_operation_auth_group_access ON t_sale_operation_account.fid = t_sale_operation_auth_group_access.uid  WHERE ( fid=1 ) LIMIT 1   [ RunTime:0.0081s ]
SQL: SELECT * FROM `t_sale_operation_log` WHERE ( type = 2 and uid=1 ) ORDER BY create_at desc LIMIT 10   [ RunTime:0.0106s ]
INFO: [ view_parse ] --START--
INFO: [ template_filter ] --START--
INFO: Run Behavior\ContentReplaceBehavior [ RunTime:0.000033s ]
INFO: [ template_filter ] --END-- [ RunTime:0.000056s ]
INFO: Run Behavior\ParseTemplateBehavior [ RunTime:0.006894s ]
INFO: [ view_parse ] --END-- [ RunTime:0.006921s ]
INFO: [ view_filter ] --START--
INFO: Run Behavior\WriteHtmlCacheBehavior [ RunTime:0.000091s ]
INFO: [ view_filter ] --END-- [ RunTime:0.000111s ]
INFO: [ app_end ] --START--
INFO: Run Behavior\ShowPageTraceBehavior [ RunTime:0.000296s ]
INFO: [ app_end ] --END-- [ RunTime:0.000352s ]

[ 2017-10-27T19:32:46+08:00 ] 127.0.0.1 /configure/auth
INFO: [ app_init ] --START--
INFO: Run Behavior\BuildLiteBehavior [ RunTime:0.000006s ]
INFO: [ app_init ] --END-- [ RunTime:0.000147s ]
INFO: [ app_begin ] --START--
INFO: Run Behavior\ReadHtmlCacheBehavior [ RunTime:0.000183s ]
INFO: [ app_begin ] --END-- [ RunTime:0.000204s ]
NOTIC: [8] Undefined offset: 3 /data/webdata/sale_operation_admin/Application/PeopleSoft/Library/BaseController.class.php 第 109 行.
SQL: SHOW COLUMNS FROM `t_sale_operation_menu` [ RunTime:0.0111s ]
SQL: SHOW COLUMNS FROM `t_sale_operation_account` [ RunTime:0.0079s ]
SQL: SHOW COLUMNS FROM `t_sale_operation_menu` [ RunTime:0.0088s ]
SQL: SELECT `id`,`name`,`class`,`level`,`controller` FROM `t_sale_operation_menu` WHERE ( status = 1 and pid = 0 ) ORDER BY id desc  [ RunTime:0.0077s ]
SQL: SELECT * FROM `t_sale_operation_menu` WHERE ( pid = 37 and status = 1 )  [ RunTime:0.0068s ]
SQL: SELECT * FROM `t_sale_operation_menu` WHERE ( pid = 32 and status = 1 )  [ RunTime:0.0075s ]
SQL: SELECT * FROM `t_sale_operation_menu` WHERE ( pid = 11 and status = 1 )  [ RunTime:0.0077s ]
SQL: SELECT * FROM `t_sale_operation_menu` WHERE ( pid = 2 and status = 1 )  [ RunTime:0.0072s ]
SQL: SHOW COLUMNS FROM `t_sale_operation_auth_group_access` [ RunTime:0.0086s ]
SQL: SELECT `uid`,`group_id`,`title`,`rules` FROM t_sale_operation_auth_group_access a INNER JOIN t_sale_operation_auth_group g on a.group_id=g.id  WHERE ( a.uid='1' and g.status='1' )  [ RunTime:0.0087s ]
SQL: SHOW COLUMNS FROM `t_sale_operation_auth_rule` [ RunTime:0.0096s ]
SQL: SELECT `condition`,`name` FROM `t_sale_operation_auth_rule` WHERE `id` IN ('7','34','3','4','19','5','18','35','1','12','52','64','65','2','54','55','59','60','8','9','56','57','58','10','51','61','62','66') AND `status` = 1  [ RunTime:0.0089s ]
NOTIC: [8] Undefined offset: 3 /data/webdata/sale_operation_admin/Application/PeopleSoft/Library/BaseController.class.php 第 109 行.
SQL: SHOW COLUMNS FROM `t_sale_operation_auth_rule` [ RunTime:0.0079s ]
SQL: SELECT * FROM `t_sale_operation_auth_rule` WHERE ( status=1 ) ORDER BY id is null,id  [ RunTime:0.0088s ]
INFO: [ view_parse ] --START--
INFO: [ template_filter ] --START--
INFO: Run Behavior\ContentReplaceBehavior [ RunTime:0.000051s ]
INFO: [ template_filter ] --END-- [ RunTime:0.000099s ]
INFO: Run Behavior\ParseTemplateBehavior [ RunTime:0.012096s ]
INFO: [ view_parse ] --END-- [ RunTime:0.012168s ]
INFO: [ view_filter ] --START--
INFO: Run Behavior\WriteHtmlCacheBehavior [ RunTime:0.000479s ]
INFO: [ view_filter ] --END-- [ RunTime:0.000507s ]
INFO: [ app_end ] --START--
INFO: Run Behavior\ShowPageTraceBehavior [ RunTime:0.000323s ]
INFO: [ app_end ] --END-- [ RunTime:0.000360s ]

[ 2017-10-27T19:32:48+08:00 ] 127.0.0.1 /configure/menu
INFO: [ app_init ] --START--
INFO: Run Behavior\BuildLiteBehavior [ RunTime:0.000007s ]
INFO: [ app_init ] --END-- [ RunTime:0.000155s ]
INFO: [ app_begin ] --START--
INFO: Run Behavior\ReadHtmlCacheBehavior [ RunTime:0.000364s ]
INFO: [ app_begin ] --END-- [ RunTime:0.000420s ]
NOTIC: [8] Undefined offset: 3 /data/webdata/sale_operation_admin/Application/PeopleSoft/Library/BaseController.class.php 第 109 行.
SQL: SHOW COLUMNS FROM `t_sale_operation_menu` [ RunTime:0.0080s ]
SQL: SHOW COLUMNS FROM `t_sale_operation_account` [ RunTime:0.0116s ]
SQL: SHOW COLUMNS FROM `t_sale_operation_menu` [ RunTime:0.0094s ]
SQL: SELECT `id`,`name`,`class`,`level`,`controller` FROM `t_sale_operation_menu` WHERE ( status = 1 and pid = 0 ) ORDER BY id desc  [ RunTime:0.0108s ]
SQL: SELECT * FROM `t_sale_operation_menu` WHERE ( pid = 37 and status = 1 )  [ RunTime:0.0107s ]
SQL: SELECT * FROM `t_sale_operation_menu` WHERE ( pid = 32 and status = 1 )  [ RunTime:0.0077s ]
SQL: SELECT * FROM `t_sale_operation_menu` WHERE ( pid = 11 and status = 1 )  [ RunTime:0.0076s ]
SQL: SELECT * FROM `t_sale_operation_menu` WHERE ( pid = 2 and status = 1 )  [ RunTime:0.0129s ]
SQL: SHOW COLUMNS FROM `t_sale_operation_auth_group_access` [ RunTime:0.0095s ]
SQL: SELECT `uid`,`group_id`,`title`,`rules` FROM t_sale_operation_auth_group_access a INNER JOIN t_sale_operation_auth_group g on a.group_id=g.id  WHERE ( a.uid='1' and g.status='1' )  [ RunTime:0.0201s ]
SQL: SHOW COLUMNS FROM `t_sale_operation_auth_rule` [ RunTime:0.0138s ]
SQL: SELECT `condition`,`name` FROM `t_sale_operation_auth_rule` WHERE `id` IN ('7','34','3','4','19','5','18','35','1','12','52','64','65','2','54','55','59','60','8','9','56','57','58','10','51','61','62','66') AND `status` = 1  [ RunTime:0.0249s ]
NOTIC: [8] Undefined offset: 3 /data/webdata/sale_operation_admin/Application/PeopleSoft/Library/BaseController.class.php 第 109 行.
SQL: SHOW COLUMNS FROM `t_sale_operation_menu` [ RunTime:0.0165s ]
SQL: SELECT * FROM `t_sale_operation_menu` WHERE ( status=1 ) ORDER BY id is null,id  [ RunTime:0.0325s ]
INFO: [ view_parse ] --START--
INFO: [ template_filter ] --START--
INFO: Run Behavior\ContentReplaceBehavior [ RunTime:0.000025s ]
INFO: [ template_filter ] --END-- [ RunTime:0.000050s ]
INFO: Run Behavior\ParseTemplateBehavior [ RunTime:0.005930s ]
INFO: [ view_parse ] --END-- [ RunTime:0.005957s ]
INFO: [ view_filter ] --START--
INFO: Run Behavior\WriteHtmlCacheBehavior [ RunTime:0.000073s ]
INFO: [ view_filter ] --END-- [ RunTime:0.000089s ]
INFO: [ app_end ] --START--
INFO: Run Behavior\ShowPageTraceBehavior [ RunTime:0.000273s ]
INFO: [ app_end ] --END-- [ RunTime:0.000294s ]

[ 2017-10-27T19:32:50+08:00 ] 127.0.0.1 /configure/usergroup
INFO: [ app_init ] --START--
INFO: Run Behavior\BuildLiteBehavior [ RunTime:0.000006s ]
INFO: [ app_init ] --END-- [ RunTime:0.000148s ]
INFO: [ app_begin ] --START--
INFO: Run Behavior\ReadHtmlCacheBehavior [ RunTime:0.000198s ]
INFO: [ app_begin ] --END-- [ RunTime:0.000219s ]
NOTIC: [8] Undefined offset: 3 /data/webdata/sale_operation_admin/Application/PeopleSoft/Library/BaseController.class.php 第 109 行.
SQL: SHOW COLUMNS FROM `t_sale_operation_menu` [ RunTime:0.0125s ]
SQL: SHOW COLUMNS FROM `t_sale_operation_account` [ RunTime:0.0085s ]
SQL: SHOW COLUMNS FROM `t_sale_operation_menu` [ RunTime:0.0076s ]
SQL: SELECT `id`,`name`,`class`,`level`,`controller` FROM `t_sale_operation_menu` WHERE ( status = 1 and pid = 0 ) ORDER BY id desc  [ RunTime:0.0081s ]
SQL: SELECT * FROM `t_sale_operation_menu` WHERE ( pid = 37 and status = 1 )  [ RunTime:0.0080s ]
SQL: SELECT * FROM `t_sale_operation_menu` WHERE ( pid = 32 and status = 1 )  [ RunTime:0.0077s ]
SQL: SELECT * FROM `t_sale_operation_menu` WHERE ( pid = 11 and status = 1 )  [ RunTime:0.0136s ]
SQL: SELECT * FROM `t_sale_operation_menu` WHERE ( pid = 2 and status = 1 )  [ RunTime:0.0093s ]
SQL: SHOW COLUMNS FROM `t_sale_operation_auth_group_access` [ RunTime:0.0077s ]
SQL: SELECT `uid`,`group_id`,`title`,`rules` FROM t_sale_operation_auth_group_access a INNER JOIN t_sale_operation_auth_group g on a.group_id=g.id  WHERE ( a.uid='1' and g.status='1' )  [ RunTime:0.0094s ]
SQL: SHOW COLUMNS FROM `t_sale_operation_auth_rule` [ RunTime:0.0075s ]
SQL: SELECT `condition`,`name` FROM `t_sale_operation_auth_rule` WHERE `id` IN ('7','34','3','4','19','5','18','35','1','12','52','64','65','2','54','55','59','60','8','9','56','57','58','10','51','61','62','66') AND `status` = 1  [ RunTime:0.0083s ]
NOTIC: [8] Undefined offset: 3 /data/webdata/sale_operation_admin/Application/PeopleSoft/Library/BaseController.class.php 第 109 行.
SQL: SHOW COLUMNS FROM `t_sale_operation_auth_group` [ RunTime:0.0083s ]
SQL: SELECT * FROM `t_sale_operation_auth_group` WHERE ( status = 1 )  [ RunTime:0.0081s ]
INFO: [ view_parse ] --START--
INFO: [ template_filter ] --START--
INFO: Run Behavior\ContentReplaceBehavior [ RunTime:0.000056s ]
INFO: [ template_filter ] --END-- [ RunTime:0.000100s ]
INFO: Run Behavior\ParseTemplateBehavior [ RunTime:0.005780s ]
INFO: [ view_parse ] --END-- [ RunTime:0.005813s ]
INFO: [ view_filter ] --START--
INFO: Run Behavior\WriteHtmlCacheBehavior [ RunTime:0.000148s ]
INFO: [ view_filter ] --END-- [ RunTime:0.000182s ]
INFO: [ app_end ] --START--
INFO: Run Behavior\ShowPageTraceBehavior [ RunTime:0.000394s ]
INFO: [ app_end ] --END-- [ RunTime:0.000441s ]

[ 2017-10-27T19:32:51+08:00 ] 127.0.0.1 /configure/usergroup/get
INFO: [ app_init ] --START--
INFO: Run Behavior\BuildLiteBehavior [ RunTime:0.000007s ]
INFO: [ app_init ] --END-- [ RunTime:0.000157s ]
INFO: [ app_begin ] --START--
INFO: Run Behavior\ReadHtmlCacheBehavior [ RunTime:0.000198s ]
INFO: [ app_begin ] --END-- [ RunTime:0.000218s ]
SQL: SHOW COLUMNS FROM `t_sale_operation_menu` [ RunTime:0.0101s ]
SQL: SHOW COLUMNS FROM `t_sale_operation_account` [ RunTime:0.0109s ]
SQL: SHOW COLUMNS FROM `t_sale_operation_menu` [ RunTime:0.0103s ]
SQL: SELECT `id`,`name`,`class`,`level`,`controller` FROM `t_sale_operation_menu` WHERE ( status = 1 and pid = 0 ) ORDER BY id desc  [ RunTime:0.0089s ]
SQL: SELECT * FROM `t_sale_operation_menu` WHERE ( pid = 37 and status = 1 )  [ RunTime:0.0090s ]
SQL: SELECT * FROM `t_sale_operation_menu` WHERE ( pid = 32 and status = 1 )  [ RunTime:0.0083s ]
SQL: SELECT * FROM `t_sale_operation_menu` WHERE ( pid = 11 and status = 1 )  [ RunTime:0.0076s ]
SQL: SELECT * FROM `t_sale_operation_menu` WHERE ( pid = 2 and status = 1 )  [ RunTime:0.0100s ]
SQL: SHOW COLUMNS FROM `t_sale_operation_auth_group_access` [ RunTime:0.0091s ]
SQL: SELECT `uid`,`group_id`,`title`,`rules` FROM t_sale_operation_auth_group_access a INNER JOIN t_sale_operation_auth_group g on a.group_id=g.id  WHERE ( a.uid='1' and g.status='1' )  [ RunTime:0.0087s ]
SQL: SHOW COLUMNS FROM `t_sale_operation_auth_rule` [ RunTime:0.0080s ]
SQL: SELECT `condition`,`name` FROM `t_sale_operation_auth_rule` WHERE `id` IN ('7','34','3','4','19','5','18','35','1','12','52','64','65','2','54','55','59','60','8','9','56','57','58','10','51','61','62','66') AND `status` = 1  [ RunTime:0.0101s ]
SQL: SHOW COLUMNS FROM `t_sale_operation_auth_group` [ RunTime:0.0098s ]
SQL: SELECT `id`,`title`,`status`,`remarks` FROM `t_sale_operation_auth_group` WHERE ( status = 1 )  [ RunTime:0.0095s ]

[ 2017-10-27T19:32:53+08:00 ] 127.0.0.1 /configure/usergroup/update/70
INFO: [ app_init ] --START--
INFO: Run Behavior\BuildLiteBehavior [ RunTime:0.000007s ]
INFO: [ app_init ] --END-- [ RunTime:0.000150s ]
INFO: [ app_begin ] --START--
INFO: Run Behavior\ReadHtmlCacheBehavior [ RunTime:0.000193s ]
INFO: [ app_begin ] --END-- [ RunTime:0.000216s ]
SQL: SHOW COLUMNS FROM `t_sale_operation_menu` [ RunTime:0.0109s ]
SQL: SHOW COLUMNS FROM `t_sale_operation_account` [ RunTime:0.0111s ]
SQL: SHOW COLUMNS FROM `t_sale_operation_menu` [ RunTime:0.0119s ]
SQL: SELECT `id`,`name`,`class`,`level`,`controller` FROM `t_sale_operation_menu` WHERE ( status = 1 and pid = 0 ) ORDER BY id desc  [ RunTime:0.0092s ]
SQL: SELECT * FROM `t_sale_operation_menu` WHERE ( pid = 37 and status = 1 )  [ RunTime:0.0094s ]
SQL: SELECT * FROM `t_sale_operation_menu` WHERE ( pid = 32 and status = 1 )  [ RunTime:0.0100s ]
SQL: SELECT * FROM `t_sale_operation_menu` WHERE ( pid = 11 and status = 1 )  [ RunTime:0.0084s ]
SQL: SELECT * FROM `t_sale_operation_menu` WHERE ( pid = 2 and status = 1 )  [ RunTime:0.0105s ]
SQL: SHOW COLUMNS FROM `t_sale_operation_auth_group_access` [ RunTime:0.0107s ]
SQL: SELECT `uid`,`group_id`,`title`,`rules` FROM t_sale_operation_auth_group_access a INNER JOIN t_sale_operation_auth_group g on a.group_id=g.id  WHERE ( a.uid='1' and g.status='1' )  [ RunTime:0.0086s ]
SQL: SHOW COLUMNS FROM `t_sale_operation_auth_rule` [ RunTime:0.0093s ]
SQL: SELECT `condition`,`name` FROM `t_sale_operation_auth_rule` WHERE `id` IN ('7','34','3','4','19','5','18','35','1','12','52','64','65','2','54','55','59','60','8','9','56','57','58','10','51','61','62','66') AND `status` = 1  [ RunTime:0.0110s ]
SQL: SHOW COLUMNS FROM `t_sale_operation_auth_rule` [ RunTime:0.0115s ]
SQL: SELECT * FROM `t_sale_operation_auth_rule` WHERE ( status=1 )  [ RunTime:0.0130s ]
SQL: SHOW COLUMNS FROM `t_sale_operation_auth_group` [ RunTime:0.0088s ]
SQL: SELECT * FROM `t_sale_operation_auth_group` WHERE ( id=70 ) LIMIT 1   [ RunTime:0.0099s ]
SQL: SELECT * FROM `t_sale_operation_auth_rule` ORDER BY id is null,id  [ RunTime:0.0103s ]
SQL: SHOW COLUMNS FROM `t_sale_operation_auth_group` [ RunTime:0.0105s ]
SQL: SELECT * FROM `t_sale_operation_auth_group` WHERE `id` = 70 LIMIT 1   [ RunTime:0.0088s ]
INFO: [ view_parse ] --START--
INFO: [ template_filter ] --START--
INFO: Run Behavior\ContentReplaceBehavior [ RunTime:0.000032s ]
INFO: [ template_filter ] --END-- [ RunTime:0.000054s ]
INFO: Run Behavior\ParseTemplateBehavior [ RunTime:0.007568s ]
INFO: [ view_parse ] --END-- [ RunTime:0.007594s ]
INFO: [ view_filter ] --START--
INFO: Run Behavior\WriteHtmlCacheBehavior [ RunTime:0.000070s ]
INFO: [ view_filter ] --END-- [ RunTime:0.000087s ]
INFO: [ app_end ] --START--
INFO: Run Behavior\ShowPageTraceBehavior [ RunTime:0.000304s ]
INFO: [ app_end ] --END-- [ RunTime:0.000323s ]

[ 2017-10-27T19:33:26+08:00 ] 127.0.0.1 /configure/usergroup
INFO: [ app_init ] --START--
INFO: Run Behavior\BuildLiteBehavior [ RunTime:0.000010s ]
INFO: [ app_init ] --END-- [ RunTime:0.000166s ]
INFO: [ app_begin ] --START--
INFO: Run Behavior\ReadHtmlCacheBehavior [ RunTime:0.000233s ]
INFO: [ app_begin ] --END-- [ RunTime:0.000256s ]
NOTIC: [8] Undefined offset: 3 /data/webdata/sale_operation_admin/Application/PeopleSoft/Library/BaseController.class.php 第 109 行.
SQL: SHOW COLUMNS FROM `t_sale_operation_menu` [ RunTime:0.0080s ]
SQL: SHOW COLUMNS FROM `t_sale_operation_account` [ RunTime:0.0084s ]
SQL: SHOW COLUMNS FROM `t_sale_operation_menu` [ RunTime:0.0081s ]
SQL: SELECT `id`,`name`,`class`,`level`,`controller` FROM `t_sale_operation_menu` WHERE ( status = 1 and pid = 0 ) ORDER BY id desc  [ RunTime:0.0082s ]
SQL: SELECT * FROM `t_sale_operation_menu` WHERE ( pid = 37 and status = 1 )  [ RunTime:0.0113s ]
SQL: SELECT * FROM `t_sale_operation_menu` WHERE ( pid = 32 and status = 1 )  [ RunTime:0.0102s ]
SQL: SELECT * FROM `t_sale_operation_menu` WHERE ( pid = 11 and status = 1 )  [ RunTime:0.0095s ]
SQL: SELECT * FROM `t_sale_operation_menu` WHERE ( pid = 2 and status = 1 )  [ RunTime:0.0082s ]
SQL: SHOW COLUMNS FROM `t_sale_operation_auth_group_access` [ RunTime:0.0081s ]
SQL: SELECT `uid`,`group_id`,`title`,`rules` FROM t_sale_operation_auth_group_access a INNER JOIN t_sale_operation_auth_group g on a.group_id=g.id  WHERE ( a.uid='1' and g.status='1' )  [ RunTime:0.0078s ]
SQL: SHOW COLUMNS FROM `t_sale_operation_auth_rule` [ RunTime:0.0082s ]
SQL: SELECT `condition`,`name` FROM `t_sale_operation_auth_rule` WHERE `id` IN ('7','34','3','4','19','5','18','35','1','12','52','64','65','2','54','55','59','60','8','9','56','57','58','10','51','61','62','66') AND `status` = 1  [ RunTime:0.0080s ]
NOTIC: [8] Undefined offset: 3 /data/webdata/sale_operation_admin/Application/PeopleSoft/Library/BaseController.class.php 第 109 行.
SQL: SHOW COLUMNS FROM `t_sale_operation_auth_group` [ RunTime:0.0082s ]
SQL: SELECT * FROM `t_sale_operation_auth_group` WHERE ( status = 1 )  [ RunTime:0.0079s ]
INFO: [ view_parse ] --START--
INFO: [ template_filter ] --START--
INFO: Run Behavior\ContentReplaceBehavior [ RunTime:0.000049s ]
INFO: [ template_filter ] --END-- [ RunTime:0.000086s ]
INFO: Run Behavior\ParseTemplateBehavior [ RunTime:0.006959s ]
INFO: [ view_parse ] --END-- [ RunTime:0.006988s ]
INFO: [ view_filter ] --START--
INFO: Run Behavior\WriteHtmlCacheBehavior [ RunTime:0.000097s ]
INFO: [ view_filter ] --END-- [ RunTime:0.000114s ]
INFO: [ app_end ] --START--
INFO: Run Behavior\ShowPageTraceBehavior [ RunTime:0.000371s ]
INFO: [ app_end ] --END-- [ RunTime:0.000395s ]

[ 2017-10-27T19:33:26+08:00 ] 127.0.0.1 /configure/usergroup/get
INFO: [ app_init ] --START--
INFO: Run Behavior\BuildLiteBehavior [ RunTime:0.000007s ]
INFO: [ app_init ] --END-- [ RunTime:0.000158s ]
INFO: [ app_begin ] --START--
INFO: Run Behavior\ReadHtmlCacheBehavior [ RunTime:0.000392s ]
INFO: [ app_begin ] --END-- [ RunTime:0.000421s ]
SQL: SHOW COLUMNS FROM `t_sale_operation_menu` [ RunTime:0.0081s ]
SQL: SHOW COLUMNS FROM `t_sale_operation_account` [ RunTime:0.0083s ]
SQL: SHOW COLUMNS FROM `t_sale_operation_menu` [ RunTime:0.0088s ]
SQL: SELECT `id`,`name`,`class`,`level`,`controller` FROM `t_sale_operation_menu` WHERE ( status = 1 and pid = 0 ) ORDER BY id desc  [ RunTime:0.0089s ]
SQL: SELECT * FROM `t_sale_operation_menu` WHERE ( pid = 37 and status = 1 )  [ RunTime:0.0073s ]
SQL: SELECT * FROM `t_sale_operation_menu` WHERE ( pid = 32 and status = 1 )  [ RunTime:0.0073s ]
SQL: SELECT * FROM `t_sale_operation_menu` WHERE ( pid = 11 and status = 1 )  [ RunTime:0.0077s ]
SQL: SELECT * FROM `t_sale_operation_menu` WHERE ( pid = 2 and status = 1 )  [ RunTime:0.0080s ]
SQL: SHOW COLUMNS FROM `t_sale_operation_auth_group_access` [ RunTime:0.0088s ]
SQL: SELECT `uid`,`group_id`,`title`,`rules` FROM t_sale_operation_auth_group_access a INNER JOIN t_sale_operation_auth_group g on a.group_id=g.id  WHERE ( a.uid='1' and g.status='1' )  [ RunTime:0.0080s ]
SQL: SHOW COLUMNS FROM `t_sale_operation_auth_rule` [ RunTime:0.0078s ]
SQL: SELECT `condition`,`name` FROM `t_sale_operation_auth_rule` WHERE `id` IN ('7','34','3','4','19','5','18','35','1','12','52','64','65','2','54','55','59','60','8','9','56','57','58','10','51','61','62','66') AND `status` = 1  [ RunTime:0.0083s ]
SQL: SHOW COLUMNS FROM `t_sale_operation_auth_group` [ RunTime:0.0079s ]
SQL: SELECT `id`,`title`,`status`,`remarks` FROM `t_sale_operation_auth_group` WHERE ( status = 1 )  [ RunTime:0.0084s ]

[ 2017-10-27T19:33:56+08:00 ] 127.0.0.1 /user/profile
INFO: [ app_init ] --START--
INFO: Run Behavior\BuildLiteBehavior [ RunTime:0.000010s ]
INFO: [ app_init ] --END-- [ RunTime:0.000234s ]
INFO: [ app_begin ] --START--
INFO: Run Behavior\ReadHtmlCacheBehavior [ RunTime:0.000196s ]
INFO: [ app_begin ] --END-- [ RunTime:0.000218s ]
SQL: SHOW COLUMNS FROM `t_sale_operation_account` [ RunTime:0.0069s ]
SQL: SHOW COLUMNS FROM `t_sale_operation_menu` [ RunTime:0.0083s ]
SQL: SELECT `id`,`name`,`class`,`level`,`controller` FROM `t_sale_operation_menu` WHERE ( status = 1 and pid = 0 ) ORDER BY id desc  [ RunTime:0.0079s ]
SQL: SELECT * FROM `t_sale_operation_menu` WHERE ( pid = 37 and status = 1 )  [ RunTime:0.0057s ]
SQL: SELECT * FROM `t_sale_operation_menu` WHERE ( pid = 32 and status = 1 )  [ RunTime:0.0079s ]
SQL: SELECT * FROM `t_sale_operation_menu` WHERE ( pid = 11 and status = 1 )  [ RunTime:0.0067s ]
SQL: SELECT * FROM `t_sale_operation_menu` WHERE ( pid = 2 and status = 1 )  [ RunTime:0.0103s ]
SQL: SHOW COLUMNS FROM `t_sale_operation_auth_group_access` [ RunTime:0.0063s ]
SQL: SELECT `uid`,`group_id`,`title`,`rules` FROM t_sale_operation_auth_group_access a INNER JOIN t_sale_operation_auth_group g on a.group_id=g.id  WHERE ( a.uid='1' and g.status='1' )  [ RunTime:0.0060s ]
SQL: SHOW COLUMNS FROM `t_sale_operation_auth_rule` [ RunTime:0.0059s ]
SQL: SELECT `condition`,`name` FROM `t_sale_operation_auth_rule` WHERE `id` IN ('7','34','3','4','19','5','18','35','1','12','52','64','65','2','54','55','59','60','8','9','56','57','58','10','51','61','62','66') AND `status` = 1  [ RunTime:0.0063s ]
NOTIC: [8] Undefined offset: 3 /data/webdata/sale_operation_admin/Application/PeopleSoft/Library/BaseController.class.php 第 109 行.
SQL: SHOW COLUMNS FROM `t_sale_operation_menu` [ RunTime:0.0068s ]
SQL: SHOW COLUMNS FROM `t_sale_operation_log` [ RunTime:0.0067s ]
SQL: SELECT * FROM `t_sale_operation_log` WHERE ( type = 1 and uid=1 ) ORDER BY create_at desc LIMIT 10   [ RunTime:0.0060s ]
SQL: SHOW COLUMNS FROM `t_sale_operation_auth_group` [ RunTime:0.0068s ]
SQL: SELECT * FROM `t_sale_operation_auth_group` INNER JOIN t_sale_operation_auth_group_access on t_sale_operation_auth_group.id = t_sale_operation_auth_group_access.group_id  WHERE ( t_sale_operation_auth_group_access.uid = 1 ) LIMIT 1   [ RunTime:0.0099s ]
SQL: SHOW COLUMNS FROM `t_sale_operation_account` [ RunTime:0.0067s ]
SQL: SELECT * FROM `t_sale_operation_account` LEFT JOIN t_sale_operation_auth_group_access ON t_sale_operation_account.fid = t_sale_operation_auth_group_access.uid  WHERE ( fid=1 ) LIMIT 1   [ RunTime:0.0085s ]
SQL: SELECT * FROM `t_sale_operation_log` WHERE ( type = 2 and uid=1 ) ORDER BY create_at desc LIMIT 10   [ RunTime:0.0071s ]
INFO: [ view_parse ] --START--
INFO: [ template_filter ] --START--
INFO: Run Behavior\ContentReplaceBehavior [ RunTime:0.000041s ]
INFO: [ template_filter ] --END-- [ RunTime:0.000107s ]
INFO: Run Behavior\ParseTemplateBehavior [ RunTime:0.008210s ]
INFO: [ view_parse ] --END-- [ RunTime:0.008252s ]
INFO: [ view_filter ] --START--
INFO: Run Behavior\WriteHtmlCacheBehavior [ RunTime:0.000101s ]
INFO: [ view_filter ] --END-- [ RunTime:0.000121s ]
INFO: [ app_end ] --START--
INFO: Run Behavior\ShowPageTraceBehavior [ RunTime:0.000351s ]
INFO: [ app_end ] --END-- [ RunTime:0.000384s ]

[ 2017-10-27T19:34:33+08:00 ] 127.0.0.1 /user/index.html
INFO: [ app_init ] --START--
INFO: Run Behavior\BuildLiteBehavior [ RunTime:0.000007s ]
INFO: [ app_init ] --END-- [ RunTime:0.000152s ]
INFO: [ app_begin ] --START--
INFO: Run Behavior\ReadHtmlCacheBehavior [ RunTime:0.000193s ]
INFO: [ app_begin ] --END-- [ RunTime:0.000215s ]
SQL: SHOW COLUMNS FROM `t_sale_operation_account` [ RunTime:0.0091s ]
SQL: SHOW COLUMNS FROM `t_sale_operation_menu` [ RunTime:0.0092s ]
SQL: SELECT `id`,`name`,`class`,`level`,`controller` FROM `t_sale_operation_menu` WHERE ( status = 1 and pid = 0 ) ORDER BY id desc  [ RunTime:0.0091s ]
SQL: SELECT * FROM `t_sale_operation_menu` WHERE ( pid = 37 and status = 1 )  [ RunTime:0.0080s ]
SQL: SELECT * FROM `t_sale_operation_menu` WHERE ( pid = 32 and status = 1 )  [ RunTime:0.0095s ]
SQL: SELECT * FROM `t_sale_operation_menu` WHERE ( pid = 11 and status = 1 )  [ RunTime:0.0082s ]
SQL: SELECT * FROM `t_sale_operation_menu` WHERE ( pid = 2 and status = 1 )  [ RunTime:0.0091s ]
SQL: SHOW COLUMNS FROM `t_sale_operation_auth_group_access` [ RunTime:0.0101s ]
SQL: SELECT `uid`,`group_id`,`title`,`rules` FROM t_sale_operation_auth_group_access a INNER JOIN t_sale_operation_auth_group g on a.group_id=g.id  WHERE ( a.uid='1' and g.status='1' )  [ RunTime:0.0133s ]
SQL: SHOW COLUMNS FROM `t_sale_operation_auth_rule` [ RunTime:0.0087s ]
SQL: SELECT `condition`,`name` FROM `t_sale_operation_auth_rule` WHERE `id` IN ('7','34','3','4','19','5','18','35','1','12','52','64','65','2','54','55','59','60','8','9','56','57','58','10','51','61','62','66') AND `status` = 1  [ RunTime:0.0112s ]
NOTIC: [8] Undefined offset: 3 /data/webdata/sale_operation_admin/Application/PeopleSoft/Library/BaseController.class.php 第 109 行.
INFO: [ view_parse ] --START--
INFO: [ template_filter ] --START--
INFO: Run Behavior\ContentReplaceBehavior [ RunTime:0.000021s ]
INFO: [ template_filter ] --END-- [ RunTime:0.000047s ]
INFO: Run Behavior\ParseTemplateBehavior [ RunTime:0.002675s ]
INFO: [ view_parse ] --END-- [ RunTime:0.002712s ]
INFO: [ view_filter ] --START--
INFO: Run Behavior\WriteHtmlCacheBehavior [ RunTime:0.000075s ]
INFO: [ view_filter ] --END-- [ RunTime:0.000091s ]

[ 2017-10-27T19:34:33+08:00 ] 127.0.0.1 /user/index.html
INFO: [ app_init ] --START--
INFO: Run Behavior\BuildLiteBehavior [ RunTime:0.000007s ]
INFO: [ app_init ] --END-- [ RunTime:0.000152s ]
INFO: [ app_begin ] --START--
INFO: Run Behavior\ReadHtmlCacheBehavior [ RunTime:0.000192s ]
INFO: [ app_begin ] --END-- [ RunTime:0.000213s ]
SQL: SHOW COLUMNS FROM `t_sale_operation_account` [ RunTime:0.0100s ]
SQL: SHOW COLUMNS FROM `t_sale_operation_menu` [ RunTime:0.0086s ]
SQL: SELECT `id`,`name`,`class`,`level`,`controller` FROM `t_sale_operation_menu` WHERE ( status = 1 and pid = 0 ) ORDER BY id desc  [ RunTime:0.0084s ]
SQL: SELECT * FROM `t_sale_operation_menu` WHERE ( pid = 37 and status = 1 )  [ RunTime:0.0072s ]
SQL: SELECT * FROM `t_sale_operation_menu` WHERE ( pid = 32 and status = 1 )  [ RunTime:0.0081s ]
SQL: SELECT * FROM `t_sale_operation_menu` WHERE ( pid = 11 and status = 1 )  [ RunTime:0.0082s ]
SQL: SELECT * FROM `t_sale_operation_menu` WHERE ( pid = 2 and status = 1 )  [ RunTime:0.0079s ]
SQL: SHOW COLUMNS FROM `t_sale_operation_auth_group_access` [ RunTime:0.0078s ]
SQL: SELECT `uid`,`group_id`,`title`,`rules` FROM t_sale_operation_auth_group_access a INNER JOIN t_sale_operation_auth_group g on a.group_id=g.id  WHERE ( a.uid='1' and g.status='1' )  [ RunTime:0.0085s ]
SQL: SHOW COLUMNS FROM `t_sale_operation_auth_rule` [ RunTime:0.0076s ]
SQL: SELECT `condition`,`name` FROM `t_sale_operation_auth_rule` WHERE `id` IN ('7','34','3','4','19','5','18','35','1','12','52','64','65','2','54','55','59','60','8','9','56','57','58','10','51','61','62','66') AND `status` = 1  [ RunTime:0.0161s ]
NOTIC: [8] Undefined offset: 3 /data/webdata/sale_operation_admin/Application/PeopleSoft/Library/BaseController.class.php 第 109 行.
INFO: [ view_parse ] --START--
INFO: [ template_filter ] --START--
INFO: Run Behavior\ContentReplaceBehavior [ RunTime:0.000021s ]
INFO: [ template_filter ] --END-- [ RunTime:0.000051s ]
INFO: Run Behavior\ParseTemplateBehavior [ RunTime:0.002969s ]
INFO: [ view_parse ] --END-- [ RunTime:0.003008s ]
INFO: [ view_filter ] --START--
INFO: Run Behavior\WriteHtmlCacheBehavior [ RunTime:0.000335s ]
INFO: [ view_filter ] --END-- [ RunTime:0.000382s ]

[ 2017-10-27T19:42:14+08:00 ] 127.0.0.1 /configure/auth
INFO: [ app_init ] --START--
INFO: Run Behavior\BuildLiteBehavior [ RunTime:0.000006s ]
INFO: [ app_init ] --END-- [ RunTime:0.000149s ]
INFO: [ app_begin ] --START--
INFO: Run Behavior\ReadHtmlCacheBehavior [ RunTime:0.000185s ]
INFO: [ app_begin ] --END-- [ RunTime:0.000206s ]
NOTIC: [8] Undefined offset: 3 /data/webdata/sale_operation_admin/Application/PeopleSoft/Library/BaseController.class.php 第 109 行.
SQL: SHOW COLUMNS FROM `t_sale_operation_menu` [ RunTime:0.0084s ]
SQL: SHOW COLUMNS FROM `t_sale_operation_account` [ RunTime:0.0073s ]
SQL: SHOW COLUMNS FROM `t_sale_operation_menu` [ RunTime:0.0075s ]
SQL: SELECT `id`,`name`,`class`,`level`,`controller` FROM `t_sale_operation_menu` WHERE ( status = 1 and pid = 0 ) ORDER BY id desc  [ RunTime:0.0068s ]
SQL: SELECT * FROM `t_sale_operation_menu` WHERE ( pid = 37 and status = 1 )  [ RunTime:0.0065s ]
SQL: SELECT * FROM `t_sale_operation_menu` WHERE ( pid = 32 and status = 1 )  [ RunTime:0.0063s ]
SQL: SELECT * FROM `t_sale_operation_menu` WHERE ( pid = 11 and status = 1 )  [ RunTime:0.0065s ]
SQL: SELECT * FROM `t_sale_operation_menu` WHERE ( pid = 2 and status = 1 )  [ RunTime:0.0070s ]
SQL: SHOW COLUMNS FROM `t_sale_operation_auth_group_access` [ RunTime:0.0075s ]
SQL: SELECT `uid`,`group_id`,`title`,`rules` FROM t_sale_operation_auth_group_access a INNER JOIN t_sale_operation_auth_group g on a.group_id=g.id  WHERE ( a.uid='1' and g.status='1' )  [ RunTime:0.0073s ]
SQL: SHOW COLUMNS FROM `t_sale_operation_auth_rule` [ RunTime:0.0064s ]
SQL: SELECT `condition`,`name` FROM `t_sale_operation_auth_rule` WHERE `id` IN ('7','34','3','4','19','5','18','35','1','12','52','64','65','2','54','55','59','60','8','9','56','57','58','10','51','61','62','66') AND `status` = 1  [ RunTime:0.0072s ]
NOTIC: [8] Undefined offset: 3 /data/webdata/sale_operation_admin/Application/PeopleSoft/Library/BaseController.class.php 第 109 行.
SQL: SHOW COLUMNS FROM `t_sale_operation_auth_rule` [ RunTime:0.0074s ]
SQL: SELECT * FROM `t_sale_operation_auth_rule` WHERE ( status=1 ) ORDER BY id is null,id  [ RunTime:0.0085s ]
INFO: [ view_parse ] --START--
INFO: [ template_filter ] --START--
INFO: Run Behavior\ContentReplaceBehavior [ RunTime:0.000052s ]
INFO: [ template_filter ] --END-- [ RunTime:0.000094s ]
INFO: Run Behavior\ParseTemplateBehavior [ RunTime:0.007299s ]
INFO: [ view_parse ] --END-- [ RunTime:0.007336s ]
INFO: [ view_filter ] --START--
INFO: Run Behavior\WriteHtmlCacheBehavior [ RunTime:0.000096s ]
INFO: [ view_filter ] --END-- [ RunTime:0.000113s ]
INFO: [ app_end ] --START--
INFO: Run Behavior\ShowPageTraceBehavior [ RunTime:0.000352s ]
INFO: [ app_end ] --END-- [ RunTime:0.000378s ]

[ 2017-10-27T19:42:17+08:00 ] 127.0.0.1 /user/profile
INFO: [ app_init ] --START--
INFO: Run Behavior\BuildLiteBehavior [ RunTime:0.000007s ]
INFO: [ app_init ] --END-- [ RunTime:0.000147s ]
INFO: [ app_begin ] --START--
INFO: Run Behavior\ReadHtmlCacheBehavior [ RunTime:0.000185s ]
INFO: [ app_begin ] --END-- [ RunTime:0.000206s ]
SQL: SHOW COLUMNS FROM `t_sale_operation_account` [ RunTime:0.0096s ]
SQL: SHOW COLUMNS FROM `t_sale_operation_menu` [ RunTime:0.0076s ]
SQL: SELECT `id`,`name`,`class`,`level`,`controller` FROM `t_sale_operation_menu` WHERE ( status = 1 and pid = 0 ) ORDER BY id desc  [ RunTime:0.0093s ]
SQL: SELECT * FROM `t_sale_operation_menu` WHERE ( pid = 37 and status = 1 )  [ RunTime:0.0074s ]
SQL: SELECT * FROM `t_sale_operation_menu` WHERE ( pid = 32 and status = 1 )  [ RunTime:0.0071s ]
SQL: SELECT * FROM `t_sale_operation_menu` WHERE ( pid = 11 and status = 1 )  [ RunTime:0.0082s ]
SQL: SELECT * FROM `t_sale_operation_menu` WHERE ( pid = 2 and status = 1 )  [ RunTime:0.0079s ]
SQL: SHOW COLUMNS FROM `t_sale_operation_auth_group_access` [ RunTime:0.0077s ]
SQL: SELECT `uid`,`group_id`,`title`,`rules` FROM t_sale_operation_auth_group_access a INNER JOIN t_sale_operation_auth_group g on a.group_id=g.id  WHERE ( a.uid='1' and g.status='1' )  [ RunTime:0.0071s ]
SQL: SHOW COLUMNS FROM `t_sale_operation_auth_rule` [ RunTime:0.0075s ]
SQL: SELECT `condition`,`name` FROM `t_sale_operation_auth_rule` WHERE `id` IN ('7','34','3','4','19','5','18','35','1','12','52','64','65','2','54','55','59','60','8','9','56','57','58','10','51','61','62','66') AND `status` = 1  [ RunTime:0.0078s ]
NOTIC: [8] Undefined offset: 3 /data/webdata/sale_operation_admin/Application/PeopleSoft/Library/BaseController.class.php 第 109 行.
SQL: SHOW COLUMNS FROM `t_sale_operation_menu` [ RunTime:0.0089s ]
SQL: SHOW COLUMNS FROM `t_sale_operation_log` [ RunTime:0.0072s ]
SQL: SELECT * FROM `t_sale_operation_log` WHERE ( type = 1 and uid=1 ) ORDER BY create_at desc LIMIT 10   [ RunTime:0.0076s ]
SQL: SHOW COLUMNS FROM `t_sale_operation_auth_group` [ RunTime:0.0083s ]
SQL: SELECT * FROM `t_sale_operation_auth_group` INNER JOIN t_sale_operation_auth_group_access on t_sale_operation_auth_group.id = t_sale_operation_auth_group_access.group_id  WHERE ( t_sale_operation_auth_group_access.uid = 1 ) LIMIT 1   [ RunTime:0.0075s ]
SQL: SHOW COLUMNS FROM `t_sale_operation_account` [ RunTime:0.0079s ]
SQL: SELECT * FROM `t_sale_operation_account` LEFT JOIN t_sale_operation_auth_group_access ON t_sale_operation_account.fid = t_sale_operation_auth_group_access.uid  WHERE ( fid=1 ) LIMIT 1   [ RunTime:0.0075s ]
SQL: SELECT * FROM `t_sale_operation_log` WHERE ( type = 2 and uid=1 ) ORDER BY create_at desc LIMIT 10   [ RunTime:0.0088s ]
INFO: [ view_parse ] --START--
INFO: [ template_filter ] --START--
INFO: Run Behavior\ContentReplaceBehavior [ RunTime:0.000040s ]
INFO: [ template_filter ] --END-- [ RunTime:0.000081s ]
INFO: Run Behavior\ParseTemplateBehavior [ RunTime:0.008487s ]
INFO: [ view_parse ] --END-- [ RunTime:0.008536s ]
INFO: [ view_filter ] --START--
INFO: Run Behavior\WriteHtmlCacheBehavior [ RunTime:0.000142s ]
INFO: [ view_filter ] --END-- [ RunTime:0.000167s ]
INFO: [ app_end ] --START--
INFO: Run Behavior\ShowPageTraceBehavior [ RunTime:0.000367s ]
INFO: [ app_end ] --END-- [ RunTime:0.000402s ]

